[0.037s] Invoking command in '/home/ofird/bumperbot_ws/src/build/bumperbot_description': CMAKE_PREFIX_PATH=${CMAKE_PREFIX_PATH}:/opt/ros/jazzy DEBUGINFOD_URLS=https://debuginfod.ubuntu.com /usr/bin/cmake --build /home/ofird/bumperbot_ws/src/build/bumperbot_description -- -j8 -l8
[0.095s] -- Found ament_cmake: 2.5.4 (/opt/ros/jazzy/share/ament_cmake/cmake)
[0.699s] -- Found ament_lint_auto: 0.17.2 (/opt/ros/jazzy/share/ament_lint_auto/cmake)
[0.939s] -- Added test 'lint_cmake' to check CMake code style
[0.941s] -- Added test 'xmllint' to check XML markup files
[0.943s] -- Configuring done (0.9s)
[0.951s] -- Generating done (0.0s)
[0.956s] -- Build files have been written to: /home/ofird/bumperbot_ws/src/build/bumperbot_description
[1.006s] Invoked command in '/home/ofird/bumperbot_ws/src/build/bumperbot_description' returned '0': CMAKE_PREFIX_PATH=${CMAKE_PREFIX_PATH}:/opt/ros/jazzy DEBUGINFOD_URLS=https://debuginfod.ubuntu.com /usr/bin/cmake --build /home/ofird/bumperbot_ws/src/build/bumperbot_description -- -j8 -l8
[1.009s] Invoking command in '/home/ofird/bumperbot_ws/src/build/bumperbot_description': CMAKE_PREFIX_PATH=${CMAKE_PREFIX_PATH}:/opt/ros/jazzy DEBUGINFOD_URLS=https://debuginfod.ubuntu.com /usr/bin/cmake --install /home/ofird/bumperbot_ws/src/build/bumperbot_description
[1.028s] -- Install configuration: ""
[1.028s] -- Up-to-date: /home/ofird/bumperbot_ws/src/install/bumperbot_description/share/ament_index/resource_index/package_run_dependencies/bumperbot_description
[1.028s] -- Up-to-date: /home/ofird/bumperbot_ws/src/install/bumperbot_description/share/ament_index/resource_index/parent_prefix_path/bumperbot_description
[1.028s] -- Up-to-date: /home/ofird/bumperbot_ws/src/install/bumperbot_description/share/bumperbot_description/environment/ament_prefix_path.sh
[1.029s] -- Up-to-date: /home/ofird/bumperbot_ws/src/install/bumperbot_description/share/bumperbot_description/environment/ament_prefix_path.dsv
[1.029s] -- Up-to-date: /home/ofird/bumperbot_ws/src/install/bumperbot_description/share/bumperbot_description/environment/path.sh
[1.029s] -- Up-to-date: /home/ofird/bumperbot_ws/src/install/bumperbot_description/share/bumperbot_description/environment/path.dsv
[1.029s] -- Up-to-date: /home/ofird/bumperbot_ws/src/install/bumperbot_description/share/bumperbot_description/local_setup.bash
[1.030s] -- Up-to-date: /home/ofird/bumperbot_ws/src/install/bumperbot_description/share/bumperbot_description/local_setup.sh
[1.030s] -- Up-to-date: /home/ofird/bumperbot_ws/src/install/bumperbot_description/share/bumperbot_description/local_setup.zsh
[1.030s] -- Up-to-date: /home/ofird/bumperbot_ws/src/install/bumperbot_description/share/bumperbot_description/local_setup.dsv
[1.030s] -- Up-to-date: /home/ofird/bumperbot_ws/src/install/bumperbot_description/share/bumperbot_description/package.dsv
[1.030s] -- Up-to-date: /home/ofird/bumperbot_ws/src/install/bumperbot_description/share/ament_index/resource_index/packages/bumperbot_description
[1.030s] -- Up-to-date: /home/ofird/bumperbot_ws/src/install/bumperbot_description/share/bumperbot_description/cmake/bumperbot_descriptionConfig.cmake
[1.031s] -- Up-to-date: /home/ofird/bumperbot_ws/src/install/bumperbot_description/share/bumperbot_description/cmake/bumperbot_descriptionConfig-version.cmake
[1.031s] -- Installing: /home/ofird/bumperbot_ws/src/install/bumperbot_description/share/bumperbot_description/package.xml
[1.035s] Invoked command in '/home/ofird/bumperbot_ws/src/build/bumperbot_description' returned '0': CMAKE_PREFIX_PATH=${CMAKE_PREFIX_PATH}:/opt/ros/jazzy DEBUGINFOD_URLS=https://debuginfod.ubuntu.com /usr/bin/cmake --install /home/ofird/bumperbot_ws/src/build/bumperbot_description
