[0.060s] Invoking command in '/home/ofird/bumperbot_ws/build/bumperbot_description': CMAKE_PREFIX_PATH=${CMAKE_PREFIX_PATH}:/opt/ros/jazzy DEBUGINFOD_URLS=https://debuginfod.ubuntu.com /usr/bin/cmake --build /home/ofird/bumperbot_ws/build/bumperbot_description -- -j8 -l8
[0.257s] Invoked command in '/home/ofird/bumperbot_ws/build/bumperbot_description' returned '0': CMAKE_PREFIX_PATH=${CMAKE_PREFIX_PATH}:/opt/ros/jazzy DEBUGINFOD_URLS=https://debuginfod.ubuntu.com /usr/bin/cmake --build /home/ofird/bumperbot_ws/build/bumperbot_description -- -j8 -l8
[0.303s] Invoking command in '/home/ofird/bumperbot_ws/build/bumperbot_description': CMAKE_PREFIX_PATH=${CMAKE_PREFIX_PATH}:/opt/ros/jazzy DEBUGINFOD_URLS=https://debuginfod.ubuntu.com /usr/bin/cmake --install /home/ofird/bumperbot_ws/build/bumperbot_description
[0.337s] -- Install configuration: ""
[0.341s] -- Up-to-date: /home/ofird/bumperbot_ws/install/bumperbot_description/share/bumperbot_description/launch
[0.341s] -- Up-to-date: /home/ofird/bumperbot_ws/install/bumperbot_description/share/bumperbot_description/launch/display.launch.py
[0.346s] -- Up-to-date: /home/ofird/bumperbot_ws/install/bumperbot_description/share/bumperbot_description/launch/gazebo.launch.py
[0.346s] -- Up-to-date: /home/ofird/bumperbot_ws/install/bumperbot_description/share/bumperbot_description/meshes
[0.347s] -- Up-to-date: /home/ofird/bumperbot_ws/install/bumperbot_description/share/bumperbot_description/meshes/imu_link.STL
[0.347s] -- Up-to-date: /home/ofird/bumperbot_ws/install/bumperbot_description/share/bumperbot_description/meshes/wheel_right_link.STL
[0.347s] -- Up-to-date: /home/ofird/bumperbot_ws/install/bumperbot_description/share/bumperbot_description/meshes/can.STL
[0.348s] -- Up-to-date: /home/ofird/bumperbot_ws/install/bumperbot_description/share/bumperbot_description/meshes/base_link.STL
[0.348s] -- Up-to-date: /home/ofird/bumperbot_ws/install/bumperbot_description/share/bumperbot_description/meshes/caster_front_link.STL
[0.348s] -- Up-to-date: /home/ofird/bumperbot_ws/install/bumperbot_description/share/bumperbot_description/meshes/wheel_left_link.STL
[0.349s] -- Up-to-date: /home/ofird/bumperbot_ws/install/bumperbot_description/share/bumperbot_description/meshes/caster_rear_link.STL
[0.349s] -- Up-to-date: /home/ofird/bumperbot_ws/install/bumperbot_description/share/bumperbot_description/urdf
[0.350s] -- Up-to-date: /home/ofird/bumperbot_ws/install/bumperbot_description/share/bumperbot_description/urdf/bumperbot_gazebo.xacro
[0.350s] -- Installing: /home/ofird/bumperbot_ws/install/bumperbot_description/share/bumperbot_description/urdf/bumperbot.urdf.xacro
[0.350s] -- Up-to-date: /home/ofird/bumperbot_ws/install/bumperbot_description/share/bumperbot_description/urdf/bumperbot_ros2_control.xacro
[0.351s] -- Up-to-date: /home/ofird/bumperbot_ws/install/bumperbot_description/share/bumperbot_description/rviz
[0.354s] -- Up-to-date: /home/ofird/bumperbot_ws/install/bumperbot_description/share/bumperbot_description/rviz/display.rviz
[0.354s] -- Up-to-date: /home/ofird/bumperbot_ws/install/bumperbot_description/share/ament_index/resource_index/package_run_dependencies/bumperbot_description
[0.355s] -- Up-to-date: /home/ofird/bumperbot_ws/install/bumperbot_description/share/ament_index/resource_index/parent_prefix_path/bumperbot_description
[0.356s] -- Up-to-date: /home/ofird/bumperbot_ws/install/bumperbot_description/share/bumperbot_description/environment/ament_prefix_path.sh
[0.358s] -- Up-to-date: /home/ofird/bumperbot_ws/install/bumperbot_description/share/bumperbot_description/environment/ament_prefix_path.dsv
[0.359s] -- Up-to-date: /home/ofird/bumperbot_ws/install/bumperbot_description/share/bumperbot_description/environment/path.sh
[0.360s] -- Up-to-date: /home/ofird/bumperbot_ws/install/bumperbot_description/share/bumperbot_description/environment/path.dsv
[0.361s] -- Up-to-date: /home/ofird/bumperbot_ws/install/bumperbot_description/share/bumperbot_description/local_setup.bash
[0.361s] -- Up-to-date: /home/ofird/bumperbot_ws/install/bumperbot_description/share/bumperbot_description/local_setup.sh
[0.362s] -- Up-to-date: /home/ofird/bumperbot_ws/install/bumperbot_description/share/bumperbot_description/local_setup.zsh
[0.362s] -- Up-to-date: /home/ofird/bumperbot_ws/install/bumperbot_description/share/bumperbot_description/local_setup.dsv
[0.365s] -- Up-to-date: /home/ofird/bumperbot_ws/install/bumperbot_description/share/bumperbot_description/package.dsv
[0.365s] -- Up-to-date: /home/ofird/bumperbot_ws/install/bumperbot_description/share/ament_index/resource_index/packages/bumperbot_description
[0.366s] -- Up-to-date: /home/ofird/bumperbot_ws/install/bumperbot_description/share/bumperbot_description/cmake/bumperbot_descriptionConfig.cmake
[0.366s] -- Up-to-date: /home/ofird/bumperbot_ws/install/bumperbot_description/share/bumperbot_description/cmake/bumperbot_descriptionConfig-version.cmake
[0.367s] -- Up-to-date: /home/ofird/bumperbot_ws/install/bumperbot_description/share/bumperbot_description/package.xml
[0.367s] Invoked command in '/home/ofird/bumperbot_ws/build/bumperbot_description' returned '0': CMAKE_PREFIX_PATH=${CMAKE_PREFIX_PATH}:/opt/ros/jazzy DEBUGINFOD_URLS=https://debuginfod.ubuntu.com /usr/bin/cmake --install /home/ofird/bumperbot_ws/build/bumperbot_description
