[0.058s] Invoking command in '/home/ofird/bumperbot_ws/build/bumperbot_controller': CMAKE_PREFIX_PATH=${CMAKE_PREFIX_PATH}:/opt/ros/jazzy DEBUGINFOD_URLS=https://debuginfod.ubuntu.com /usr/bin/cmake --build /home/ofird/bumperbot_ws/build/bumperbot_controller -- -j8 -l8
[0.341s] [100%] Built target simple_controller
[0.352s] [100%] Built target ament_cmake_python_copy_bumperbot_controller
[1.669s] running egg_info
[1.790s] writing bumperbot_controller.egg-info/PKG-INFO
[1.794s] writing dependency_links to bumperbot_controller.egg-info/dependency_links.txt
[1.794s] writing top-level names to bumperbot_controller.egg-info/top_level.txt
[2.159s] reading manifest file 'bumperbot_controller.egg-info/SOURCES.txt'
[2.165s] writing manifest file 'bumperbot_controller.egg-info/SOURCES.txt'
[2.287s] [100%] Built target ament_cmake_python_build_bumperbot_controller_egg
[2.383s] Invoked command in '/home/ofird/bumperbot_ws/build/bumperbot_controller' returned '0': CMAKE_PREFIX_PATH=${CMAKE_PREFIX_PATH}:/opt/ros/jazzy DEBUGINFOD_URLS=https://debuginfod.ubuntu.com /usr/bin/cmake --build /home/ofird/bumperbot_ws/build/bumperbot_controller -- -j8 -l8
[2.395s] Invoking command in '/home/ofird/bumperbot_ws/build/bumperbot_controller': CMAKE_PREFIX_PATH=${CMAKE_PREFIX_PATH}:/opt/ros/jazzy DEBUGINFOD_URLS=https://debuginfod.ubuntu.com /usr/bin/cmake --install /home/ofird/bumperbot_ws/build/bumperbot_controller
[2.427s] -- Install configuration: ""
[2.429s] -- Up-to-date: /home/ofird/bumperbot_ws/install/bumperbot_controller/share/bumperbot_controller/environment/pythonpath.sh
[2.429s] -- Up-to-date: /home/ofird/bumperbot_ws/install/bumperbot_controller/share/bumperbot_controller/environment/pythonpath.dsv
[2.429s] -- Up-to-date: /home/ofird/bumperbot_ws/install/bumperbot_controller/lib/python3.12/site-packages/bumperbot_controller-0.0.0-py3.12.egg-info
[2.430s] -- Installing: /home/ofird/bumperbot_ws/install/bumperbot_controller/lib/python3.12/site-packages/bumperbot_controller-0.0.0-py3.12.egg-info/top_level.txt
[2.430s] -- Installing: /home/ofird/bumperbot_ws/install/bumperbot_controller/lib/python3.12/site-packages/bumperbot_controller-0.0.0-py3.12.egg-info/SOURCES.txt
[2.430s] -- Installing: /home/ofird/bumperbot_ws/install/bumperbot_controller/lib/python3.12/site-packages/bumperbot_controller-0.0.0-py3.12.egg-info/PKG-INFO
[2.452s] -- Installing: /home/ofird/bumperbot_ws/install/bumperbot_controller/lib/python3.12/site-packages/bumperbot_controller-0.0.0-py3.12.egg-info/dependency_links.txt
[2.452s] -- Up-to-date: /home/ofird/bumperbot_ws/install/bumperbot_controller/lib/python3.12/site-packages/bumperbot_controller
[2.453s] -- Up-to-date: /home/ofird/bumperbot_ws/install/bumperbot_controller/lib/python3.12/site-packages/bumperbot_controller/__init__.py
[2.458s] -- Up-to-date: /home/ofird/bumperbot_ws/install/bumperbot_controller/lib/python3.12/site-packages/bumperbot_controller/simple_controller.py
[2.694s] Listing '/home/ofird/bumperbot_ws/install/bumperbot_controller/lib/python3.12/site-packages/bumperbot_controller'...
[2.721s] -- Up-to-date: /home/ofird/bumperbot_ws/install/bumperbot_controller/include/include
[2.722s] -- Up-to-date: /home/ofird/bumperbot_ws/install/bumperbot_controller/include/include/bumperbot_controller
[2.723s] -- Up-to-date: /home/ofird/bumperbot_ws/install/bumperbot_controller/include/include/bumperbot_controller/simple_controller.hpp
[2.724s] -- Up-to-date: /home/ofird/bumperbot_ws/install/bumperbot_controller/lib/bumperbot_controller/simple_controller
[2.730s] -- Up-to-date: /home/ofird/bumperbot_ws/install/bumperbot_controller/share/bumperbot_controller/launch
[2.733s] -- Up-to-date: /home/ofird/bumperbot_ws/install/bumperbot_controller/share/bumperbot_controller/launch/joystick_teleop.launch.py
[2.735s] -- Up-to-date: /home/ofird/bumperbot_ws/install/bumperbot_controller/share/bumperbot_controller/launch/controller.launch.py
[2.736s] -- Up-to-date: /home/ofird/bumperbot_ws/install/bumperbot_controller/share/bumperbot_controller/config
[2.736s] -- Up-to-date: /home/ofird/bumperbot_ws/install/bumperbot_controller/share/bumperbot_controller/config/bumperbot_controllers.yaml
[2.737s] -- Up-to-date: /home/ofird/bumperbot_ws/install/bumperbot_controller/share/bumperbot_controller/config/joy_teleop.yaml
[2.737s] -- Up-to-date: /home/ofird/bumperbot_ws/install/bumperbot_controller/share/bumperbot_controller/config/joy_config.yaml
[2.744s] -- Up-to-date: /home/ofird/bumperbot_ws/install/bumperbot_controller/lib/bumperbot_controller/simple_controller.py
[2.745s] -- Up-to-date: /home/ofird/bumperbot_ws/install/bumperbot_controller/share/ament_index/resource_index/package_run_dependencies/bumperbot_controller
[2.745s] -- Up-to-date: /home/ofird/bumperbot_ws/install/bumperbot_controller/share/ament_index/resource_index/parent_prefix_path/bumperbot_controller
[2.745s] -- Up-to-date: /home/ofird/bumperbot_ws/install/bumperbot_controller/share/bumperbot_controller/environment/ament_prefix_path.sh
[2.748s] -- Up-to-date: /home/ofird/bumperbot_ws/install/bumperbot_controller/share/bumperbot_controller/environment/ament_prefix_path.dsv
[2.761s] -- Up-to-date: /home/ofird/bumperbot_ws/install/bumperbot_controller/share/bumperbot_controller/environment/path.sh
[2.765s] -- Up-to-date: /home/ofird/bumperbot_ws/install/bumperbot_controller/share/bumperbot_controller/environment/path.dsv
[2.765s] -- Up-to-date: /home/ofird/bumperbot_ws/install/bumperbot_controller/share/bumperbot_controller/local_setup.bash
[2.766s] -- Up-to-date: /home/ofird/bumperbot_ws/install/bumperbot_controller/share/bumperbot_controller/local_setup.sh
[2.766s] -- Up-to-date: /home/ofird/bumperbot_ws/install/bumperbot_controller/share/bumperbot_controller/local_setup.zsh
[2.767s] -- Up-to-date: /home/ofird/bumperbot_ws/install/bumperbot_controller/share/bumperbot_controller/local_setup.dsv
[2.767s] -- Installing: /home/ofird/bumperbot_ws/install/bumperbot_controller/share/bumperbot_controller/package.dsv
[2.777s] -- Up-to-date: /home/ofird/bumperbot_ws/install/bumperbot_controller/share/ament_index/resource_index/packages/bumperbot_controller
[2.777s] -- Up-to-date: /home/ofird/bumperbot_ws/install/bumperbot_controller/share/bumperbot_controller/cmake/bumperbot_controllerConfig.cmake
[2.777s] -- Up-to-date: /home/ofird/bumperbot_ws/install/bumperbot_controller/share/bumperbot_controller/cmake/bumperbot_controllerConfig-version.cmake
[2.778s] -- Up-to-date: /home/ofird/bumperbot_ws/install/bumperbot_controller/share/bumperbot_controller/package.xml
[2.790s] Invoked command in '/home/ofird/bumperbot_ws/build/bumperbot_controller' returned '0': CMAKE_PREFIX_PATH=${CMAKE_PREFIX_PATH}:/opt/ros/jazzy DEBUGINFOD_URLS=https://debuginfod.ubuntu.com /usr/bin/cmake --install /home/ofird/bumperbot_ws/build/bumperbot_controller
