[0.502s] DEBUG:colcon:Command line arguments: ['/usr/bin/colcon', 'build']
[0.502s] DEBUG:colcon:Parsed command line arguments: Namespace(log_base=None, log_level=None, verb_name='build', build_base='build', install_base='install', merge_install=False, symlink_install=False, test_result_base=None, continue_on_error=False, executor='parallel', parallel_workers=8, event_handlers=None, ignore_user_meta=False, metas=['./colcon.meta'], base_paths=['.'], packages_ignore=None, packages_ignore_regex=None, paths=None, packages_up_to=None, packages_up_to_regex=None, packages_above=None, packages_above_and_dependencies=None, packages_above_depth=None, packages_select_by_dep=None, packages_skip_by_dep=None, packages_skip_up_to=None, packages_select_build_failed=False, packages_skip_build_finished=False, packages_select_test_failures=False, packages_skip_test_passed=False, packages_select=None, packages_skip=None, packages_select_regex=None, packages_skip_regex=None, packages_start=None, packages_end=None, allow_overriding=[], cmake_args=None, cmake_target=None, cmake_target_skip_unavailable=False, cmake_clean_cache=False, cmake_clean_first=False, cmake_force_configure=False, ament_cmake_args=None, catkin_cmake_args=None, catkin_skip_building_tests=False, mixin_files=None, mixin=None, verb_parser=<colcon_mixin.mixin.mixin_argument.MixinArgumentDecorator object at 0x7b896daa4890>, verb_extension=<colcon_core.verb.build.BuildVerb object at 0x7b896da23b30>, main=<bound method BuildVerb.main of <colcon_core.verb.build.BuildVerb object at 0x7b896da23b30>>, mixin_verb=('build',))
[0.713s] Level 1:colcon.colcon_core.package_discovery:discover_packages(colcon_meta) check parameters
[0.714s] Level 1:colcon.colcon_core.package_discovery:discover_packages(recursive) check parameters
[0.714s] Level 1:colcon.colcon_core.package_discovery:discover_packages(ignore) check parameters
[0.714s] Level 1:colcon.colcon_core.package_discovery:discover_packages(path) check parameters
[0.714s] Level 1:colcon.colcon_core.package_discovery:discover_packages(colcon_meta) discover
[0.714s] Level 1:colcon.colcon_core.package_discovery:discover_packages(recursive) discover
[0.715s] INFO:colcon.colcon_core.package_discovery:Crawling recursively for packages in '/home/ofird/bumperbot_ws'
[0.715s] Level 1:colcon.colcon_core.package_identification:_identify(.) by extensions ['ignore', 'ignore_ament_install']
[0.715s] Level 1:colcon.colcon_core.package_identification:_identify(.) by extension 'ignore'
[0.716s] Level 1:colcon.colcon_core.package_identification:_identify(.) by extension 'ignore_ament_install'
[0.716s] Level 1:colcon.colcon_core.package_identification:_identify(.) by extensions ['colcon_pkg']
[0.716s] Level 1:colcon.colcon_core.package_identification:_identify(.) by extension 'colcon_pkg'
[0.716s] Level 1:colcon.colcon_core.package_identification:_identify(.) by extensions ['colcon_meta']
[0.716s] Level 1:colcon.colcon_core.package_identification:_identify(.) by extension 'colcon_meta'
[0.716s] Level 1:colcon.colcon_core.package_identification:_identify(.) by extensions ['ros']
[0.717s] Level 1:colcon.colcon_core.package_identification:_identify(.) by extension 'ros'
[0.826s] Level 1:colcon.colcon_core.package_identification:_identify(.) by extensions ['cmake', 'python']
[0.826s] Level 1:colcon.colcon_core.package_identification:_identify(.) by extension 'cmake'
[0.826s] Level 1:colcon.colcon_core.package_identification:_identify(.) by extension 'python'
[0.827s] Level 1:colcon.colcon_core.package_identification:_identify(.) by extensions ['python_setup_py']
[0.827s] Level 1:colcon.colcon_core.package_identification:_identify(.) by extension 'python_setup_py'
[0.827s] Level 1:colcon.colcon_core.package_identification:_identify(build) by extensions ['ignore', 'ignore_ament_install']
[0.827s] Level 1:colcon.colcon_core.package_identification:_identify(build) by extension 'ignore'
[0.828s] Level 1:colcon.colcon_core.package_identification:_identify(build) ignored
[0.828s] Level 1:colcon.colcon_core.package_identification:_identify(install) by extensions ['ignore', 'ignore_ament_install']
[0.829s] Level 1:colcon.colcon_core.package_identification:_identify(install) by extension 'ignore'
[0.829s] Level 1:colcon.colcon_core.package_identification:_identify(install) ignored
[0.829s] Level 1:colcon.colcon_core.package_identification:_identify(log) by extensions ['ignore', 'ignore_ament_install']
[0.829s] Level 1:colcon.colcon_core.package_identification:_identify(log) by extension 'ignore'
[0.830s] Level 1:colcon.colcon_core.package_identification:_identify(log) ignored
[0.830s] Level 1:colcon.colcon_core.package_identification:_identify(src) by extensions ['ignore', 'ignore_ament_install']
[0.830s] Level 1:colcon.colcon_core.package_identification:_identify(src) by extension 'ignore'
[0.831s] Level 1:colcon.colcon_core.package_identification:_identify(src) by extension 'ignore_ament_install'
[0.831s] Level 1:colcon.colcon_core.package_identification:_identify(src) by extensions ['colcon_pkg']
[0.831s] Level 1:colcon.colcon_core.package_identification:_identify(src) by extension 'colcon_pkg'
[0.831s] Level 1:colcon.colcon_core.package_identification:_identify(src) by extensions ['colcon_meta']
[0.831s] Level 1:colcon.colcon_core.package_identification:_identify(src) by extension 'colcon_meta'
[0.831s] Level 1:colcon.colcon_core.package_identification:_identify(src) by extensions ['ros']
[0.831s] Level 1:colcon.colcon_core.package_identification:_identify(src) by extension 'ros'
[0.832s] Level 1:colcon.colcon_core.package_identification:_identify(src) by extensions ['cmake', 'python']
[0.832s] Level 1:colcon.colcon_core.package_identification:_identify(src) by extension 'cmake'
[0.832s] Level 1:colcon.colcon_core.package_identification:_identify(src) by extension 'python'
[0.832s] Level 1:colcon.colcon_core.package_identification:_identify(src) by extensions ['python_setup_py']
[0.832s] Level 1:colcon.colcon_core.package_identification:_identify(src) by extension 'python_setup_py'
[0.833s] Level 1:colcon.colcon_core.package_identification:_identify(src/build) by extensions ['ignore', 'ignore_ament_install']
[0.833s] Level 1:colcon.colcon_core.package_identification:_identify(src/build) by extension 'ignore'
[0.833s] Level 1:colcon.colcon_core.package_identification:_identify(src/build) ignored
[0.834s] Level 1:colcon.colcon_core.package_identification:_identify(src/bumperbot_controller) by extensions ['ignore', 'ignore_ament_install']
[0.834s] Level 1:colcon.colcon_core.package_identification:_identify(src/bumperbot_controller) by extension 'ignore'
[0.834s] Level 1:colcon.colcon_core.package_identification:_identify(src/bumperbot_controller) by extension 'ignore_ament_install'
[0.834s] Level 1:colcon.colcon_core.package_identification:_identify(src/bumperbot_controller) by extensions ['colcon_pkg']
[0.835s] Level 1:colcon.colcon_core.package_identification:_identify(src/bumperbot_controller) by extension 'colcon_pkg'
[0.835s] Level 1:colcon.colcon_core.package_identification:_identify(src/bumperbot_controller) by extensions ['colcon_meta']
[0.835s] Level 1:colcon.colcon_core.package_identification:_identify(src/bumperbot_controller) by extension 'colcon_meta'
[0.835s] Level 1:colcon.colcon_core.package_identification:_identify(src/bumperbot_controller) by extensions ['ros']
[0.835s] Level 1:colcon.colcon_core.package_identification:_identify(src/bumperbot_controller) by extension 'ros'
[0.846s] DEBUG:colcon.colcon_core.package_identification:Package 'src/bumperbot_controller' with type 'ros.ament_cmake' and name 'bumperbot_controller'
[0.847s] Level 1:colcon.colcon_core.package_identification:_identify(src/bumperbot_cpp_examples) by extensions ['ignore', 'ignore_ament_install']
[0.847s] Level 1:colcon.colcon_core.package_identification:_identify(src/bumperbot_cpp_examples) by extension 'ignore'
[0.847s] Level 1:colcon.colcon_core.package_identification:_identify(src/bumperbot_cpp_examples) by extension 'ignore_ament_install'
[0.848s] Level 1:colcon.colcon_core.package_identification:_identify(src/bumperbot_cpp_examples) by extensions ['colcon_pkg']
[0.848s] Level 1:colcon.colcon_core.package_identification:_identify(src/bumperbot_cpp_examples) by extension 'colcon_pkg'
[0.848s] Level 1:colcon.colcon_core.package_identification:_identify(src/bumperbot_cpp_examples) by extensions ['colcon_meta']
[0.848s] Level 1:colcon.colcon_core.package_identification:_identify(src/bumperbot_cpp_examples) by extension 'colcon_meta'
[0.848s] Level 1:colcon.colcon_core.package_identification:_identify(src/bumperbot_cpp_examples) by extensions ['ros']
[0.848s] Level 1:colcon.colcon_core.package_identification:_identify(src/bumperbot_cpp_examples) by extension 'ros'
[0.853s] DEBUG:colcon.colcon_core.package_identification:Package 'src/bumperbot_cpp_examples' with type 'ros.ament_cmake' and name 'bumperbot_cpp_examples'
[0.853s] Level 1:colcon.colcon_core.package_identification:_identify(src/bumperbot_description) by extensions ['ignore', 'ignore_ament_install']
[0.853s] Level 1:colcon.colcon_core.package_identification:_identify(src/bumperbot_description) by extension 'ignore'
[0.854s] Level 1:colcon.colcon_core.package_identification:_identify(src/bumperbot_description) by extension 'ignore_ament_install'
[0.854s] Level 1:colcon.colcon_core.package_identification:_identify(src/bumperbot_description) by extensions ['colcon_pkg']
[0.854s] Level 1:colcon.colcon_core.package_identification:_identify(src/bumperbot_description) by extension 'colcon_pkg'
[0.854s] Level 1:colcon.colcon_core.package_identification:_identify(src/bumperbot_description) by extensions ['colcon_meta']
[0.854s] Level 1:colcon.colcon_core.package_identification:_identify(src/bumperbot_description) by extension 'colcon_meta'
[0.854s] Level 1:colcon.colcon_core.package_identification:_identify(src/bumperbot_description) by extensions ['ros']
[0.854s] Level 1:colcon.colcon_core.package_identification:_identify(src/bumperbot_description) by extension 'ros'
[0.867s] DEBUG:colcon.colcon_core.package_identification:Package 'src/bumperbot_description' with type 'ros.ament_cmake' and name 'bumperbot_description'
[0.868s] Level 1:colcon.colcon_core.package_identification:_identify(src/bumperbot_msgs) by extensions ['ignore', 'ignore_ament_install']
[0.868s] Level 1:colcon.colcon_core.package_identification:_identify(src/bumperbot_msgs) by extension 'ignore'
[0.868s] Level 1:colcon.colcon_core.package_identification:_identify(src/bumperbot_msgs) by extension 'ignore_ament_install'
[0.869s] Level 1:colcon.colcon_core.package_identification:_identify(src/bumperbot_msgs) by extensions ['colcon_pkg']
[0.869s] Level 1:colcon.colcon_core.package_identification:_identify(src/bumperbot_msgs) by extension 'colcon_pkg'
[0.869s] Level 1:colcon.colcon_core.package_identification:_identify(src/bumperbot_msgs) by extensions ['colcon_meta']
[0.869s] Level 1:colcon.colcon_core.package_identification:_identify(src/bumperbot_msgs) by extension 'colcon_meta'
[0.869s] Level 1:colcon.colcon_core.package_identification:_identify(src/bumperbot_msgs) by extensions ['ros']
[0.869s] Level 1:colcon.colcon_core.package_identification:_identify(src/bumperbot_msgs) by extension 'ros'
[0.872s] DEBUG:colcon.colcon_core.package_identification:Package 'src/bumperbot_msgs' with type 'ros.ament_cmake' and name 'bumperbot_msgs'
[0.873s] Level 1:colcon.colcon_core.package_identification:_identify(src/bumperbot_py_examples) by extensions ['ignore', 'ignore_ament_install']
[0.873s] Level 1:colcon.colcon_core.package_identification:_identify(src/bumperbot_py_examples) by extension 'ignore'
[0.873s] Level 1:colcon.colcon_core.package_identification:_identify(src/bumperbot_py_examples) by extension 'ignore_ament_install'
[0.873s] Level 1:colcon.colcon_core.package_identification:_identify(src/bumperbot_py_examples) by extensions ['colcon_pkg']
[0.874s] Level 1:colcon.colcon_core.package_identification:_identify(src/bumperbot_py_examples) by extension 'colcon_pkg'
[0.874s] Level 1:colcon.colcon_core.package_identification:_identify(src/bumperbot_py_examples) by extensions ['colcon_meta']
[0.874s] Level 1:colcon.colcon_core.package_identification:_identify(src/bumperbot_py_examples) by extension 'colcon_meta'
[0.874s] Level 1:colcon.colcon_core.package_identification:_identify(src/bumperbot_py_examples) by extensions ['ros']
[0.874s] Level 1:colcon.colcon_core.package_identification:_identify(src/bumperbot_py_examples) by extension 'ros'
[0.876s] DEBUG:colcon.colcon_core.package_identification:Package 'src/bumperbot_py_examples' with type 'ros.ament_python' and name 'bumperbot_py_examples'
[0.877s] Level 1:colcon.colcon_core.package_identification:_identify(src/install) by extensions ['ignore', 'ignore_ament_install']
[0.877s] Level 1:colcon.colcon_core.package_identification:_identify(src/install) by extension 'ignore'
[0.877s] Level 1:colcon.colcon_core.package_identification:_identify(src/install) ignored
[0.877s] Level 1:colcon.colcon_core.package_identification:_identify(src/log) by extensions ['ignore', 'ignore_ament_install']
[0.878s] Level 1:colcon.colcon_core.package_identification:_identify(src/log) by extension 'ignore'
[0.878s] Level 1:colcon.colcon_core.package_identification:_identify(src/log) ignored
[0.878s] Level 1:colcon.colcon_core.package_discovery:discover_packages(recursive) using defaults
[0.878s] Level 1:colcon.colcon_core.package_discovery:discover_packages(ignore) discover
[0.878s] Level 1:colcon.colcon_core.package_discovery:discover_packages(ignore) using defaults
[0.879s] Level 1:colcon.colcon_core.package_discovery:discover_packages(path) discover
[0.879s] Level 1:colcon.colcon_core.package_discovery:discover_packages(path) using defaults
[0.953s] Level 1:colcon.colcon_core.package_discovery:discover_packages(prefix_path) check parameters
[0.953s] Level 1:colcon.colcon_core.package_discovery:discover_packages(prefix_path) discover
[0.969s] DEBUG:colcon.colcon_installed_package_information.package_discovery:Found 379 installed packages in /opt/ros/jazzy
[0.977s] Level 1:colcon.colcon_core.package_discovery:discover_packages(prefix_path) using defaults
[1.265s] Level 5:colcon.colcon_core.verb:set package 'bumperbot_controller' build argument 'cmake_args' from command line to 'None'
[1.265s] Level 5:colcon.colcon_core.verb:set package 'bumperbot_controller' build argument 'cmake_target' from command line to 'None'
[1.266s] Level 5:colcon.colcon_core.verb:set package 'bumperbot_controller' build argument 'cmake_target_skip_unavailable' from command line to 'False'
[1.266s] Level 5:colcon.colcon_core.verb:set package 'bumperbot_controller' build argument 'cmake_clean_cache' from command line to 'False'
[1.266s] Level 5:colcon.colcon_core.verb:set package 'bumperbot_controller' build argument 'cmake_clean_first' from command line to 'False'
[1.266s] Level 5:colcon.colcon_core.verb:set package 'bumperbot_controller' build argument 'cmake_force_configure' from command line to 'False'
[1.266s] Level 5:colcon.colcon_core.verb:set package 'bumperbot_controller' build argument 'ament_cmake_args' from command line to 'None'
[1.266s] Level 5:colcon.colcon_core.verb:set package 'bumperbot_controller' build argument 'catkin_cmake_args' from command line to 'None'
[1.266s] Level 5:colcon.colcon_core.verb:set package 'bumperbot_controller' build argument 'catkin_skip_building_tests' from command line to 'False'
[1.266s] DEBUG:colcon.colcon_core.verb:Building package 'bumperbot_controller' with the following arguments: {'ament_cmake_args': None, 'build_base': '/home/ofird/bumperbot_ws/build/bumperbot_controller', 'catkin_cmake_args': None, 'catkin_skip_building_tests': False, 'cmake_args': None, 'cmake_clean_cache': False, 'cmake_clean_first': False, 'cmake_force_configure': False, 'cmake_target': None, 'cmake_target_skip_unavailable': False, 'install_base': '/home/ofird/bumperbot_ws/install/bumperbot_controller', 'merge_install': False, 'path': '/home/ofird/bumperbot_ws/src/bumperbot_controller', 'symlink_install': False, 'test_result_base': None}
[1.268s] Level 5:colcon.colcon_core.verb:set package 'bumperbot_description' build argument 'cmake_args' from command line to 'None'
[1.268s] Level 5:colcon.colcon_core.verb:set package 'bumperbot_description' build argument 'cmake_target' from command line to 'None'
[1.268s] Level 5:colcon.colcon_core.verb:set package 'bumperbot_description' build argument 'cmake_target_skip_unavailable' from command line to 'False'
[1.268s] Level 5:colcon.colcon_core.verb:set package 'bumperbot_description' build argument 'cmake_clean_cache' from command line to 'False'
[1.268s] Level 5:colcon.colcon_core.verb:set package 'bumperbot_description' build argument 'cmake_clean_first' from command line to 'False'
[1.268s] Level 5:colcon.colcon_core.verb:set package 'bumperbot_description' build argument 'cmake_force_configure' from command line to 'False'
[1.269s] Level 5:colcon.colcon_core.verb:set package 'bumperbot_description' build argument 'ament_cmake_args' from command line to 'None'
[1.269s] Level 5:colcon.colcon_core.verb:set package 'bumperbot_description' build argument 'catkin_cmake_args' from command line to 'None'
[1.269s] Level 5:colcon.colcon_core.verb:set package 'bumperbot_description' build argument 'catkin_skip_building_tests' from command line to 'False'
[1.269s] DEBUG:colcon.colcon_core.verb:Building package 'bumperbot_description' with the following arguments: {'ament_cmake_args': None, 'build_base': '/home/ofird/bumperbot_ws/build/bumperbot_description', 'catkin_cmake_args': None, 'catkin_skip_building_tests': False, 'cmake_args': None, 'cmake_clean_cache': False, 'cmake_clean_first': False, 'cmake_force_configure': False, 'cmake_target': None, 'cmake_target_skip_unavailable': False, 'install_base': '/home/ofird/bumperbot_ws/install/bumperbot_description', 'merge_install': False, 'path': '/home/ofird/bumperbot_ws/src/bumperbot_description', 'symlink_install': False, 'test_result_base': None}
[1.271s] Level 5:colcon.colcon_core.verb:set package 'bumperbot_msgs' build argument 'cmake_args' from command line to 'None'
[1.271s] Level 5:colcon.colcon_core.verb:set package 'bumperbot_msgs' build argument 'cmake_target' from command line to 'None'
[1.271s] Level 5:colcon.colcon_core.verb:set package 'bumperbot_msgs' build argument 'cmake_target_skip_unavailable' from command line to 'False'
[1.271s] Level 5:colcon.colcon_core.verb:set package 'bumperbot_msgs' build argument 'cmake_clean_cache' from command line to 'False'
[1.271s] Level 5:colcon.colcon_core.verb:set package 'bumperbot_msgs' build argument 'cmake_clean_first' from command line to 'False'
[1.271s] Level 5:colcon.colcon_core.verb:set package 'bumperbot_msgs' build argument 'cmake_force_configure' from command line to 'False'
[1.271s] Level 5:colcon.colcon_core.verb:set package 'bumperbot_msgs' build argument 'ament_cmake_args' from command line to 'None'
[1.271s] Level 5:colcon.colcon_core.verb:set package 'bumperbot_msgs' build argument 'catkin_cmake_args' from command line to 'None'
[1.272s] Level 5:colcon.colcon_core.verb:set package 'bumperbot_msgs' build argument 'catkin_skip_building_tests' from command line to 'False'
[1.272s] DEBUG:colcon.colcon_core.verb:Building package 'bumperbot_msgs' with the following arguments: {'ament_cmake_args': None, 'build_base': '/home/ofird/bumperbot_ws/build/bumperbot_msgs', 'catkin_cmake_args': None, 'catkin_skip_building_tests': False, 'cmake_args': None, 'cmake_clean_cache': False, 'cmake_clean_first': False, 'cmake_force_configure': False, 'cmake_target': None, 'cmake_target_skip_unavailable': False, 'install_base': '/home/ofird/bumperbot_ws/install/bumperbot_msgs', 'merge_install': False, 'path': '/home/ofird/bumperbot_ws/src/bumperbot_msgs', 'symlink_install': False, 'test_result_base': None}
[1.273s] Level 5:colcon.colcon_core.verb:set package 'bumperbot_cpp_examples' build argument 'cmake_args' from command line to 'None'
[1.273s] Level 5:colcon.colcon_core.verb:set package 'bumperbot_cpp_examples' build argument 'cmake_target' from command line to 'None'
[1.274s] Level 5:colcon.colcon_core.verb:set package 'bumperbot_cpp_examples' build argument 'cmake_target_skip_unavailable' from command line to 'False'
[1.274s] Level 5:colcon.colcon_core.verb:set package 'bumperbot_cpp_examples' build argument 'cmake_clean_cache' from command line to 'False'
[1.274s] Level 5:colcon.colcon_core.verb:set package 'bumperbot_cpp_examples' build argument 'cmake_clean_first' from command line to 'False'
[1.274s] Level 5:colcon.colcon_core.verb:set package 'bumperbot_cpp_examples' build argument 'cmake_force_configure' from command line to 'False'
[1.274s] Level 5:colcon.colcon_core.verb:set package 'bumperbot_cpp_examples' build argument 'ament_cmake_args' from command line to 'None'
[1.274s] Level 5:colcon.colcon_core.verb:set package 'bumperbot_cpp_examples' build argument 'catkin_cmake_args' from command line to 'None'
[1.274s] Level 5:colcon.colcon_core.verb:set package 'bumperbot_cpp_examples' build argument 'catkin_skip_building_tests' from command line to 'False'
[1.275s] DEBUG:colcon.colcon_core.verb:Building package 'bumperbot_cpp_examples' with the following arguments: {'ament_cmake_args': None, 'build_base': '/home/ofird/bumperbot_ws/build/bumperbot_cpp_examples', 'catkin_cmake_args': None, 'catkin_skip_building_tests': False, 'cmake_args': None, 'cmake_clean_cache': False, 'cmake_clean_first': False, 'cmake_force_configure': False, 'cmake_target': None, 'cmake_target_skip_unavailable': False, 'install_base': '/home/ofird/bumperbot_ws/install/bumperbot_cpp_examples', 'merge_install': False, 'path': '/home/ofird/bumperbot_ws/src/bumperbot_cpp_examples', 'symlink_install': False, 'test_result_base': None}
[1.276s] Level 5:colcon.colcon_core.verb:set package 'bumperbot_py_examples' build argument 'cmake_args' from command line to 'None'
[1.276s] Level 5:colcon.colcon_core.verb:set package 'bumperbot_py_examples' build argument 'cmake_target' from command line to 'None'
[1.276s] Level 5:colcon.colcon_core.verb:set package 'bumperbot_py_examples' build argument 'cmake_target_skip_unavailable' from command line to 'False'
[1.276s] Level 5:colcon.colcon_core.verb:set package 'bumperbot_py_examples' build argument 'cmake_clean_cache' from command line to 'False'
[1.276s] Level 5:colcon.colcon_core.verb:set package 'bumperbot_py_examples' build argument 'cmake_clean_first' from command line to 'False'
[1.277s] Level 5:colcon.colcon_core.verb:set package 'bumperbot_py_examples' build argument 'cmake_force_configure' from command line to 'False'
[1.277s] Level 5:colcon.colcon_core.verb:set package 'bumperbot_py_examples' build argument 'ament_cmake_args' from command line to 'None'
[1.277s] Level 5:colcon.colcon_core.verb:set package 'bumperbot_py_examples' build argument 'catkin_cmake_args' from command line to 'None'
[1.277s] Level 5:colcon.colcon_core.verb:set package 'bumperbot_py_examples' build argument 'catkin_skip_building_tests' from command line to 'False'
[1.278s] DEBUG:colcon.colcon_core.verb:Building package 'bumperbot_py_examples' with the following arguments: {'ament_cmake_args': None, 'build_base': '/home/ofird/bumperbot_ws/build/bumperbot_py_examples', 'catkin_cmake_args': None, 'catkin_skip_building_tests': False, 'cmake_args': None, 'cmake_clean_cache': False, 'cmake_clean_first': False, 'cmake_force_configure': False, 'cmake_target': None, 'cmake_target_skip_unavailable': False, 'install_base': '/home/ofird/bumperbot_ws/install/bumperbot_py_examples', 'merge_install': False, 'path': '/home/ofird/bumperbot_ws/src/bumperbot_py_examples', 'symlink_install': False, 'test_result_base': None}
[1.278s] INFO:colcon.colcon_core.executor:Executing jobs using 'parallel' executor
[1.281s] DEBUG:colcon.colcon_parallel_executor.executor.parallel:run_until_complete
[1.283s] INFO:colcon.colcon_ros.task.ament_cmake.build:Building ROS package in '/home/ofird/bumperbot_ws/src/bumperbot_msgs' with build type 'ament_cmake'
[1.283s] INFO:colcon.colcon_cmake.task.cmake.build:Building CMake package in '/home/ofird/bumperbot_ws/src/bumperbot_msgs'
[1.291s] INFO:colcon.colcon_core.plugin_system:Skipping extension 'colcon_core.shell.bat': Not used on non-Windows systems
[1.292s] INFO:colcon.colcon_core.shell:Skip shell extension 'powershell' for command environment: Not usable outside of PowerShell
[1.292s] DEBUG:colcon.colcon_core.shell:Skip shell extension 'dsv' for command environment
[1.309s] INFO:colcon.colcon_ros.task.ament_cmake.build:Building ROS package in '/home/ofird/bumperbot_ws/src/bumperbot_controller' with build type 'ament_cmake'
[1.309s] INFO:colcon.colcon_cmake.task.cmake.build:Building CMake package in '/home/ofird/bumperbot_ws/src/bumperbot_controller'
[1.310s] INFO:colcon.colcon_core.shell:Skip shell extension 'powershell' for command environment: Not usable outside of PowerShell
[1.310s] DEBUG:colcon.colcon_core.shell:Skip shell extension 'dsv' for command environment
[1.326s] INFO:colcon.colcon_ros.task.ament_cmake.build:Building ROS package in '/home/ofird/bumperbot_ws/src/bumperbot_description' with build type 'ament_cmake'
[1.328s] INFO:colcon.colcon_cmake.task.cmake.build:Building CMake package in '/home/ofird/bumperbot_ws/src/bumperbot_description'
[1.329s] INFO:colcon.colcon_core.shell:Skip shell extension 'powershell' for command environment: Not usable outside of PowerShell
[1.330s] DEBUG:colcon.colcon_core.shell:Skip shell extension 'dsv' for command environment
[1.384s] DEBUG:colcon.colcon_core.event_handler.log_command:Invoking command in '/home/ofird/bumperbot_ws/build/bumperbot_msgs': CMAKE_PREFIX_PATH=${CMAKE_PREFIX_PATH}:/opt/ros/jazzy DEBUGINFOD_URLS=https://debuginfod.ubuntu.com /usr/bin/cmake --build /home/ofird/bumperbot_ws/build/bumperbot_msgs -- -j8 -l8
[1.404s] DEBUG:colcon.colcon_core.event_handler.log_command:Invoking command in '/home/ofird/bumperbot_ws/build/bumperbot_controller': CMAKE_PREFIX_PATH=${CMAKE_PREFIX_PATH}:/opt/ros/jazzy DEBUGINFOD_URLS=https://debuginfod.ubuntu.com /usr/bin/cmake --build /home/ofird/bumperbot_ws/build/bumperbot_controller -- -j8 -l8
[1.423s] DEBUG:colcon.colcon_core.event_handler.log_command:Invoking command in '/home/ofird/bumperbot_ws/build/bumperbot_description': CMAKE_PREFIX_PATH=${CMAKE_PREFIX_PATH}:/opt/ros/jazzy DEBUGINFOD_URLS=https://debuginfod.ubuntu.com /usr/bin/cmake --build /home/ofird/bumperbot_ws/build/bumperbot_description -- -j8 -l8
[1.701s] DEBUG:colcon.colcon_core.event_handler.log_command:Invoked command in '/home/ofird/bumperbot_ws/build/bumperbot_description' returned '0': CMAKE_PREFIX_PATH=${CMAKE_PREFIX_PATH}:/opt/ros/jazzy DEBUGINFOD_URLS=https://debuginfod.ubuntu.com /usr/bin/cmake --build /home/ofird/bumperbot_ws/build/bumperbot_description -- -j8 -l8
[1.776s] DEBUG:colcon.colcon_core.event_handler.log_command:Invoking command in '/home/ofird/bumperbot_ws/build/bumperbot_description': CMAKE_PREFIX_PATH=${CMAKE_PREFIX_PATH}:/opt/ros/jazzy DEBUGINFOD_URLS=https://debuginfod.ubuntu.com /usr/bin/cmake --install /home/ofird/bumperbot_ws/build/bumperbot_description
[1.877s] Level 1:colcon.colcon_core.environment:create_environment_scripts_only(bumperbot_description)
[1.912s] Level 1:colcon.colcon_core.environment:checking '/home/ofird/bumperbot_ws/install/bumperbot_description' for CMake module files
[1.926s] DEBUG:colcon.colcon_core.event_handler.log_command:Invoked command in '/home/ofird/bumperbot_ws/build/bumperbot_description' returned '0': CMAKE_PREFIX_PATH=${CMAKE_PREFIX_PATH}:/opt/ros/jazzy DEBUGINFOD_URLS=https://debuginfod.ubuntu.com /usr/bin/cmake --install /home/ofird/bumperbot_ws/build/bumperbot_description
[1.927s] Level 1:colcon.colcon_core.environment:checking '/home/ofird/bumperbot_ws/install/bumperbot_description' for CMake config files
[1.933s] Level 1:colcon.colcon_core.shell:create_environment_hook('bumperbot_description', 'cmake_prefix_path')
[1.933s] INFO:colcon.colcon_core.shell:Creating environment hook '/home/ofird/bumperbot_ws/install/bumperbot_description/share/bumperbot_description/hook/cmake_prefix_path.ps1'
[1.940s] INFO:colcon.colcon_core.shell:Creating environment descriptor '/home/ofird/bumperbot_ws/install/bumperbot_description/share/bumperbot_description/hook/cmake_prefix_path.dsv'
[1.941s] INFO:colcon.colcon_core.shell:Creating environment hook '/home/ofird/bumperbot_ws/install/bumperbot_description/share/bumperbot_description/hook/cmake_prefix_path.sh'
[1.951s] Level 1:colcon.colcon_core.environment:checking '/home/ofird/bumperbot_ws/install/bumperbot_description/bin'
[1.952s] Level 1:colcon.colcon_core.environment:checking '/home/ofird/bumperbot_ws/install/bumperbot_description/lib/pkgconfig/bumperbot_description.pc'
[1.953s] Level 1:colcon.colcon_core.environment:checking '/home/ofird/bumperbot_ws/install/bumperbot_description/lib/python3.12/site-packages'
[1.954s] Level 1:colcon.colcon_core.environment:checking '/home/ofird/bumperbot_ws/install/bumperbot_description/bin'
[1.955s] INFO:colcon.colcon_core.shell:Creating package script '/home/ofird/bumperbot_ws/install/bumperbot_description/share/bumperbot_description/package.ps1'
[1.959s] INFO:colcon.colcon_core.shell:Creating package descriptor '/home/ofird/bumperbot_ws/install/bumperbot_description/share/bumperbot_description/package.dsv'
[1.966s] INFO:colcon.colcon_core.shell:Creating package script '/home/ofird/bumperbot_ws/install/bumperbot_description/share/bumperbot_description/package.sh'
[1.969s] INFO:colcon.colcon_core.shell:Creating package script '/home/ofird/bumperbot_ws/install/bumperbot_description/share/bumperbot_description/package.bash'
[1.972s] INFO:colcon.colcon_core.shell:Creating package script '/home/ofird/bumperbot_ws/install/bumperbot_description/share/bumperbot_description/package.zsh'
[1.974s] Level 1:colcon.colcon_core.environment:create_file_with_runtime_dependencies(/home/ofird/bumperbot_ws/install/bumperbot_description/share/colcon-core/packages/bumperbot_description)
[1.976s] Level 1:colcon.colcon_core.environment:create_environment_scripts_only(bumperbot_description)
[1.979s] Level 1:colcon.colcon_core.environment:checking '/home/ofird/bumperbot_ws/install/bumperbot_description' for CMake module files
[1.986s] Level 1:colcon.colcon_core.environment:checking '/home/ofird/bumperbot_ws/install/bumperbot_description' for CMake config files
[1.987s] Level 1:colcon.colcon_core.shell:create_environment_hook('bumperbot_description', 'cmake_prefix_path')
[1.988s] INFO:colcon.colcon_core.shell:Creating environment hook '/home/ofird/bumperbot_ws/install/bumperbot_description/share/bumperbot_description/hook/cmake_prefix_path.ps1'
[1.989s] INFO:colcon.colcon_core.shell:Creating environment descriptor '/home/ofird/bumperbot_ws/install/bumperbot_description/share/bumperbot_description/hook/cmake_prefix_path.dsv'
[1.990s] INFO:colcon.colcon_core.shell:Creating environment hook '/home/ofird/bumperbot_ws/install/bumperbot_description/share/bumperbot_description/hook/cmake_prefix_path.sh'
[1.992s] Level 1:colcon.colcon_core.environment:checking '/home/ofird/bumperbot_ws/install/bumperbot_description/bin'
[1.993s] Level 1:colcon.colcon_core.environment:checking '/home/ofird/bumperbot_ws/install/bumperbot_description/lib/pkgconfig/bumperbot_description.pc'
[1.995s] Level 1:colcon.colcon_core.environment:checking '/home/ofird/bumperbot_ws/install/bumperbot_description/lib/python3.12/site-packages'
[1.998s] Level 1:colcon.colcon_core.environment:checking '/home/ofird/bumperbot_ws/install/bumperbot_description/bin'
[2.006s] INFO:colcon.colcon_core.shell:Creating package script '/home/ofird/bumperbot_ws/install/bumperbot_description/share/bumperbot_description/package.ps1'
[2.010s] INFO:colcon.colcon_core.shell:Creating package descriptor '/home/ofird/bumperbot_ws/install/bumperbot_description/share/bumperbot_description/package.dsv'
[2.020s] INFO:colcon.colcon_core.shell:Creating package script '/home/ofird/bumperbot_ws/install/bumperbot_description/share/bumperbot_description/package.sh'
[2.022s] INFO:colcon.colcon_core.shell:Creating package script '/home/ofird/bumperbot_ws/install/bumperbot_description/share/bumperbot_description/package.bash'
[2.024s] INFO:colcon.colcon_core.shell:Creating package script '/home/ofird/bumperbot_ws/install/bumperbot_description/share/bumperbot_description/package.zsh'
[2.025s] Level 1:colcon.colcon_core.environment:create_file_with_runtime_dependencies(/home/ofird/bumperbot_ws/install/bumperbot_description/share/colcon-core/packages/bumperbot_description)
[4.068s] DEBUG:colcon.colcon_core.event_handler.log_command:Invoked command in '/home/ofird/bumperbot_ws/build/bumperbot_msgs' returned '0': CMAKE_PREFIX_PATH=${CMAKE_PREFIX_PATH}:/opt/ros/jazzy DEBUGINFOD_URLS=https://debuginfod.ubuntu.com /usr/bin/cmake --build /home/ofird/bumperbot_ws/build/bumperbot_msgs -- -j8 -l8
[4.075s] DEBUG:colcon.colcon_core.event_handler.log_command:Invoking command in '/home/ofird/bumperbot_ws/build/bumperbot_msgs': CMAKE_PREFIX_PATH=${CMAKE_PREFIX_PATH}:/opt/ros/jazzy DEBUGINFOD_URLS=https://debuginfod.ubuntu.com /usr/bin/cmake --install /home/ofird/bumperbot_ws/build/bumperbot_msgs
[4.364s] Level 1:colcon.colcon_core.environment:create_environment_scripts_only(bumperbot_msgs)
[4.364s] Level 1:colcon.colcon_core.environment:checking '/home/ofird/bumperbot_ws/install/bumperbot_msgs' for CMake module files
[4.366s] DEBUG:colcon.colcon_core.event_handler.log_command:Invoked command in '/home/ofird/bumperbot_ws/build/bumperbot_msgs' returned '0': CMAKE_PREFIX_PATH=${CMAKE_PREFIX_PATH}:/opt/ros/jazzy DEBUGINFOD_URLS=https://debuginfod.ubuntu.com /usr/bin/cmake --install /home/ofird/bumperbot_ws/build/bumperbot_msgs
[4.369s] Level 1:colcon.colcon_core.environment:checking '/home/ofird/bumperbot_ws/install/bumperbot_msgs' for CMake config files
[4.370s] Level 1:colcon.colcon_core.shell:create_environment_hook('bumperbot_msgs', 'cmake_prefix_path')
[4.371s] INFO:colcon.colcon_core.shell:Creating environment hook '/home/ofird/bumperbot_ws/install/bumperbot_msgs/share/bumperbot_msgs/hook/cmake_prefix_path.ps1'
[4.373s] INFO:colcon.colcon_core.shell:Creating environment descriptor '/home/ofird/bumperbot_ws/install/bumperbot_msgs/share/bumperbot_msgs/hook/cmake_prefix_path.dsv'
[4.375s] INFO:colcon.colcon_core.shell:Creating environment hook '/home/ofird/bumperbot_ws/install/bumperbot_msgs/share/bumperbot_msgs/hook/cmake_prefix_path.sh'
[4.378s] Level 1:colcon.colcon_core.environment:checking '/home/ofird/bumperbot_ws/install/bumperbot_msgs/lib'
[4.379s] Level 1:colcon.colcon_core.shell:create_environment_hook('bumperbot_msgs', 'ld_library_path_lib')
[4.380s] INFO:colcon.colcon_core.shell:Creating environment hook '/home/ofird/bumperbot_ws/install/bumperbot_msgs/share/bumperbot_msgs/hook/ld_library_path_lib.ps1'
[4.381s] INFO:colcon.colcon_core.shell:Creating environment descriptor '/home/ofird/bumperbot_ws/install/bumperbot_msgs/share/bumperbot_msgs/hook/ld_library_path_lib.dsv'
[4.385s] INFO:colcon.colcon_core.shell:Creating environment hook '/home/ofird/bumperbot_ws/install/bumperbot_msgs/share/bumperbot_msgs/hook/ld_library_path_lib.sh'
[4.392s] Level 1:colcon.colcon_core.environment:checking '/home/ofird/bumperbot_ws/install/bumperbot_msgs/bin'
[4.393s] Level 1:colcon.colcon_core.environment:checking '/home/ofird/bumperbot_ws/install/bumperbot_msgs/lib/pkgconfig/bumperbot_msgs.pc'
[4.394s] Level 1:colcon.colcon_core.environment:checking '/home/ofird/bumperbot_ws/install/bumperbot_msgs/lib/python3.12/site-packages'
[4.394s] Level 1:colcon.colcon_core.shell:create_environment_hook('bumperbot_msgs', 'pythonpath')
[4.395s] INFO:colcon.colcon_core.shell:Creating environment hook '/home/ofird/bumperbot_ws/install/bumperbot_msgs/share/bumperbot_msgs/hook/pythonpath.ps1'
[4.398s] INFO:colcon.colcon_core.shell:Creating environment descriptor '/home/ofird/bumperbot_ws/install/bumperbot_msgs/share/bumperbot_msgs/hook/pythonpath.dsv'
[4.399s] INFO:colcon.colcon_core.shell:Creating environment hook '/home/ofird/bumperbot_ws/install/bumperbot_msgs/share/bumperbot_msgs/hook/pythonpath.sh'
[4.402s] Level 1:colcon.colcon_core.environment:checking '/home/ofird/bumperbot_ws/install/bumperbot_msgs/bin'
[4.403s] INFO:colcon.colcon_core.shell:Creating package script '/home/ofird/bumperbot_ws/install/bumperbot_msgs/share/bumperbot_msgs/package.ps1'
[4.406s] INFO:colcon.colcon_core.shell:Creating package descriptor '/home/ofird/bumperbot_ws/install/bumperbot_msgs/share/bumperbot_msgs/package.dsv'
[4.408s] INFO:colcon.colcon_core.shell:Creating package script '/home/ofird/bumperbot_ws/install/bumperbot_msgs/share/bumperbot_msgs/package.sh'
[4.410s] INFO:colcon.colcon_core.shell:Creating package script '/home/ofird/bumperbot_ws/install/bumperbot_msgs/share/bumperbot_msgs/package.bash'
[4.411s] INFO:colcon.colcon_core.shell:Creating package script '/home/ofird/bumperbot_ws/install/bumperbot_msgs/share/bumperbot_msgs/package.zsh'
[4.413s] Level 1:colcon.colcon_core.environment:create_file_with_runtime_dependencies(/home/ofird/bumperbot_ws/install/bumperbot_msgs/share/colcon-core/packages/bumperbot_msgs)
[4.415s] Level 1:colcon.colcon_core.environment:create_environment_scripts_only(bumperbot_msgs)
[4.416s] Level 1:colcon.colcon_core.environment:checking '/home/ofird/bumperbot_ws/install/bumperbot_msgs' for CMake module files
[4.419s] Level 1:colcon.colcon_core.environment:checking '/home/ofird/bumperbot_ws/install/bumperbot_msgs' for CMake config files
[4.420s] Level 1:colcon.colcon_core.shell:create_environment_hook('bumperbot_msgs', 'cmake_prefix_path')
[4.421s] INFO:colcon.colcon_core.shell:Creating environment hook '/home/ofird/bumperbot_ws/install/bumperbot_msgs/share/bumperbot_msgs/hook/cmake_prefix_path.ps1'
[4.422s] INFO:colcon.colcon_core.shell:Creating environment descriptor '/home/ofird/bumperbot_ws/install/bumperbot_msgs/share/bumperbot_msgs/hook/cmake_prefix_path.dsv'
[4.424s] INFO:colcon.colcon_core.shell:Creating environment hook '/home/ofird/bumperbot_ws/install/bumperbot_msgs/share/bumperbot_msgs/hook/cmake_prefix_path.sh'
[4.426s] Level 1:colcon.colcon_core.environment:checking '/home/ofird/bumperbot_ws/install/bumperbot_msgs/lib'
[4.426s] Level 1:colcon.colcon_core.shell:create_environment_hook('bumperbot_msgs', 'ld_library_path_lib')
[4.427s] INFO:colcon.colcon_core.shell:Creating environment hook '/home/ofird/bumperbot_ws/install/bumperbot_msgs/share/bumperbot_msgs/hook/ld_library_path_lib.ps1'
[4.429s] INFO:colcon.colcon_core.shell:Creating environment descriptor '/home/ofird/bumperbot_ws/install/bumperbot_msgs/share/bumperbot_msgs/hook/ld_library_path_lib.dsv'
[4.431s] INFO:colcon.colcon_core.shell:Creating environment hook '/home/ofird/bumperbot_ws/install/bumperbot_msgs/share/bumperbot_msgs/hook/ld_library_path_lib.sh'
[4.432s] Level 1:colcon.colcon_core.environment:checking '/home/ofird/bumperbot_ws/install/bumperbot_msgs/bin'
[4.432s] Level 1:colcon.colcon_core.environment:checking '/home/ofird/bumperbot_ws/install/bumperbot_msgs/lib/pkgconfig/bumperbot_msgs.pc'
[4.433s] Level 1:colcon.colcon_core.environment:checking '/home/ofird/bumperbot_ws/install/bumperbot_msgs/lib/python3.12/site-packages'
[4.434s] Level 1:colcon.colcon_core.shell:create_environment_hook('bumperbot_msgs', 'pythonpath')
[4.435s] INFO:colcon.colcon_core.shell:Creating environment hook '/home/ofird/bumperbot_ws/install/bumperbot_msgs/share/bumperbot_msgs/hook/pythonpath.ps1'
[4.436s] INFO:colcon.colcon_core.shell:Creating environment descriptor '/home/ofird/bumperbot_ws/install/bumperbot_msgs/share/bumperbot_msgs/hook/pythonpath.dsv'
[4.438s] INFO:colcon.colcon_core.shell:Creating environment hook '/home/ofird/bumperbot_ws/install/bumperbot_msgs/share/bumperbot_msgs/hook/pythonpath.sh'
[4.440s] Level 1:colcon.colcon_core.environment:checking '/home/ofird/bumperbot_ws/install/bumperbot_msgs/bin'
[4.442s] INFO:colcon.colcon_core.shell:Creating package script '/home/ofird/bumperbot_ws/install/bumperbot_msgs/share/bumperbot_msgs/package.ps1'
[4.444s] INFO:colcon.colcon_core.shell:Creating package descriptor '/home/ofird/bumperbot_ws/install/bumperbot_msgs/share/bumperbot_msgs/package.dsv'
[4.447s] INFO:colcon.colcon_core.shell:Creating package script '/home/ofird/bumperbot_ws/install/bumperbot_msgs/share/bumperbot_msgs/package.sh'
[4.449s] INFO:colcon.colcon_core.shell:Creating package script '/home/ofird/bumperbot_ws/install/bumperbot_msgs/share/bumperbot_msgs/package.bash'
[4.451s] INFO:colcon.colcon_core.shell:Creating package script '/home/ofird/bumperbot_ws/install/bumperbot_msgs/share/bumperbot_msgs/package.zsh'
[4.452s] Level 1:colcon.colcon_core.environment:create_file_with_runtime_dependencies(/home/ofird/bumperbot_ws/install/bumperbot_msgs/share/colcon-core/packages/bumperbot_msgs)
[4.454s] INFO:colcon.colcon_ros.task.ament_cmake.build:Building ROS package in '/home/ofird/bumperbot_ws/src/bumperbot_cpp_examples' with build type 'ament_cmake'
[4.454s] INFO:colcon.colcon_cmake.task.cmake.build:Building CMake package in '/home/ofird/bumperbot_ws/src/bumperbot_cpp_examples'
[4.454s] INFO:colcon.colcon_core.shell:Skip shell extension 'powershell' for command environment: Not usable outside of PowerShell
[4.455s] DEBUG:colcon.colcon_core.shell:Skip shell extension 'dsv' for command environment
[4.483s] INFO:colcon.colcon_ros.task.ament_python.build:Building ROS package in '/home/ofird/bumperbot_ws/src/bumperbot_py_examples' with build type 'ament_python'
[4.483s] Level 1:colcon.colcon_core.shell:create_environment_hook('bumperbot_py_examples', 'ament_prefix_path')
[4.484s] INFO:colcon.colcon_core.shell:Creating environment hook '/home/ofird/bumperbot_ws/install/bumperbot_py_examples/share/bumperbot_py_examples/hook/ament_prefix_path.ps1'
[4.489s] INFO:colcon.colcon_core.shell:Creating environment descriptor '/home/ofird/bumperbot_ws/install/bumperbot_py_examples/share/bumperbot_py_examples/hook/ament_prefix_path.dsv'
[4.492s] INFO:colcon.colcon_core.shell:Creating environment hook '/home/ofird/bumperbot_ws/install/bumperbot_py_examples/share/bumperbot_py_examples/hook/ament_prefix_path.sh'
[4.499s] INFO:colcon.colcon_core.shell:Skip shell extension 'powershell' for command environment: Not usable outside of PowerShell
[4.500s] DEBUG:colcon.colcon_core.shell:Skip shell extension 'dsv' for command environment
[4.558s] DEBUG:colcon.colcon_core.event_handler.log_command:Invoking command in '/home/ofird/bumperbot_ws/build/bumperbot_cpp_examples': AMENT_PREFIX_PATH=/home/ofird/bumperbot_ws/install/bumperbot_msgs:${AMENT_PREFIX_PATH} CMAKE_PREFIX_PATH=/home/ofird/bumperbot_ws/install/bumperbot_msgs:/opt/ros/jazzy/opt/gz_launch_vendor:/opt/ros/jazzy/opt/gz_sim_vendor:/opt/ros/jazzy/opt/gz_sensors_vendor:/opt/ros/jazzy/opt/gz_physics_vendor:/opt/ros/jazzy/opt/sdformat_vendor:/opt/ros/jazzy/opt/gz_gui_vendor:/opt/ros/jazzy/opt/gz_transport_vendor:/opt/ros/jazzy/opt/gz_rendering_vendor:/opt/ros/jazzy/opt/gz_plugin_vendor:/opt/ros/jazzy/opt/gz_fuel_tools_vendor:/opt/ros/jazzy/opt/gz_msgs_vendor:/opt/ros/jazzy/opt/gz_common_vendor:/opt/ros/jazzy/opt/gz_math_vendor:/opt/ros/jazzy/opt/gz_utils_vendor:/opt/ros/jazzy/opt/gz_tools_vendor:/opt/ros/jazzy/opt/gz_ogre_next_vendor:/opt/ros/jazzy/opt/gz_dartsim_vendor:/opt/ros/jazzy/opt/gz_cmake_vendor:/opt/ros/jazzy DEBUGINFOD_URLS=https://debuginfod.ubuntu.com LD_LIBRARY_PATH=/home/ofird/bumperbot_ws/install/bumperbot_msgs/lib:${LD_LIBRARY_PATH} PYTHONPATH=/home/ofird/bumperbot_ws/install/bumperbot_msgs/lib/python3.12/site-packages:${PYTHONPATH} /usr/bin/cmake --build /home/ofird/bumperbot_ws/build/bumperbot_cpp_examples -- -j8 -l8
[4.563s] DEBUG:colcon.colcon_core.event_handler.log_command:Invoked command in '/home/ofird/bumperbot_ws/build/bumperbot_controller' returned '0': CMAKE_PREFIX_PATH=${CMAKE_PREFIX_PATH}:/opt/ros/jazzy DEBUGINFOD_URLS=https://debuginfod.ubuntu.com /usr/bin/cmake --build /home/ofird/bumperbot_ws/build/bumperbot_controller -- -j8 -l8
[4.567s] DEBUG:colcon.colcon_core.event_handler.log_command:Invoking command in '/home/ofird/bumperbot_ws/build/bumperbot_controller': CMAKE_PREFIX_PATH=${CMAKE_PREFIX_PATH}:/opt/ros/jazzy DEBUGINFOD_URLS=https://debuginfod.ubuntu.com /usr/bin/cmake --install /home/ofird/bumperbot_ws/build/bumperbot_controller
[5.894s] INFO:colcon.colcon_core.task.python.build:Building Python package in '/home/ofird/bumperbot_ws/src/bumperbot_py_examples'
[5.895s] INFO:colcon.colcon_core.shell:Skip shell extension 'powershell' for command environment: Not usable outside of PowerShell
[5.895s] DEBUG:colcon.colcon_core.shell:Skip shell extension 'dsv' for command environment
[5.913s] DEBUG:colcon.colcon_core.event_handler.log_command:Invoked command in '/home/ofird/bumperbot_ws/build/bumperbot_cpp_examples' returned '0': AMENT_PREFIX_PATH=/home/ofird/bumperbot_ws/install/bumperbot_msgs:${AMENT_PREFIX_PATH} CMAKE_PREFIX_PATH=/home/ofird/bumperbot_ws/install/bumperbot_msgs:/opt/ros/jazzy/opt/gz_launch_vendor:/opt/ros/jazzy/opt/gz_sim_vendor:/opt/ros/jazzy/opt/gz_sensors_vendor:/opt/ros/jazzy/opt/gz_physics_vendor:/opt/ros/jazzy/opt/sdformat_vendor:/opt/ros/jazzy/opt/gz_gui_vendor:/opt/ros/jazzy/opt/gz_transport_vendor:/opt/ros/jazzy/opt/gz_rendering_vendor:/opt/ros/jazzy/opt/gz_plugin_vendor:/opt/ros/jazzy/opt/gz_fuel_tools_vendor:/opt/ros/jazzy/opt/gz_msgs_vendor:/opt/ros/jazzy/opt/gz_common_vendor:/opt/ros/jazzy/opt/gz_math_vendor:/opt/ros/jazzy/opt/gz_utils_vendor:/opt/ros/jazzy/opt/gz_tools_vendor:/opt/ros/jazzy/opt/gz_ogre_next_vendor:/opt/ros/jazzy/opt/gz_dartsim_vendor:/opt/ros/jazzy/opt/gz_cmake_vendor:/opt/ros/jazzy DEBUGINFOD_URLS=https://debuginfod.ubuntu.com LD_LIBRARY_PATH=/home/ofird/bumperbot_ws/install/bumperbot_msgs/lib:${LD_LIBRARY_PATH} PYTHONPATH=/home/ofird/bumperbot_ws/install/bumperbot_msgs/lib/python3.12/site-packages:${PYTHONPATH} /usr/bin/cmake --build /home/ofird/bumperbot_ws/build/bumperbot_cpp_examples -- -j8 -l8
[5.916s] DEBUG:colcon.colcon_core.event_handler.log_command:Invoking command in '/home/ofird/bumperbot_ws/build/bumperbot_cpp_examples': AMENT_PREFIX_PATH=/home/ofird/bumperbot_ws/install/bumperbot_msgs:${AMENT_PREFIX_PATH} CMAKE_PREFIX_PATH=/home/ofird/bumperbot_ws/install/bumperbot_msgs:/opt/ros/jazzy/opt/gz_launch_vendor:/opt/ros/jazzy/opt/gz_sim_vendor:/opt/ros/jazzy/opt/gz_sensors_vendor:/opt/ros/jazzy/opt/gz_physics_vendor:/opt/ros/jazzy/opt/sdformat_vendor:/opt/ros/jazzy/opt/gz_gui_vendor:/opt/ros/jazzy/opt/gz_transport_vendor:/opt/ros/jazzy/opt/gz_rendering_vendor:/opt/ros/jazzy/opt/gz_plugin_vendor:/opt/ros/jazzy/opt/gz_fuel_tools_vendor:/opt/ros/jazzy/opt/gz_msgs_vendor:/opt/ros/jazzy/opt/gz_common_vendor:/opt/ros/jazzy/opt/gz_math_vendor:/opt/ros/jazzy/opt/gz_utils_vendor:/opt/ros/jazzy/opt/gz_tools_vendor:/opt/ros/jazzy/opt/gz_ogre_next_vendor:/opt/ros/jazzy/opt/gz_dartsim_vendor:/opt/ros/jazzy/opt/gz_cmake_vendor:/opt/ros/jazzy DEBUGINFOD_URLS=https://debuginfod.ubuntu.com LD_LIBRARY_PATH=/home/ofird/bumperbot_ws/install/bumperbot_msgs/lib:${LD_LIBRARY_PATH} PYTHONPATH=/home/ofird/bumperbot_ws/install/bumperbot_msgs/lib/python3.12/site-packages:${PYTHONPATH} /usr/bin/cmake --install /home/ofird/bumperbot_ws/build/bumperbot_cpp_examples
[5.919s] Level 1:colcon.colcon_core.environment:create_environment_scripts_only(bumperbot_controller)
[5.919s] Level 1:colcon.colcon_core.environment:checking '/home/ofird/bumperbot_ws/install/bumperbot_controller' for CMake module files
[5.922s] Level 1:colcon.colcon_core.environment:checking '/home/ofird/bumperbot_ws/install/bumperbot_controller' for CMake config files
[5.928s] Level 1:colcon.colcon_core.shell:create_environment_hook('bumperbot_controller', 'cmake_prefix_path')
[5.928s] INFO:colcon.colcon_core.shell:Creating environment hook '/home/ofird/bumperbot_ws/install/bumperbot_controller/share/bumperbot_controller/hook/cmake_prefix_path.ps1'
[5.930s] INFO:colcon.colcon_core.shell:Creating environment descriptor '/home/ofird/bumperbot_ws/install/bumperbot_controller/share/bumperbot_controller/hook/cmake_prefix_path.dsv'
[5.935s] DEBUG:colcon.colcon_core.event_handler.log_command:Invoked command in '/home/ofird/bumperbot_ws/build/bumperbot_controller' returned '0': CMAKE_PREFIX_PATH=${CMAKE_PREFIX_PATH}:/opt/ros/jazzy DEBUGINFOD_URLS=https://debuginfod.ubuntu.com /usr/bin/cmake --install /home/ofird/bumperbot_ws/build/bumperbot_controller
[5.936s] INFO:colcon.colcon_core.shell:Creating environment hook '/home/ofird/bumperbot_ws/install/bumperbot_controller/share/bumperbot_controller/hook/cmake_prefix_path.sh'
[5.938s] Level 1:colcon.colcon_core.environment:checking '/home/ofird/bumperbot_ws/install/bumperbot_controller/lib'
[5.938s] Level 1:colcon.colcon_core.environment:checking '/home/ofird/bumperbot_ws/install/bumperbot_controller/bin'
[5.939s] Level 1:colcon.colcon_core.environment:checking '/home/ofird/bumperbot_ws/install/bumperbot_controller/lib/pkgconfig/bumperbot_controller.pc'
[5.944s] Level 1:colcon.colcon_core.environment:checking '/home/ofird/bumperbot_ws/install/bumperbot_controller/lib/python3.12/site-packages'
[5.944s] Level 1:colcon.colcon_core.shell:create_environment_hook('bumperbot_controller', 'pythonpath')
[5.945s] INFO:colcon.colcon_core.shell:Creating environment hook '/home/ofird/bumperbot_ws/install/bumperbot_controller/share/bumperbot_controller/hook/pythonpath.ps1'
[5.950s] INFO:colcon.colcon_core.shell:Creating environment descriptor '/home/ofird/bumperbot_ws/install/bumperbot_controller/share/bumperbot_controller/hook/pythonpath.dsv'
[5.952s] INFO:colcon.colcon_core.shell:Creating environment hook '/home/ofird/bumperbot_ws/install/bumperbot_controller/share/bumperbot_controller/hook/pythonpath.sh'
[5.959s] Level 1:colcon.colcon_core.environment:checking '/home/ofird/bumperbot_ws/install/bumperbot_controller/bin'
[5.960s] INFO:colcon.colcon_core.shell:Creating package script '/home/ofird/bumperbot_ws/install/bumperbot_controller/share/bumperbot_controller/package.ps1'
[5.966s] INFO:colcon.colcon_core.shell:Creating package descriptor '/home/ofird/bumperbot_ws/install/bumperbot_controller/share/bumperbot_controller/package.dsv'
[5.972s] INFO:colcon.colcon_core.shell:Creating package script '/home/ofird/bumperbot_ws/install/bumperbot_controller/share/bumperbot_controller/package.sh'
[5.974s] INFO:colcon.colcon_core.shell:Creating package script '/home/ofird/bumperbot_ws/install/bumperbot_controller/share/bumperbot_controller/package.bash'
[5.976s] INFO:colcon.colcon_core.shell:Creating package script '/home/ofird/bumperbot_ws/install/bumperbot_controller/share/bumperbot_controller/package.zsh'
[5.979s] Level 1:colcon.colcon_core.environment:create_file_with_runtime_dependencies(/home/ofird/bumperbot_ws/install/bumperbot_controller/share/colcon-core/packages/bumperbot_controller)
[5.981s] Level 1:colcon.colcon_core.environment:create_environment_scripts_only(bumperbot_controller)
[5.982s] Level 1:colcon.colcon_core.environment:checking '/home/ofird/bumperbot_ws/install/bumperbot_controller' for CMake module files
[5.990s] Level 1:colcon.colcon_core.environment:checking '/home/ofird/bumperbot_ws/install/bumperbot_controller' for CMake config files
[5.991s] Level 1:colcon.colcon_core.shell:create_environment_hook('bumperbot_controller', 'cmake_prefix_path')
[5.992s] INFO:colcon.colcon_core.shell:Creating environment hook '/home/ofird/bumperbot_ws/install/bumperbot_controller/share/bumperbot_controller/hook/cmake_prefix_path.ps1'
[5.993s] INFO:colcon.colcon_core.shell:Creating environment descriptor '/home/ofird/bumperbot_ws/install/bumperbot_controller/share/bumperbot_controller/hook/cmake_prefix_path.dsv'
[5.999s] INFO:colcon.colcon_core.shell:Creating environment hook '/home/ofird/bumperbot_ws/install/bumperbot_controller/share/bumperbot_controller/hook/cmake_prefix_path.sh'
[6.001s] Level 1:colcon.colcon_core.environment:checking '/home/ofird/bumperbot_ws/install/bumperbot_controller/lib'
[6.001s] Level 1:colcon.colcon_core.environment:checking '/home/ofird/bumperbot_ws/install/bumperbot_controller/bin'
[6.002s] Level 1:colcon.colcon_core.environment:checking '/home/ofird/bumperbot_ws/install/bumperbot_controller/lib/pkgconfig/bumperbot_controller.pc'
[6.002s] Level 1:colcon.colcon_core.environment:checking '/home/ofird/bumperbot_ws/install/bumperbot_controller/lib/python3.12/site-packages'
[6.003s] Level 1:colcon.colcon_core.shell:create_environment_hook('bumperbot_controller', 'pythonpath')
[6.004s] INFO:colcon.colcon_core.shell:Creating environment hook '/home/ofird/bumperbot_ws/install/bumperbot_controller/share/bumperbot_controller/hook/pythonpath.ps1'
[6.006s] INFO:colcon.colcon_core.shell:Creating environment descriptor '/home/ofird/bumperbot_ws/install/bumperbot_controller/share/bumperbot_controller/hook/pythonpath.dsv'
[6.007s] INFO:colcon.colcon_core.shell:Creating environment hook '/home/ofird/bumperbot_ws/install/bumperbot_controller/share/bumperbot_controller/hook/pythonpath.sh'
[6.009s] Level 1:colcon.colcon_core.environment:checking '/home/ofird/bumperbot_ws/install/bumperbot_controller/bin'
[6.010s] INFO:colcon.colcon_core.shell:Creating package script '/home/ofird/bumperbot_ws/install/bumperbot_controller/share/bumperbot_controller/package.ps1'
[6.013s] INFO:colcon.colcon_core.shell:Creating package descriptor '/home/ofird/bumperbot_ws/install/bumperbot_controller/share/bumperbot_controller/package.dsv'
[6.015s] INFO:colcon.colcon_core.shell:Creating package script '/home/ofird/bumperbot_ws/install/bumperbot_controller/share/bumperbot_controller/package.sh'
[6.017s] INFO:colcon.colcon_core.shell:Creating package script '/home/ofird/bumperbot_ws/install/bumperbot_controller/share/bumperbot_controller/package.bash'
[6.019s] INFO:colcon.colcon_core.shell:Creating package script '/home/ofird/bumperbot_ws/install/bumperbot_controller/share/bumperbot_controller/package.zsh'
[6.020s] Level 1:colcon.colcon_core.environment:create_file_with_runtime_dependencies(/home/ofird/bumperbot_ws/install/bumperbot_controller/share/colcon-core/packages/bumperbot_controller)
[6.050s] Level 1:colcon.colcon_core.environment:create_environment_scripts_only(bumperbot_cpp_examples)
[6.051s] Level 1:colcon.colcon_core.environment:checking '/home/ofird/bumperbot_ws/install/bumperbot_cpp_examples' for CMake module files
[6.058s] Level 1:colcon.colcon_core.environment:checking '/home/ofird/bumperbot_ws/install/bumperbot_cpp_examples' for CMake config files
[6.059s] Level 1:colcon.colcon_core.shell:create_environment_hook('bumperbot_cpp_examples', 'cmake_prefix_path')
[6.060s] INFO:colcon.colcon_core.shell:Creating environment hook '/home/ofird/bumperbot_ws/install/bumperbot_cpp_examples/share/bumperbot_cpp_examples/hook/cmake_prefix_path.ps1'
[6.062s] INFO:colcon.colcon_core.shell:Creating environment descriptor '/home/ofird/bumperbot_ws/install/bumperbot_cpp_examples/share/bumperbot_cpp_examples/hook/cmake_prefix_path.dsv'
[6.063s] DEBUG:colcon.colcon_core.event_handler.log_command:Invoked command in '/home/ofird/bumperbot_ws/build/bumperbot_cpp_examples' returned '0': AMENT_PREFIX_PATH=/home/ofird/bumperbot_ws/install/bumperbot_msgs:${AMENT_PREFIX_PATH} CMAKE_PREFIX_PATH=/home/ofird/bumperbot_ws/install/bumperbot_msgs:/opt/ros/jazzy/opt/gz_launch_vendor:/opt/ros/jazzy/opt/gz_sim_vendor:/opt/ros/jazzy/opt/gz_sensors_vendor:/opt/ros/jazzy/opt/gz_physics_vendor:/opt/ros/jazzy/opt/sdformat_vendor:/opt/ros/jazzy/opt/gz_gui_vendor:/opt/ros/jazzy/opt/gz_transport_vendor:/opt/ros/jazzy/opt/gz_rendering_vendor:/opt/ros/jazzy/opt/gz_plugin_vendor:/opt/ros/jazzy/opt/gz_fuel_tools_vendor:/opt/ros/jazzy/opt/gz_msgs_vendor:/opt/ros/jazzy/opt/gz_common_vendor:/opt/ros/jazzy/opt/gz_math_vendor:/opt/ros/jazzy/opt/gz_utils_vendor:/opt/ros/jazzy/opt/gz_tools_vendor:/opt/ros/jazzy/opt/gz_ogre_next_vendor:/opt/ros/jazzy/opt/gz_dartsim_vendor:/opt/ros/jazzy/opt/gz_cmake_vendor:/opt/ros/jazzy DEBUGINFOD_URLS=https://debuginfod.ubuntu.com LD_LIBRARY_PATH=/home/ofird/bumperbot_ws/install/bumperbot_msgs/lib:${LD_LIBRARY_PATH} PYTHONPATH=/home/ofird/bumperbot_ws/install/bumperbot_msgs/lib/python3.12/site-packages:${PYTHONPATH} /usr/bin/cmake --install /home/ofird/bumperbot_ws/build/bumperbot_cpp_examples
[6.069s] INFO:colcon.colcon_core.shell:Creating environment hook '/home/ofird/bumperbot_ws/install/bumperbot_cpp_examples/share/bumperbot_cpp_examples/hook/cmake_prefix_path.sh'
[6.071s] Level 1:colcon.colcon_core.environment:checking '/home/ofird/bumperbot_ws/install/bumperbot_cpp_examples/lib'
[6.071s] Level 1:colcon.colcon_core.environment:checking '/home/ofird/bumperbot_ws/install/bumperbot_cpp_examples/bin'
[6.072s] Level 1:colcon.colcon_core.environment:checking '/home/ofird/bumperbot_ws/install/bumperbot_cpp_examples/lib/pkgconfig/bumperbot_cpp_examples.pc'
[6.077s] Level 1:colcon.colcon_core.environment:checking '/home/ofird/bumperbot_ws/install/bumperbot_cpp_examples/lib/python3.12/site-packages'
[6.078s] Level 1:colcon.colcon_core.environment:checking '/home/ofird/bumperbot_ws/install/bumperbot_cpp_examples/bin'
[6.079s] INFO:colcon.colcon_core.shell:Creating package script '/home/ofird/bumperbot_ws/install/bumperbot_cpp_examples/share/bumperbot_cpp_examples/package.ps1'
[6.081s] INFO:colcon.colcon_core.shell:Creating package descriptor '/home/ofird/bumperbot_ws/install/bumperbot_cpp_examples/share/bumperbot_cpp_examples/package.dsv'
[6.083s] INFO:colcon.colcon_core.shell:Creating package script '/home/ofird/bumperbot_ws/install/bumperbot_cpp_examples/share/bumperbot_cpp_examples/package.sh'
[6.084s] INFO:colcon.colcon_core.shell:Creating package script '/home/ofird/bumperbot_ws/install/bumperbot_cpp_examples/share/bumperbot_cpp_examples/package.bash'
[6.086s] INFO:colcon.colcon_core.shell:Creating package script '/home/ofird/bumperbot_ws/install/bumperbot_cpp_examples/share/bumperbot_cpp_examples/package.zsh'
[6.087s] Level 1:colcon.colcon_core.environment:create_file_with_runtime_dependencies(/home/ofird/bumperbot_ws/install/bumperbot_cpp_examples/share/colcon-core/packages/bumperbot_cpp_examples)
[6.090s] Level 1:colcon.colcon_core.environment:create_environment_scripts_only(bumperbot_cpp_examples)
[6.091s] Level 1:colcon.colcon_core.environment:checking '/home/ofird/bumperbot_ws/install/bumperbot_cpp_examples' for CMake module files
[6.093s] Level 1:colcon.colcon_core.environment:checking '/home/ofird/bumperbot_ws/install/bumperbot_cpp_examples' for CMake config files
[6.095s] Level 1:colcon.colcon_core.shell:create_environment_hook('bumperbot_cpp_examples', 'cmake_prefix_path')
[6.095s] INFO:colcon.colcon_core.shell:Creating environment hook '/home/ofird/bumperbot_ws/install/bumperbot_cpp_examples/share/bumperbot_cpp_examples/hook/cmake_prefix_path.ps1'
[6.097s] INFO:colcon.colcon_core.shell:Creating environment descriptor '/home/ofird/bumperbot_ws/install/bumperbot_cpp_examples/share/bumperbot_cpp_examples/hook/cmake_prefix_path.dsv'
[6.099s] INFO:colcon.colcon_core.shell:Creating environment hook '/home/ofird/bumperbot_ws/install/bumperbot_cpp_examples/share/bumperbot_cpp_examples/hook/cmake_prefix_path.sh'
[6.102s] Level 1:colcon.colcon_core.environment:checking '/home/ofird/bumperbot_ws/install/bumperbot_cpp_examples/lib'
[6.102s] Level 1:colcon.colcon_core.environment:checking '/home/ofird/bumperbot_ws/install/bumperbot_cpp_examples/bin'
[6.102s] Level 1:colcon.colcon_core.environment:checking '/home/ofird/bumperbot_ws/install/bumperbot_cpp_examples/lib/pkgconfig/bumperbot_cpp_examples.pc'
[6.103s] Level 1:colcon.colcon_core.environment:checking '/home/ofird/bumperbot_ws/install/bumperbot_cpp_examples/lib/python3.12/site-packages'
[6.104s] Level 1:colcon.colcon_core.environment:checking '/home/ofird/bumperbot_ws/install/bumperbot_cpp_examples/bin'
[6.105s] INFO:colcon.colcon_core.shell:Creating package script '/home/ofird/bumperbot_ws/install/bumperbot_cpp_examples/share/bumperbot_cpp_examples/package.ps1'
[6.107s] INFO:colcon.colcon_core.shell:Creating package descriptor '/home/ofird/bumperbot_ws/install/bumperbot_cpp_examples/share/bumperbot_cpp_examples/package.dsv'
[6.109s] INFO:colcon.colcon_core.shell:Creating package script '/home/ofird/bumperbot_ws/install/bumperbot_cpp_examples/share/bumperbot_cpp_examples/package.sh'
[6.111s] INFO:colcon.colcon_core.shell:Creating package script '/home/ofird/bumperbot_ws/install/bumperbot_cpp_examples/share/bumperbot_cpp_examples/package.bash'
[6.113s] INFO:colcon.colcon_core.shell:Creating package script '/home/ofird/bumperbot_ws/install/bumperbot_cpp_examples/share/bumperbot_cpp_examples/package.zsh'
[6.114s] Level 1:colcon.colcon_core.environment:create_file_with_runtime_dependencies(/home/ofird/bumperbot_ws/install/bumperbot_cpp_examples/share/colcon-core/packages/bumperbot_cpp_examples)
[9.593s] DEBUG:colcon.colcon_core.event_handler.log_command:Invoking command in '/home/ofird/bumperbot_ws/src/bumperbot_py_examples': AMENT_PREFIX_PATH=/home/ofird/bumperbot_ws/install/bumperbot_msgs:${AMENT_PREFIX_PATH} CMAKE_PREFIX_PATH=/home/ofird/bumperbot_ws/install/bumperbot_msgs:${CMAKE_PREFIX_PATH} DEBUGINFOD_URLS=https://debuginfod.ubuntu.com LD_LIBRARY_PATH=/home/ofird/bumperbot_ws/install/bumperbot_msgs/lib:${LD_LIBRARY_PATH} PYTHONPATH=/home/ofird/bumperbot_ws/build/bumperbot_py_examples/prefix_override:/usr/lib/python3/dist-packages/colcon_core/task/python/colcon_distutils_commands:/home/ofird/bumperbot_ws/install/bumperbot_py_examples/lib/python3.12/site-packages:/home/ofird/bumperbot_ws/install/bumperbot_msgs/lib/python3.12/site-packages:${PYTHONPATH} /usr/bin/python3 -W ignore:setup.py install is deprecated -W ignore:easy_install command is deprecated setup.py egg_info --egg-base ../../build/bumperbot_py_examples build --build-base /home/ofird/bumperbot_ws/build/bumperbot_py_examples/build install --record /home/ofird/bumperbot_ws/build/bumperbot_py_examples/install.log --single-version-externally-managed install_data
[12.721s] Level 1:colcon.colcon_core.environment:checking '/home/ofird/bumperbot_ws/install/bumperbot_py_examples' for CMake module files
[12.722s] DEBUG:colcon.colcon_core.event_handler.log_command:Invoked command in '/home/ofird/bumperbot_ws/src/bumperbot_py_examples' returned '0': AMENT_PREFIX_PATH=/home/ofird/bumperbot_ws/install/bumperbot_msgs:${AMENT_PREFIX_PATH} CMAKE_PREFIX_PATH=/home/ofird/bumperbot_ws/install/bumperbot_msgs:${CMAKE_PREFIX_PATH} DEBUGINFOD_URLS=https://debuginfod.ubuntu.com LD_LIBRARY_PATH=/home/ofird/bumperbot_ws/install/bumperbot_msgs/lib:${LD_LIBRARY_PATH} PYTHONPATH=/home/ofird/bumperbot_ws/build/bumperbot_py_examples/prefix_override:/usr/lib/python3/dist-packages/colcon_core/task/python/colcon_distutils_commands:/home/ofird/bumperbot_ws/install/bumperbot_py_examples/lib/python3.12/site-packages:/home/ofird/bumperbot_ws/install/bumperbot_msgs/lib/python3.12/site-packages:${PYTHONPATH} /usr/bin/python3 -W ignore:setup.py install is deprecated -W ignore:easy_install command is deprecated setup.py egg_info --egg-base ../../build/bumperbot_py_examples build --build-base /home/ofird/bumperbot_ws/build/bumperbot_py_examples/build install --record /home/ofird/bumperbot_ws/build/bumperbot_py_examples/install.log --single-version-externally-managed install_data
[12.724s] Level 1:colcon.colcon_core.environment:checking '/home/ofird/bumperbot_ws/install/bumperbot_py_examples' for CMake config files
[12.727s] Level 1:colcon.colcon_core.environment:checking '/home/ofird/bumperbot_ws/install/bumperbot_py_examples/lib'
[12.728s] Level 1:colcon.colcon_core.environment:checking '/home/ofird/bumperbot_ws/install/bumperbot_py_examples/bin'
[12.728s] Level 1:colcon.colcon_core.environment:checking '/home/ofird/bumperbot_ws/install/bumperbot_py_examples/lib/pkgconfig/bumperbot_py_examples.pc'
[12.729s] Level 1:colcon.colcon_core.environment:checking '/home/ofird/bumperbot_ws/install/bumperbot_py_examples/lib/python3.12/site-packages'
[12.729s] Level 1:colcon.colcon_core.shell:create_environment_hook('bumperbot_py_examples', 'pythonpath')
[12.730s] INFO:colcon.colcon_core.shell:Creating environment hook '/home/ofird/bumperbot_ws/install/bumperbot_py_examples/share/bumperbot_py_examples/hook/pythonpath.ps1'
[12.732s] INFO:colcon.colcon_core.shell:Creating environment descriptor '/home/ofird/bumperbot_ws/install/bumperbot_py_examples/share/bumperbot_py_examples/hook/pythonpath.dsv'
[12.733s] INFO:colcon.colcon_core.shell:Creating environment hook '/home/ofird/bumperbot_ws/install/bumperbot_py_examples/share/bumperbot_py_examples/hook/pythonpath.sh'
[12.736s] Level 1:colcon.colcon_core.environment:checking '/home/ofird/bumperbot_ws/install/bumperbot_py_examples/bin'
[12.736s] Level 1:colcon.colcon_core.environment:create_environment_scripts_only(bumperbot_py_examples)
[12.737s] INFO:colcon.colcon_core.shell:Creating package script '/home/ofird/bumperbot_ws/install/bumperbot_py_examples/share/bumperbot_py_examples/package.ps1'
[12.739s] INFO:colcon.colcon_core.shell:Creating package descriptor '/home/ofird/bumperbot_ws/install/bumperbot_py_examples/share/bumperbot_py_examples/package.dsv'
[12.741s] INFO:colcon.colcon_core.shell:Creating package script '/home/ofird/bumperbot_ws/install/bumperbot_py_examples/share/bumperbot_py_examples/package.sh'
[12.743s] INFO:colcon.colcon_core.shell:Creating package script '/home/ofird/bumperbot_ws/install/bumperbot_py_examples/share/bumperbot_py_examples/package.bash'
[12.745s] INFO:colcon.colcon_core.shell:Creating package script '/home/ofird/bumperbot_ws/install/bumperbot_py_examples/share/bumperbot_py_examples/package.zsh'
[12.746s] Level 1:colcon.colcon_core.environment:create_file_with_runtime_dependencies(/home/ofird/bumperbot_ws/install/bumperbot_py_examples/share/colcon-core/packages/bumperbot_py_examples)
[12.748s] DEBUG:colcon.colcon_parallel_executor.executor.parallel:closing loop
[12.753s] DEBUG:colcon.colcon_parallel_executor.executor.parallel:loop closed
[12.753s] DEBUG:colcon.colcon_parallel_executor.executor.parallel:run_until_complete finished with '0'
[12.753s] DEBUG:colcon.colcon_core.event_reactor:joining thread
[12.784s] INFO:colcon.colcon_core.plugin_system:Skipping extension 'colcon_notification.desktop_notification.terminal_notifier': Not used on non-Darwin systems
[12.784s] INFO:colcon.colcon_core.plugin_system:Skipping extension 'colcon_notification.desktop_notification.win32': Not used on non-Windows systems
[12.784s] INFO:colcon.colcon_notification.desktop_notification:Sending desktop notification using 'notify2'
[12.892s] DEBUG:colcon.colcon_core.event_reactor:joined thread
[12.895s] INFO:colcon.colcon_core.shell:Creating prefix script '/home/ofird/bumperbot_ws/install/local_setup.ps1'
[12.903s] INFO:colcon.colcon_core.shell:Creating prefix util module '/home/ofird/bumperbot_ws/install/_local_setup_util_ps1.py'
[12.917s] INFO:colcon.colcon_core.shell:Creating prefix chain script '/home/ofird/bumperbot_ws/install/setup.ps1'
[12.922s] INFO:colcon.colcon_core.shell:Creating prefix script '/home/ofird/bumperbot_ws/install/local_setup.sh'
[12.931s] INFO:colcon.colcon_core.shell:Creating prefix util module '/home/ofird/bumperbot_ws/install/_local_setup_util_sh.py'
[12.934s] INFO:colcon.colcon_core.shell:Creating prefix chain script '/home/ofird/bumperbot_ws/install/setup.sh'
[12.941s] INFO:colcon.colcon_core.shell:Creating prefix script '/home/ofird/bumperbot_ws/install/local_setup.bash'
[12.943s] INFO:colcon.colcon_core.shell:Creating prefix chain script '/home/ofird/bumperbot_ws/install/setup.bash'
[12.947s] INFO:colcon.colcon_core.shell:Creating prefix script '/home/ofird/bumperbot_ws/install/local_setup.zsh'
[12.952s] INFO:colcon.colcon_core.shell:Creating prefix chain script '/home/ofird/bumperbot_ws/install/setup.zsh'
