[1.798s] Invoking command in '/home/ofird/bumperbot_ws/src/bumperbot_py_examples': AMENT_PREFIX_PATH=/home/ofird/bumperbot_ws/install/bumperbot_msgs:${AMENT_PREFIX_PATH} CMAKE_PREFIX_PATH=/home/ofird/bumperbot_ws/install/bumperbot_msgs:${CMAKE_PREFIX_PATH} DEBUGINFOD_URLS=https://debuginfod.ubuntu.com LD_LIBRARY_PATH=/home/ofird/bumperbot_ws/install/bumperbot_msgs/lib:${LD_LIBRARY_PATH} PYTHONPATH=/home/ofird/bumperbot_ws/build/bumperbot_py_examples/prefix_override:/usr/lib/python3/dist-packages/colcon_core/task/python/colcon_distutils_commands:/home/ofird/bumperbot_ws/install/bumperbot_py_examples/lib/python3.12/site-packages:/home/ofird/bumperbot_ws/install/bumperbot_msgs/lib/python3.12/site-packages:${PYTHONPATH} /usr/bin/python3 -W ignore:setup.py install is deprecated -W ignore:easy_install command is deprecated setup.py egg_info --egg-base ../../build/bumperbot_py_examples build --build-base /home/ofird/bumperbot_ws/build/bumperbot_py_examples/build install --record /home/ofird/bumperbot_ws/build/bumperbot_py_examples/install.log --single-version-externally-managed install_data
[2.341s] running egg_info
[2.342s] creating ../../build/bumperbot_py_examples/bumperbot_py_examples.egg-info
[2.384s] writing ../../build/bumperbot_py_examples/bumperbot_py_examples.egg-info/PKG-INFO
[2.384s] writing dependency_links to ../../build/bumperbot_py_examples/bumperbot_py_examples.egg-info/dependency_links.txt
[2.385s] writing entry points to ../../build/bumperbot_py_examples/bumperbot_py_examples.egg-info/entry_points.txt
[2.385s] writing requirements to ../../build/bumperbot_py_examples/bumperbot_py_examples.egg-info/requires.txt
[2.385s] writing top-level names to ../../build/bumperbot_py_examples/bumperbot_py_examples.egg-info/top_level.txt
[2.386s] writing manifest file '../../build/bumperbot_py_examples/bumperbot_py_examples.egg-info/SOURCES.txt'
[2.478s] reading manifest file '../../build/bumperbot_py_examples/bumperbot_py_examples.egg-info/SOURCES.txt'
[2.480s] writing manifest file '../../build/bumperbot_py_examples/bumperbot_py_examples.egg-info/SOURCES.txt'
[2.480s] running build
[2.480s] running build_py
[2.481s] creating /home/ofird/bumperbot_ws/build/bumperbot_py_examples/build
[2.481s] creating /home/ofird/bumperbot_ws/build/bumperbot_py_examples/build/lib
[2.481s] creating /home/ofird/bumperbot_ws/build/bumperbot_py_examples/build/lib/bumperbot_py_examples
[2.482s] copying bumperbot_py_examples/__init__.py -> /home/ofird/bumperbot_ws/build/bumperbot_py_examples/build/lib/bumperbot_py_examples
[2.482s] copying bumperbot_py_examples/simple_publisher.py -> /home/ofird/bumperbot_ws/build/bumperbot_py_examples/build/lib/bumperbot_py_examples
[2.482s] copying bumperbot_py_examples/simple_service_server.py -> /home/ofird/bumperbot_ws/build/bumperbot_py_examples/build/lib/bumperbot_py_examples
[2.483s] copying bumperbot_py_examples/simple_tf_kinematics.py -> /home/ofird/bumperbot_ws/build/bumperbot_py_examples/build/lib/bumperbot_py_examples
[2.483s] copying bumperbot_py_examples/simple_service_client.py -> /home/ofird/bumperbot_ws/build/bumperbot_py_examples/build/lib/bumperbot_py_examples
[2.483s] copying bumperbot_py_examples/simple_parameter.py -> /home/ofird/bumperbot_ws/build/bumperbot_py_examples/build/lib/bumperbot_py_examples
[2.484s] copying bumperbot_py_examples/simple_turtlesim_kinematics.py -> /home/ofird/bumperbot_ws/build/bumperbot_py_examples/build/lib/bumperbot_py_examples
[2.484s] copying bumperbot_py_examples/simple_subscriber.py -> /home/ofird/bumperbot_ws/build/bumperbot_py_examples/build/lib/bumperbot_py_examples
[2.485s] running install
[2.498s] running install_lib
[2.546s] creating /home/ofird/bumperbot_ws/install/bumperbot_py_examples/lib/python3.12/site-packages/bumperbot_py_examples
[2.547s] copying /home/ofird/bumperbot_ws/build/bumperbot_py_examples/build/lib/bumperbot_py_examples/__init__.py -> /home/ofird/bumperbot_ws/install/bumperbot_py_examples/lib/python3.12/site-packages/bumperbot_py_examples
[2.547s] copying /home/ofird/bumperbot_ws/build/bumperbot_py_examples/build/lib/bumperbot_py_examples/simple_publisher.py -> /home/ofird/bumperbot_ws/install/bumperbot_py_examples/lib/python3.12/site-packages/bumperbot_py_examples
[2.547s] copying /home/ofird/bumperbot_ws/build/bumperbot_py_examples/build/lib/bumperbot_py_examples/simple_service_server.py -> /home/ofird/bumperbot_ws/install/bumperbot_py_examples/lib/python3.12/site-packages/bumperbot_py_examples
[2.548s] copying /home/ofird/bumperbot_ws/build/bumperbot_py_examples/build/lib/bumperbot_py_examples/simple_tf_kinematics.py -> /home/ofird/bumperbot_ws/install/bumperbot_py_examples/lib/python3.12/site-packages/bumperbot_py_examples
[2.548s] copying /home/ofird/bumperbot_ws/build/bumperbot_py_examples/build/lib/bumperbot_py_examples/simple_service_client.py -> /home/ofird/bumperbot_ws/install/bumperbot_py_examples/lib/python3.12/site-packages/bumperbot_py_examples
[2.548s] copying /home/ofird/bumperbot_ws/build/bumperbot_py_examples/build/lib/bumperbot_py_examples/simple_parameter.py -> /home/ofird/bumperbot_ws/install/bumperbot_py_examples/lib/python3.12/site-packages/bumperbot_py_examples
[2.549s] copying /home/ofird/bumperbot_ws/build/bumperbot_py_examples/build/lib/bumperbot_py_examples/simple_turtlesim_kinematics.py -> /home/ofird/bumperbot_ws/install/bumperbot_py_examples/lib/python3.12/site-packages/bumperbot_py_examples
[2.549s] copying /home/ofird/bumperbot_ws/build/bumperbot_py_examples/build/lib/bumperbot_py_examples/simple_subscriber.py -> /home/ofird/bumperbot_ws/install/bumperbot_py_examples/lib/python3.12/site-packages/bumperbot_py_examples
[2.550s] byte-compiling /home/ofird/bumperbot_ws/install/bumperbot_py_examples/lib/python3.12/site-packages/bumperbot_py_examples/__init__.py to __init__.cpython-312.pyc
[2.550s] byte-compiling /home/ofird/bumperbot_ws/install/bumperbot_py_examples/lib/python3.12/site-packages/bumperbot_py_examples/simple_publisher.py to simple_publisher.cpython-312.pyc
[2.551s] byte-compiling /home/ofird/bumperbot_ws/install/bumperbot_py_examples/lib/python3.12/site-packages/bumperbot_py_examples/simple_service_server.py to simple_service_server.cpython-312.pyc
[2.552s] byte-compiling /home/ofird/bumperbot_ws/install/bumperbot_py_examples/lib/python3.12/site-packages/bumperbot_py_examples/simple_tf_kinematics.py to simple_tf_kinematics.cpython-312.pyc
[2.555s] byte-compiling /home/ofird/bumperbot_ws/install/bumperbot_py_examples/lib/python3.12/site-packages/bumperbot_py_examples/simple_service_client.py to simple_service_client.cpython-312.pyc
[2.556s] byte-compiling /home/ofird/bumperbot_ws/install/bumperbot_py_examples/lib/python3.12/site-packages/bumperbot_py_examples/simple_parameter.py to simple_parameter.cpython-312.pyc
[2.557s] byte-compiling /home/ofird/bumperbot_ws/install/bumperbot_py_examples/lib/python3.12/site-packages/bumperbot_py_examples/simple_turtlesim_kinematics.py to simple_turtlesim_kinematics.cpython-312.pyc
[2.558s] byte-compiling /home/ofird/bumperbot_ws/install/bumperbot_py_examples/lib/python3.12/site-packages/bumperbot_py_examples/simple_subscriber.py to simple_subscriber.cpython-312.pyc
[2.559s] running install_data
[2.559s] creating /home/ofird/bumperbot_ws/install/bumperbot_py_examples/share/ament_index
[2.560s] creating /home/ofird/bumperbot_ws/install/bumperbot_py_examples/share/ament_index/resource_index
[2.560s] creating /home/ofird/bumperbot_ws/install/bumperbot_py_examples/share/ament_index/resource_index/packages
[2.560s] copying resource/bumperbot_py_examples -> /home/ofird/bumperbot_ws/install/bumperbot_py_examples/share/ament_index/resource_index/packages
[2.560s] copying package.xml -> /home/ofird/bumperbot_ws/install/bumperbot_py_examples/share/bumperbot_py_examples
[2.561s] running install_egg_info
[2.611s] Copying ../../build/bumperbot_py_examples/bumperbot_py_examples.egg-info to /home/ofird/bumperbot_ws/install/bumperbot_py_examples/lib/python3.12/site-packages/bumperbot_py_examples-0.0.0-py3.12.egg-info
[2.613s] running install_scripts
[2.902s] Installing simple_parameter script to /home/ofird/bumperbot_ws/install/bumperbot_py_examples/lib/bumperbot_py_examples
[2.902s] Installing simple_publisher script to /home/ofird/bumperbot_ws/install/bumperbot_py_examples/lib/bumperbot_py_examples
[2.903s] Installing simple_service_client script to /home/ofird/bumperbot_ws/install/bumperbot_py_examples/lib/bumperbot_py_examples
[2.903s] Installing simple_service_server script to /home/ofird/bumperbot_ws/install/bumperbot_py_examples/lib/bumperbot_py_examples
[2.904s] Installing simple_subscriber script to /home/ofird/bumperbot_ws/install/bumperbot_py_examples/lib/bumperbot_py_examples
[2.904s] Installing simple_tf_kinematics script to /home/ofird/bumperbot_ws/install/bumperbot_py_examples/lib/bumperbot_py_examples
[2.904s] Installing simple_turtlesim_kinematics script to /home/ofird/bumperbot_ws/install/bumperbot_py_examples/lib/bumperbot_py_examples
[2.905s] writing list of installed files to '/home/ofird/bumperbot_ws/build/bumperbot_py_examples/install.log'
[2.966s] Invoked command in '/home/ofird/bumperbot_ws/src/bumperbot_py_examples' returned '0': AMENT_PREFIX_PATH=/home/ofird/bumperbot_ws/install/bumperbot_msgs:${AMENT_PREFIX_PATH} CMAKE_PREFIX_PATH=/home/ofird/bumperbot_ws/install/bumperbot_msgs:${CMAKE_PREFIX_PATH} DEBUGINFOD_URLS=https://debuginfod.ubuntu.com LD_LIBRARY_PATH=/home/ofird/bumperbot_ws/install/bumperbot_msgs/lib:${LD_LIBRARY_PATH} PYTHONPATH=/home/ofird/bumperbot_ws/build/bumperbot_py_examples/prefix_override:/usr/lib/python3/dist-packages/colcon_core/task/python/colcon_distutils_commands:/home/ofird/bumperbot_ws/install/bumperbot_py_examples/lib/python3.12/site-packages:/home/ofird/bumperbot_ws/install/bumperbot_msgs/lib/python3.12/site-packages:${PYTHONPATH} /usr/bin/python3 -W ignore:setup.py install is deprecated -W ignore:easy_install command is deprecated setup.py egg_info --egg-base ../../build/bumperbot_py_examples build --build-base /home/ofird/bumperbot_ws/build/bumperbot_py_examples/build install --record /home/ofird/bumperbot_ws/build/bumperbot_py_examples/install.log --single-version-externally-managed install_data
