[0.020s] Invoking command in '/home/ofird/bumperbot_ws/build/bumperbot_description': CMAKE_PREFIX_PATH=${CMAKE_PREFIX_PATH}:/opt/ros/jazzy DEBUGINFOD_URLS=https://debuginfod.ubuntu.com /usr/bin/cmake /home/ofird/bumperbot_ws/src/bumperbot_description -DCMAKE_INSTALL_PREFIX=/home/ofird/bumperbot_ws/install/bumperbot_description
[0.122s] -- The C compiler identification is GNU 13.3.0
[0.240s] -- The CXX compiler identification is GNU 13.3.0
[0.272s] -- Detecting C compiler ABI info
[0.471s] -- Detecting C compiler ABI info - done
[0.496s] -- Check for working C compiler: /usr/bin/cc - skipped
[0.497s] -- Detecting C compile features
[0.499s] -- Detecting C compile features - done
[0.520s] -- Detecting CXX compiler ABI info
[0.720s] -- Detecting CXX compiler ABI info - done
[0.743s] -- Check for working CXX compiler: /usr/bin/c++ - skipped
[0.744s] -- Detecting CXX compile features
[0.745s] -- Detecting CXX compile features - done
[0.753s] -- Found ament_cmake: 2.5.4 (/opt/ros/jazzy/share/ament_cmake/cmake)
[1.071s] -- Found Python3: /usr/bin/python3 (found version "3.12.3") found components: Interpreter 
[1.320s] -- Found urdf: 2.10.0 (/opt/ros/jazzy/share/urdf/cmake)
[1.415s] -- Found TinyXML2 via Config file: /usr/lib/x86_64-linux-gnu/cmake/tinyxml2
[1.446s] -- Found ament_lint_auto: 0.17.2 (/opt/ros/jazzy/share/ament_lint_auto/cmake)
[1.671s] -- Added test 'copyright' to check source files copyright and LICENSE
[1.677s] -- Added test 'flake8' to check Python code syntax and style conventions
[1.678s] -- Configured 'flake8' exclude dirs and/or files: 
[1.679s] -- Added test 'lint_cmake' to check CMake code style
[1.681s] -- Added test 'pep257' to check Python code against some of the docstring style conventions in PEP 257
[1.685s] -- Added test 'xmllint' to check XML markup files
[1.689s] -- Configuring done (1.7s)
[1.699s] -- Generating done (0.0s)
[1.703s] -- Build files have been written to: /home/ofird/bumperbot_ws/build/bumperbot_description
[1.716s] Invoked command in '/home/ofird/bumperbot_ws/build/bumperbot_description' returned '0': CMAKE_PREFIX_PATH=${CMAKE_PREFIX_PATH}:/opt/ros/jazzy DEBUGINFOD_URLS=https://debuginfod.ubuntu.com /usr/bin/cmake /home/ofird/bumperbot_ws/src/bumperbot_description -DCMAKE_INSTALL_PREFIX=/home/ofird/bumperbot_ws/install/bumperbot_description
[1.719s] Invoking command in '/home/ofird/bumperbot_ws/build/bumperbot_description': CMAKE_PREFIX_PATH=${CMAKE_PREFIX_PATH}:/opt/ros/jazzy DEBUGINFOD_URLS=https://debuginfod.ubuntu.com /usr/bin/cmake --build /home/ofird/bumperbot_ws/build/bumperbot_description -- -j8 -l8
[1.793s] Invoked command in '/home/ofird/bumperbot_ws/build/bumperbot_description' returned '0': CMAKE_PREFIX_PATH=${CMAKE_PREFIX_PATH}:/opt/ros/jazzy DEBUGINFOD_URLS=https://debuginfod.ubuntu.com /usr/bin/cmake --build /home/ofird/bumperbot_ws/build/bumperbot_description -- -j8 -l8
[1.812s] Invoking command in '/home/ofird/bumperbot_ws/build/bumperbot_description': CMAKE_PREFIX_PATH=${CMAKE_PREFIX_PATH}:/opt/ros/jazzy DEBUGINFOD_URLS=https://debuginfod.ubuntu.com /usr/bin/cmake --install /home/ofird/bumperbot_ws/build/bumperbot_description
[1.826s] -- Install configuration: ""
[1.827s] -- Installing: /home/ofird/bumperbot_ws/install/bumperbot_description/share/bumperbot_description/launch
[1.827s] -- Installing: /home/ofird/bumperbot_ws/install/bumperbot_description/share/bumperbot_description/launch/display.launch.py
[1.827s] -- Installing: /home/ofird/bumperbot_ws/install/bumperbot_description/share/bumperbot_description/launch/gazebo.launch.py
[1.828s] -- Installing: /home/ofird/bumperbot_ws/install/bumperbot_description/share/bumperbot_description/meshes
[1.828s] -- Installing: /home/ofird/bumperbot_ws/install/bumperbot_description/share/bumperbot_description/meshes/imu_link.STL
[1.828s] -- Installing: /home/ofird/bumperbot_ws/install/bumperbot_description/share/bumperbot_description/meshes/wheel_right_link.STL
[1.829s] -- Installing: /home/ofird/bumperbot_ws/install/bumperbot_description/share/bumperbot_description/meshes/can.STL
[1.830s] -- Installing: /home/ofird/bumperbot_ws/install/bumperbot_description/share/bumperbot_description/meshes/base_link.STL
[1.847s] -- Installing: /home/ofird/bumperbot_ws/install/bumperbot_description/share/bumperbot_description/meshes/caster_front_link.STL
[1.847s] -- Installing: /home/ofird/bumperbot_ws/install/bumperbot_description/share/bumperbot_description/meshes/wheel_left_link.STL
[1.849s] -- Installing: /home/ofird/bumperbot_ws/install/bumperbot_description/share/bumperbot_description/meshes/caster_rear_link.STL
[1.850s] -- Installing: /home/ofird/bumperbot_ws/install/bumperbot_description/share/bumperbot_description/urdf
[1.850s] -- Installing: /home/ofird/bumperbot_ws/install/bumperbot_description/share/bumperbot_description/urdf/bumperbot_gazebo.xacro
[1.850s] -- Installing: /home/ofird/bumperbot_ws/install/bumperbot_description/share/bumperbot_description/urdf/bumperbot.urdf.xacro
[1.851s] -- Installing: /home/ofird/bumperbot_ws/install/bumperbot_description/share/bumperbot_description/urdf/bumperbot_ros2_control.xacro
[1.851s] -- Installing: /home/ofird/bumperbot_ws/install/bumperbot_description/share/bumperbot_description/rviz
[1.851s] -- Installing: /home/ofird/bumperbot_ws/install/bumperbot_description/share/bumperbot_description/rviz/display.rviz
[1.852s] -- Installing: /home/ofird/bumperbot_ws/install/bumperbot_description/share/ament_index/resource_index/package_run_dependencies/bumperbot_description
[1.852s] -- Installing: /home/ofird/bumperbot_ws/install/bumperbot_description/share/ament_index/resource_index/parent_prefix_path/bumperbot_description
[1.852s] -- Installing: /home/ofird/bumperbot_ws/install/bumperbot_description/share/bumperbot_description/environment/ament_prefix_path.sh
[1.853s] -- Installing: /home/ofird/bumperbot_ws/install/bumperbot_description/share/bumperbot_description/environment/ament_prefix_path.dsv
[1.853s] -- Installing: /home/ofird/bumperbot_ws/install/bumperbot_description/share/bumperbot_description/environment/path.sh
[1.853s] -- Installing: /home/ofird/bumperbot_ws/install/bumperbot_description/share/bumperbot_description/environment/path.dsv
[1.853s] -- Installing: /home/ofird/bumperbot_ws/install/bumperbot_description/share/bumperbot_description/local_setup.bash
[1.854s] -- Installing: /home/ofird/bumperbot_ws/install/bumperbot_description/share/bumperbot_description/local_setup.sh
[1.854s] -- Installing: /home/ofird/bumperbot_ws/install/bumperbot_description/share/bumperbot_description/local_setup.zsh
[1.854s] -- Installing: /home/ofird/bumperbot_ws/install/bumperbot_description/share/bumperbot_description/local_setup.dsv
[1.854s] -- Installing: /home/ofird/bumperbot_ws/install/bumperbot_description/share/bumperbot_description/package.dsv
[1.855s] -- Installing: /home/ofird/bumperbot_ws/install/bumperbot_description/share/ament_index/resource_index/packages/bumperbot_description
[1.855s] -- Installing: /home/ofird/bumperbot_ws/install/bumperbot_description/share/bumperbot_description/cmake/bumperbot_descriptionConfig.cmake
[1.855s] -- Installing: /home/ofird/bumperbot_ws/install/bumperbot_description/share/bumperbot_description/cmake/bumperbot_descriptionConfig-version.cmake
[1.856s] -- Installing: /home/ofird/bumperbot_ws/install/bumperbot_description/share/bumperbot_description/package.xml
[1.858s] Invoked command in '/home/ofird/bumperbot_ws/build/bumperbot_description' returned '0': CMAKE_PREFIX_PATH=${CMAKE_PREFIX_PATH}:/opt/ros/jazzy DEBUGINFOD_URLS=https://debuginfod.ubuntu.com /usr/bin/cmake --install /home/ofird/bumperbot_ws/build/bumperbot_description
