[3.903s] Invoking command in '/home/ofird/bumperbot_ws/src/bumperbot_py_examples': AMENT_PREFIX_PATH=/home/ofird/bumperbot_ws/install/bumperbot_msgs:${AMENT_PREFIX_PATH} CMAKE_PREFIX_PATH=/home/ofird/bumperbot_ws/install/bumperbot_msgs:${CMAKE_PREFIX_PATH} DEBUGINFOD_URLS=https://debuginfod.ubuntu.com LD_LIBRARY_PATH=/home/ofird/bumperbot_ws/install/bumperbot_msgs/lib:${LD_LIBRARY_PATH} PYTHONPATH=/home/ofird/bumperbot_ws/build/bumperbot_py_examples/prefix_override:/usr/lib/python3/dist-packages/colcon_core/task/python/colcon_distutils_commands:/home/ofird/bumperbot_ws/install/bumperbot_py_examples/lib/python3.12/site-packages:/home/ofird/bumperbot_ws/install/bumperbot_msgs/lib/python3.12/site-packages:${PYTHONPATH} /usr/bin/python3 -W ignore:setup.py install is deprecated -W ignore:easy_install command is deprecated setup.py egg_info --egg-base ../../build/bumperbot_py_examples build --build-base /home/ofird/bumperbot_ws/build/bumperbot_py_examples/build install --record /home/ofird/bumperbot_ws/build/bumperbot_py_examples/install.log --single-version-externally-managed install_data
[4.956s] running egg_info
[5.048s] writing ../../build/bumperbot_py_examples/bumperbot_py_examples.egg-info/PKG-INFO
[5.049s] writing dependency_links to ../../build/bumperbot_py_examples/bumperbot_py_examples.egg-info/dependency_links.txt
[5.049s] writing entry points to ../../build/bumperbot_py_examples/bumperbot_py_examples.egg-info/entry_points.txt
[5.050s] writing requirements to ../../build/bumperbot_py_examples/bumperbot_py_examples.egg-info/requires.txt
[5.050s] writing top-level names to ../../build/bumperbot_py_examples/bumperbot_py_examples.egg-info/top_level.txt
[5.227s] reading manifest file '../../build/bumperbot_py_examples/bumperbot_py_examples.egg-info/SOURCES.txt'
[5.230s] writing manifest file '../../build/bumperbot_py_examples/bumperbot_py_examples.egg-info/SOURCES.txt'
[5.231s] running build
[5.231s] running build_py
[5.235s] running install
[5.258s] running install_lib
[5.306s] running install_data
[5.307s] running install_egg_info
[5.351s] removing '/home/ofird/bumperbot_ws/install/bumperbot_py_examples/lib/python3.12/site-packages/bumperbot_py_examples-0.0.0-py3.12.egg-info' (and everything under it)
[5.359s] Copying ../../build/bumperbot_py_examples/bumperbot_py_examples.egg-info to /home/ofird/bumperbot_ws/install/bumperbot_py_examples/lib/python3.12/site-packages/bumperbot_py_examples-0.0.0-py3.12.egg-info
[5.361s] running install_scripts
[5.708s] Installing simple_parameter script to /home/ofird/bumperbot_ws/install/bumperbot_py_examples/lib/bumperbot_py_examples
[5.708s] Installing simple_publisher script to /home/ofird/bumperbot_ws/install/bumperbot_py_examples/lib/bumperbot_py_examples
[5.709s] Installing simple_service_client script to /home/ofird/bumperbot_ws/install/bumperbot_py_examples/lib/bumperbot_py_examples
[5.709s] Installing simple_service_server script to /home/ofird/bumperbot_ws/install/bumperbot_py_examples/lib/bumperbot_py_examples
[5.710s] Installing simple_subscriber script to /home/ofird/bumperbot_ws/install/bumperbot_py_examples/lib/bumperbot_py_examples
[5.710s] Installing simple_tf_kinematics script to /home/ofird/bumperbot_ws/install/bumperbot_py_examples/lib/bumperbot_py_examples
[5.711s] Installing simple_turtlesim_kinematics script to /home/ofird/bumperbot_ws/install/bumperbot_py_examples/lib/bumperbot_py_examples
[5.712s] writing list of installed files to '/home/ofird/bumperbot_ws/build/bumperbot_py_examples/install.log'
[5.780s] Invoked command in '/home/ofird/bumperbot_ws/src/bumperbot_py_examples' returned '0': AMENT_PREFIX_PATH=/home/ofird/bumperbot_ws/install/bumperbot_msgs:${AMENT_PREFIX_PATH} CMAKE_PREFIX_PATH=/home/ofird/bumperbot_ws/install/bumperbot_msgs:${CMAKE_PREFIX_PATH} DEBUGINFOD_URLS=https://debuginfod.ubuntu.com LD_LIBRARY_PATH=/home/ofird/bumperbot_ws/install/bumperbot_msgs/lib:${LD_LIBRARY_PATH} PYTHONPATH=/home/ofird/bumperbot_ws/build/bumperbot_py_examples/prefix_override:/usr/lib/python3/dist-packages/colcon_core/task/python/colcon_distutils_commands:/home/ofird/bumperbot_ws/install/bumperbot_py_examples/lib/python3.12/site-packages:/home/ofird/bumperbot_ws/install/bumperbot_msgs/lib/python3.12/site-packages:${PYTHONPATH} /usr/bin/python3 -W ignore:setup.py install is deprecated -W ignore:easy_install command is deprecated setup.py egg_info --egg-base ../../build/bumperbot_py_examples build --build-base /home/ofird/bumperbot_ws/build/bumperbot_py_examples/build install --record /home/ofird/bumperbot_ws/build/bumperbot_py_examples/install.log --single-version-externally-managed install_data
