[2.545s] Invoking command in '/home/ofird/bumperbot_ws/src/bumperbot_py_examples': AMENT_PREFIX_PATH=/home/ofird/bumperbot_ws/install/bumperbot_msgs:${AMENT_PREFIX_PATH} CMAKE_PREFIX_PATH=/home/ofird/bumperbot_ws/install/bumperbot_msgs:${CMAKE_PREFIX_PATH} DEBUGINFOD_URLS=https://debuginfod.ubuntu.com LD_LIBRARY_PATH=/home/ofird/bumperbot_ws/install/bumperbot_msgs/lib:${LD_LIBRARY_PATH} PYTHONPATH=/home/ofird/bumperbot_ws/build/bumperbot_py_examples/prefix_override:/usr/lib/python3/dist-packages/colcon_core/task/python/colcon_distutils_commands:/home/ofird/bumperbot_ws/install/bumperbot_py_examples/lib/python3.12/site-packages:/home/ofird/bumperbot_ws/install/bumperbot_msgs/lib/python3.12/site-packages:${PYTHONPATH} /usr/bin/python3 -W ignore:setup.py install is deprecated -W ignore:easy_install command is deprecated setup.py egg_info --egg-base ../../build/bumperbot_py_examples build --build-base /home/ofird/bumperbot_ws/build/bumperbot_py_examples/build install --record /home/ofird/bumperbot_ws/build/bumperbot_py_examples/install.log --single-version-externally-managed install_data
[3.099s] running egg_info
[3.141s] writing ../../build/bumperbot_py_examples/bumperbot_py_examples.egg-info/PKG-INFO
[3.141s] writing dependency_links to ../../build/bumperbot_py_examples/bumperbot_py_examples.egg-info/dependency_links.txt
[3.142s] writing entry points to ../../build/bumperbot_py_examples/bumperbot_py_examples.egg-info/entry_points.txt
[3.142s] writing requirements to ../../build/bumperbot_py_examples/bumperbot_py_examples.egg-info/requires.txt
[3.142s] writing top-level names to ../../build/bumperbot_py_examples/bumperbot_py_examples.egg-info/top_level.txt
[3.270s] reading manifest file '../../build/bumperbot_py_examples/bumperbot_py_examples.egg-info/SOURCES.txt'
[3.271s] writing manifest file '../../build/bumperbot_py_examples/bumperbot_py_examples.egg-info/SOURCES.txt'
[3.271s] running build
[3.271s] running build_py
[3.272s] running install
[3.293s] running install_lib
[3.351s] running install_data
[3.351s] running install_egg_info
[3.395s] removing '/home/ofird/bumperbot_ws/install/bumperbot_py_examples/lib/python3.12/site-packages/bumperbot_py_examples-0.0.0-py3.12.egg-info' (and everything under it)
[3.396s] Copying ../../build/bumperbot_py_examples/bumperbot_py_examples.egg-info to /home/ofird/bumperbot_ws/install/bumperbot_py_examples/lib/python3.12/site-packages/bumperbot_py_examples-0.0.0-py3.12.egg-info
[3.398s] running install_scripts
[3.672s] Installing simple_parameter script to /home/ofird/bumperbot_ws/install/bumperbot_py_examples/lib/bumperbot_py_examples
[3.672s] Installing simple_publisher script to /home/ofird/bumperbot_ws/install/bumperbot_py_examples/lib/bumperbot_py_examples
[3.672s] Installing simple_service_client script to /home/ofird/bumperbot_ws/install/bumperbot_py_examples/lib/bumperbot_py_examples
[3.673s] Installing simple_service_server script to /home/ofird/bumperbot_ws/install/bumperbot_py_examples/lib/bumperbot_py_examples
[3.673s] Installing simple_subscriber script to /home/ofird/bumperbot_ws/install/bumperbot_py_examples/lib/bumperbot_py_examples
[3.673s] Installing simple_tf_kinematics script to /home/ofird/bumperbot_ws/install/bumperbot_py_examples/lib/bumperbot_py_examples
[3.673s] Installing simple_turtlesim_kinematics script to /home/ofird/bumperbot_ws/install/bumperbot_py_examples/lib/bumperbot_py_examples
[3.674s] writing list of installed files to '/home/ofird/bumperbot_ws/build/bumperbot_py_examples/install.log'
[3.729s] Invoked command in '/home/ofird/bumperbot_ws/src/bumperbot_py_examples' returned '0': AMENT_PREFIX_PATH=/home/ofird/bumperbot_ws/install/bumperbot_msgs:${AMENT_PREFIX_PATH} CMAKE_PREFIX_PATH=/home/ofird/bumperbot_ws/install/bumperbot_msgs:${CMAKE_PREFIX_PATH} DEBUGINFOD_URLS=https://debuginfod.ubuntu.com LD_LIBRARY_PATH=/home/ofird/bumperbot_ws/install/bumperbot_msgs/lib:${LD_LIBRARY_PATH} PYTHONPATH=/home/ofird/bumperbot_ws/build/bumperbot_py_examples/prefix_override:/usr/lib/python3/dist-packages/colcon_core/task/python/colcon_distutils_commands:/home/ofird/bumperbot_ws/install/bumperbot_py_examples/lib/python3.12/site-packages:/home/ofird/bumperbot_ws/install/bumperbot_msgs/lib/python3.12/site-packages:${PYTHONPATH} /usr/bin/python3 -W ignore:setup.py install is deprecated -W ignore:easy_install command is deprecated setup.py egg_info --egg-base ../../build/bumperbot_py_examples build --build-base /home/ofird/bumperbot_ws/build/bumperbot_py_examples/build install --record /home/ofird/bumperbot_ws/build/bumperbot_py_examples/install.log --single-version-externally-managed install_data
