[0.035s] Invoking command in '/home/ofird/bumperbot_ws/src/build/bumperbot_description': CMAKE_PREFIX_PATH=${CMAKE_PREFIX_PATH}:/opt/ros/jazzy DEBUGINFOD_URLS=https://debuginfod.ubuntu.com /usr/bin/cmake /home/ofird/bumperbot_ws/src/bumperbot_description -DCMAKE_INSTALL_PREFIX=/home/ofird/bumperbot_ws/src/install/bumperbot_description
[0.149s] -- The C compiler identification is GNU 13.3.0
[0.284s] -- The CXX compiler identification is GNU 13.3.0
[0.355s] -- Detecting C compiler ABI info
[0.638s] -- Detecting C compiler ABI info - done
[0.669s] -- Check for working C compiler: /usr/bin/cc - skipped
[0.669s] -- Detecting C compile features
[0.671s] -- Detecting C compile features - done
[0.696s] -- Detecting CXX compiler ABI info
[1.047s] -- Detecting CXX compiler ABI info - done
[1.102s] -- Check for working CXX compiler: /usr/bin/c++ - skipped
[1.102s] -- Detecting CXX compile features
[1.104s] -- Detecting CXX compile features - done
[1.119s] -- Found ament_cmake: 2.5.4 (/opt/ros/jazzy/share/ament_cmake/cmake)
[1.599s] -- Found Python3: /usr/bin/python3 (found version "3.12.3") found components: Interpreter 
[1.895s] -- Found ament_lint_auto: 0.17.2 (/opt/ros/jazzy/share/ament_lint_auto/cmake)
[2.192s] -- Added test 'lint_cmake' to check CMake code style
[2.196s] -- Added test 'xmllint' to check XML markup files
[2.204s] -- Configuring done (2.2s)
[2.216s] -- Generating done (0.0s)
[2.223s] -- Build files have been written to: /home/ofird/bumperbot_ws/src/build/bumperbot_description
[2.238s] Invoked command in '/home/ofird/bumperbot_ws/src/build/bumperbot_description' returned '0': CMAKE_PREFIX_PATH=${CMAKE_PREFIX_PATH}:/opt/ros/jazzy DEBUGINFOD_URLS=https://debuginfod.ubuntu.com /usr/bin/cmake /home/ofird/bumperbot_ws/src/bumperbot_description -DCMAKE_INSTALL_PREFIX=/home/ofird/bumperbot_ws/src/install/bumperbot_description
[2.242s] Invoking command in '/home/ofird/bumperbot_ws/src/build/bumperbot_description': CMAKE_PREFIX_PATH=${CMAKE_PREFIX_PATH}:/opt/ros/jazzy DEBUGINFOD_URLS=https://debuginfod.ubuntu.com /usr/bin/cmake --build /home/ofird/bumperbot_ws/src/build/bumperbot_description -- -j8 -l8
[2.368s] Invoked command in '/home/ofird/bumperbot_ws/src/build/bumperbot_description' returned '0': CMAKE_PREFIX_PATH=${CMAKE_PREFIX_PATH}:/opt/ros/jazzy DEBUGINFOD_URLS=https://debuginfod.ubuntu.com /usr/bin/cmake --build /home/ofird/bumperbot_ws/src/build/bumperbot_description -- -j8 -l8
[2.398s] Invoking command in '/home/ofird/bumperbot_ws/src/build/bumperbot_description': CMAKE_PREFIX_PATH=${CMAKE_PREFIX_PATH}:/opt/ros/jazzy DEBUGINFOD_URLS=https://debuginfod.ubuntu.com /usr/bin/cmake --install /home/ofird/bumperbot_ws/src/build/bumperbot_description
[2.418s] -- Install configuration: ""
[2.419s] -- Installing: /home/ofird/bumperbot_ws/src/install/bumperbot_description/share/ament_index/resource_index/package_run_dependencies/bumperbot_description
[2.419s] -- Installing: /home/ofird/bumperbot_ws/src/install/bumperbot_description/share/ament_index/resource_index/parent_prefix_path/bumperbot_description
[2.420s] -- Installing: /home/ofird/bumperbot_ws/src/install/bumperbot_description/share/bumperbot_description/environment/ament_prefix_path.sh
[2.420s] -- Installing: /home/ofird/bumperbot_ws/src/install/bumperbot_description/share/bumperbot_description/environment/ament_prefix_path.dsv
[2.421s] -- Installing: /home/ofird/bumperbot_ws/src/install/bumperbot_description/share/bumperbot_description/environment/path.sh
[2.421s] -- Installing: /home/ofird/bumperbot_ws/src/install/bumperbot_description/share/bumperbot_description/environment/path.dsv
[2.422s] -- Installing: /home/ofird/bumperbot_ws/src/install/bumperbot_description/share/bumperbot_description/local_setup.bash
[2.422s] -- Installing: /home/ofird/bumperbot_ws/src/install/bumperbot_description/share/bumperbot_description/local_setup.sh
[2.423s] -- Installing: /home/ofird/bumperbot_ws/src/install/bumperbot_description/share/bumperbot_description/local_setup.zsh
[2.423s] -- Installing: /home/ofird/bumperbot_ws/src/install/bumperbot_description/share/bumperbot_description/local_setup.dsv
[2.423s] -- Installing: /home/ofird/bumperbot_ws/src/install/bumperbot_description/share/bumperbot_description/package.dsv
[2.424s] -- Installing: /home/ofird/bumperbot_ws/src/install/bumperbot_description/share/ament_index/resource_index/packages/bumperbot_description
[2.424s] -- Installing: /home/ofird/bumperbot_ws/src/install/bumperbot_description/share/bumperbot_description/cmake/bumperbot_descriptionConfig.cmake
[2.425s] -- Installing: /home/ofird/bumperbot_ws/src/install/bumperbot_description/share/bumperbot_description/cmake/bumperbot_descriptionConfig-version.cmake
[2.425s] -- Installing: /home/ofird/bumperbot_ws/src/install/bumperbot_description/share/bumperbot_description/package.xml
[2.429s] Invoked command in '/home/ofird/bumperbot_ws/src/build/bumperbot_description' returned '0': CMAKE_PREFIX_PATH=${CMAKE_PREFIX_PATH}:/opt/ros/jazzy DEBUGINFOD_URLS=https://debuginfod.ubuntu.com /usr/bin/cmake --install /home/ofird/bumperbot_ws/src/build/bumperbot_description
