[2.761s] Invoking command in '/home/ofird/bumperbot_ws/src/bumperbot_py_examples': DEBUGINFOD_URLS=https://debuginfod.ubuntu.com PYTHONPATH=/home/ofird/bumperbot_ws/src/build/bumperbot_py_examples/prefix_override:/usr/lib/python3/dist-packages/colcon_core/task/python/colcon_distutils_commands:/home/ofird/bumperbot_ws/src/install/bumperbot_py_examples/lib/python3.12/site-packages:${PYTHONPATH} /usr/bin/python3 -W ignore:setup.py install is deprecated -W ignore:easy_install command is deprecated setup.py egg_info --egg-base ../build/bumperbot_py_examples build --build-base /home/ofird/bumperbot_ws/src/build/bumperbot_py_examples/build install --record /home/ofird/bumperbot_ws/src/build/bumperbot_py_examples/install.log --single-version-externally-managed install_data
[3.389s] running egg_info
[3.390s] creating ../build/bumperbot_py_examples/bumperbot_py_examples.egg-info
[3.438s] writing ../build/bumperbot_py_examples/bumperbot_py_examples.egg-info/PKG-INFO
[3.439s] writing dependency_links to ../build/bumperbot_py_examples/bumperbot_py_examples.egg-info/dependency_links.txt
[3.439s] writing entry points to ../build/bumperbot_py_examples/bumperbot_py_examples.egg-info/entry_points.txt
[3.440s] writing requirements to ../build/bumperbot_py_examples/bumperbot_py_examples.egg-info/requires.txt
[3.440s] writing top-level names to ../build/bumperbot_py_examples/bumperbot_py_examples.egg-info/top_level.txt
[3.441s] writing manifest file '../build/bumperbot_py_examples/bumperbot_py_examples.egg-info/SOURCES.txt'
[3.548s] reading manifest file '../build/bumperbot_py_examples/bumperbot_py_examples.egg-info/SOURCES.txt'
[3.549s] writing manifest file '../build/bumperbot_py_examples/bumperbot_py_examples.egg-info/SOURCES.txt'
[3.550s] running build
[3.550s] running build_py
[3.550s] creating /home/ofird/bumperbot_ws/src/build/bumperbot_py_examples/build
[3.551s] creating /home/ofird/bumperbot_ws/src/build/bumperbot_py_examples/build/lib
[3.551s] creating /home/ofird/bumperbot_ws/src/build/bumperbot_py_examples/build/lib/bumperbot_py_examples
[3.551s] copying bumperbot_py_examples/__init__.py -> /home/ofird/bumperbot_ws/src/build/bumperbot_py_examples/build/lib/bumperbot_py_examples
[3.552s] copying bumperbot_py_examples/simple_publisher.py -> /home/ofird/bumperbot_ws/src/build/bumperbot_py_examples/build/lib/bumperbot_py_examples
[3.552s] copying bumperbot_py_examples/simple_subscriber.py -> /home/ofird/bumperbot_ws/src/build/bumperbot_py_examples/build/lib/bumperbot_py_examples
[3.553s] running install
[3.573s] running install_lib
[3.648s] creating /home/ofird/bumperbot_ws/src/install/bumperbot_py_examples/lib/python3.12/site-packages/bumperbot_py_examples
[3.648s] copying /home/ofird/bumperbot_ws/src/build/bumperbot_py_examples/build/lib/bumperbot_py_examples/__init__.py -> /home/ofird/bumperbot_ws/src/install/bumperbot_py_examples/lib/python3.12/site-packages/bumperbot_py_examples
[3.649s] copying /home/ofird/bumperbot_ws/src/build/bumperbot_py_examples/build/lib/bumperbot_py_examples/simple_publisher.py -> /home/ofird/bumperbot_ws/src/install/bumperbot_py_examples/lib/python3.12/site-packages/bumperbot_py_examples
[3.650s] copying /home/ofird/bumperbot_ws/src/build/bumperbot_py_examples/build/lib/bumperbot_py_examples/simple_subscriber.py -> /home/ofird/bumperbot_ws/src/install/bumperbot_py_examples/lib/python3.12/site-packages/bumperbot_py_examples
[3.652s] byte-compiling /home/ofird/bumperbot_ws/src/install/bumperbot_py_examples/lib/python3.12/site-packages/bumperbot_py_examples/__init__.py to __init__.cpython-312.pyc
[3.657s] byte-compiling /home/ofird/bumperbot_ws/src/install/bumperbot_py_examples/lib/python3.12/site-packages/bumperbot_py_examples/simple_publisher.py to simple_publisher.cpython-312.pyc
[3.658s] byte-compiling /home/ofird/bumperbot_ws/src/install/bumperbot_py_examples/lib/python3.12/site-packages/bumperbot_py_examples/simple_subscriber.py to simple_subscriber.cpython-312.pyc
[3.659s] running install_data
[3.659s] creating /home/ofird/bumperbot_ws/src/install/bumperbot_py_examples/share/ament_index
[3.660s] creating /home/ofird/bumperbot_ws/src/install/bumperbot_py_examples/share/ament_index/resource_index
[3.660s] creating /home/ofird/bumperbot_ws/src/install/bumperbot_py_examples/share/ament_index/resource_index/packages
[3.660s] copying resource/bumperbot_py_examples -> /home/ofird/bumperbot_ws/src/install/bumperbot_py_examples/share/ament_index/resource_index/packages
[3.662s] copying package.xml -> /home/ofird/bumperbot_ws/src/install/bumperbot_py_examples/share/bumperbot_py_examples
[3.662s] running install_egg_info
[3.774s] Copying ../build/bumperbot_py_examples/bumperbot_py_examples.egg-info to /home/ofird/bumperbot_ws/src/install/bumperbot_py_examples/lib/python3.12/site-packages/bumperbot_py_examples-0.0.0-py3.12.egg-info
[3.777s] running install_scripts
[4.413s] Installing simple_publisher script to /home/ofird/bumperbot_ws/src/install/bumperbot_py_examples/lib/bumperbot_py_examples
[4.413s] Installing simple_subscriber script to /home/ofird/bumperbot_ws/src/install/bumperbot_py_examples/lib/bumperbot_py_examples
[4.414s] writing list of installed files to '/home/ofird/bumperbot_ws/src/build/bumperbot_py_examples/install.log'
[4.481s] Invoked command in '/home/ofird/bumperbot_ws/src/bumperbot_py_examples' returned '0': DEBUGINFOD_URLS=https://debuginfod.ubuntu.com PYTHONPATH=/home/ofird/bumperbot_ws/src/build/bumperbot_py_examples/prefix_override:/usr/lib/python3/dist-packages/colcon_core/task/python/colcon_distutils_commands:/home/ofird/bumperbot_ws/src/install/bumperbot_py_examples/lib/python3.12/site-packages:${PYTHONPATH} /usr/bin/python3 -W ignore:setup.py install is deprecated -W ignore:easy_install command is deprecated setup.py egg_info --egg-base ../build/bumperbot_py_examples build --build-base /home/ofird/bumperbot_ws/src/build/bumperbot_py_examples/build install --record /home/ofird/bumperbot_ws/src/build/bumperbot_py_examples/install.log --single-version-externally-managed install_data
