[0.029s] Invoking command in '/home/ofird/bumperbot_ws/build/bumperbot_controller': CMAKE_PREFIX_PATH=${CMAKE_PREFIX_PATH}:/opt/ros/jazzy DEBUGINFOD_URLS=https://debuginfod.ubuntu.com /usr/bin/cmake --build /home/ofird/bumperbot_ws/build/bumperbot_controller -- -j8 -l8
[0.110s] -- Found ament_cmake: 2.5.4 (/opt/ros/jazzy/share/ament_cmake/cmake)
[1.368s] -- Found rclcpp: 28.1.9 (/opt/ros/jazzy/share/rclcpp/cmake)
[1.620s] -- Found rosidl_generator_c: 4.6.5 (/opt/ros/jazzy/share/rosidl_generator_c/cmake)
[1.650s] -- Found rosidl_generator_cpp: 4.6.5 (/opt/ros/jazzy/share/rosidl_generator_cpp/cmake)
[1.687s] -- Using all available rosidl_typesupport_c: rosidl_typesupport_fastrtps_c;rosidl_typesupport_introspection_c
[1.733s] -- Using all available rosidl_typesupport_cpp: rosidl_typesupport_fastrtps_cpp;rosidl_typesupport_introspection_cpp
[2.035s] -- Found rmw_implementation_cmake: 7.3.2 (/opt/ros/jazzy/share/rmw_implementation_cmake/cmake)
[2.038s] -- Found rmw_fastrtps_cpp: 8.4.2 (/opt/ros/jazzy/share/rmw_fastrtps_cpp/cmake)
[2.409s] -- Using RMW implementation 'rmw_fastrtps_cpp' as default
[2.767s] -- Found rclpy: 7.1.4 (/opt/ros/jazzy/share/rclpy/cmake)
[2.768s] -- Found geometry_msgs: 5.3.6 (/opt/ros/jazzy/share/geometry_msgs/cmake)
[3.041s] -- Found sensor_msgs: 5.3.6 (/opt/ros/jazzy/share/sensor_msgs/cmake)
[4.085s] -- Configuring done (4.0s)
[4.150s] -- Generating done (0.0s)
[4.181s] -- Build files have been written to: /home/ofird/bumperbot_ws/build/bumperbot_controller
[4.360s] [  0%] Built target ament_cmake_python_copy_bumperbot_controller
[4.419s] [100%] Built target simple_controller
[5.301s] running egg_info
[5.384s] writing bumperbot_controller.egg-info/PKG-INFO
[5.385s] writing dependency_links to bumperbot_controller.egg-info/dependency_links.txt
[5.386s] writing top-level names to bumperbot_controller.egg-info/top_level.txt
[5.646s] reading manifest file 'bumperbot_controller.egg-info/SOURCES.txt'
[5.647s] writing manifest file 'bumperbot_controller.egg-info/SOURCES.txt'
[5.718s] [100%] Built target ament_cmake_python_build_bumperbot_controller_egg
[5.744s] Invoked command in '/home/ofird/bumperbot_ws/build/bumperbot_controller' returned '0': CMAKE_PREFIX_PATH=${CMAKE_PREFIX_PATH}:/opt/ros/jazzy DEBUGINFOD_URLS=https://debuginfod.ubuntu.com /usr/bin/cmake --build /home/ofird/bumperbot_ws/build/bumperbot_controller -- -j8 -l8
[5.747s] Invoking command in '/home/ofird/bumperbot_ws/build/bumperbot_controller': CMAKE_PREFIX_PATH=${CMAKE_PREFIX_PATH}:/opt/ros/jazzy DEBUGINFOD_URLS=https://debuginfod.ubuntu.com /usr/bin/cmake --install /home/ofird/bumperbot_ws/build/bumperbot_controller
[5.766s] -- Install configuration: ""
[5.767s] -- Up-to-date: /home/ofird/bumperbot_ws/install/bumperbot_controller/share/bumperbot_controller/environment/pythonpath.sh
[5.767s] -- Up-to-date: /home/ofird/bumperbot_ws/install/bumperbot_controller/share/bumperbot_controller/environment/pythonpath.dsv
[5.768s] -- Up-to-date: /home/ofird/bumperbot_ws/install/bumperbot_controller/lib/python3.12/site-packages/bumperbot_controller-0.0.0-py3.12.egg-info
[5.768s] -- Installing: /home/ofird/bumperbot_ws/install/bumperbot_controller/lib/python3.12/site-packages/bumperbot_controller-0.0.0-py3.12.egg-info/top_level.txt
[5.769s] -- Installing: /home/ofird/bumperbot_ws/install/bumperbot_controller/lib/python3.12/site-packages/bumperbot_controller-0.0.0-py3.12.egg-info/SOURCES.txt
[5.770s] -- Installing: /home/ofird/bumperbot_ws/install/bumperbot_controller/lib/python3.12/site-packages/bumperbot_controller-0.0.0-py3.12.egg-info/PKG-INFO
[5.771s] -- Installing: /home/ofird/bumperbot_ws/install/bumperbot_controller/lib/python3.12/site-packages/bumperbot_controller-0.0.0-py3.12.egg-info/dependency_links.txt
[5.771s] -- Up-to-date: /home/ofird/bumperbot_ws/install/bumperbot_controller/lib/python3.12/site-packages/bumperbot_controller
[5.771s] -- Up-to-date: /home/ofird/bumperbot_ws/install/bumperbot_controller/lib/python3.12/site-packages/bumperbot_controller/__init__.py
[5.772s] -- Installing: /home/ofird/bumperbot_ws/install/bumperbot_controller/lib/python3.12/site-packages/bumperbot_controller/simple_controller.py
[5.887s] Listing '/home/ofird/bumperbot_ws/install/bumperbot_controller/lib/python3.12/site-packages/bumperbot_controller'...
[5.887s] Compiling '/home/ofird/bumperbot_ws/install/bumperbot_controller/lib/python3.12/site-packages/bumperbot_controller/simple_controller.py'...
[5.902s] -- Up-to-date: /home/ofird/bumperbot_ws/install/bumperbot_controller/include/include
[5.903s] -- Up-to-date: /home/ofird/bumperbot_ws/install/bumperbot_controller/include/include/bumperbot_controller
[5.903s] -- Up-to-date: /home/ofird/bumperbot_ws/install/bumperbot_controller/include/include/bumperbot_controller/simple_controller.hpp
[5.903s] -- Up-to-date: /home/ofird/bumperbot_ws/install/bumperbot_controller/lib/bumperbot_controller/simple_controller
[5.904s] -- Up-to-date: /home/ofird/bumperbot_ws/install/bumperbot_controller/share/bumperbot_controller/launch
[5.904s] -- Up-to-date: /home/ofird/bumperbot_ws/install/bumperbot_controller/share/bumperbot_controller/launch/joystick_teleop.launch.py
[5.905s] -- Installing: /home/ofird/bumperbot_ws/install/bumperbot_controller/share/bumperbot_controller/launch/controller.launch.py
[5.905s] -- Up-to-date: /home/ofird/bumperbot_ws/install/bumperbot_controller/share/bumperbot_controller/config
[5.906s] -- Up-to-date: /home/ofird/bumperbot_ws/install/bumperbot_controller/share/bumperbot_controller/config/bumperbot_controllers.yaml
[5.906s] -- Up-to-date: /home/ofird/bumperbot_ws/install/bumperbot_controller/share/bumperbot_controller/config/joy_teleop.yaml
[5.908s] -- Up-to-date: /home/ofird/bumperbot_ws/install/bumperbot_controller/share/bumperbot_controller/config/joy_config.yaml
[5.909s] -- Installing: /home/ofird/bumperbot_ws/install/bumperbot_controller/lib/bumperbot_controller/simple_controller.py
[5.911s] -- Installing: /home/ofird/bumperbot_ws/install/bumperbot_controller/share/ament_index/resource_index/package_run_dependencies/bumperbot_controller
[5.911s] -- Up-to-date: /home/ofird/bumperbot_ws/install/bumperbot_controller/share/ament_index/resource_index/parent_prefix_path/bumperbot_controller
[5.911s] -- Up-to-date: /home/ofird/bumperbot_ws/install/bumperbot_controller/share/bumperbot_controller/environment/ament_prefix_path.sh
[5.912s] -- Up-to-date: /home/ofird/bumperbot_ws/install/bumperbot_controller/share/bumperbot_controller/environment/ament_prefix_path.dsv
[5.912s] -- Up-to-date: /home/ofird/bumperbot_ws/install/bumperbot_controller/share/bumperbot_controller/environment/path.sh
[5.913s] -- Up-to-date: /home/ofird/bumperbot_ws/install/bumperbot_controller/share/bumperbot_controller/environment/path.dsv
[5.914s] -- Up-to-date: /home/ofird/bumperbot_ws/install/bumperbot_controller/share/bumperbot_controller/local_setup.bash
[5.914s] -- Up-to-date: /home/ofird/bumperbot_ws/install/bumperbot_controller/share/bumperbot_controller/local_setup.sh
[5.915s] -- Up-to-date: /home/ofird/bumperbot_ws/install/bumperbot_controller/share/bumperbot_controller/local_setup.zsh
[5.915s] -- Up-to-date: /home/ofird/bumperbot_ws/install/bumperbot_controller/share/bumperbot_controller/local_setup.dsv
[5.916s] -- Installing: /home/ofird/bumperbot_ws/install/bumperbot_controller/share/bumperbot_controller/package.dsv
[5.916s] -- Up-to-date: /home/ofird/bumperbot_ws/install/bumperbot_controller/share/ament_index/resource_index/packages/bumperbot_controller
[5.916s] -- Up-to-date: /home/ofird/bumperbot_ws/install/bumperbot_controller/share/bumperbot_controller/cmake/bumperbot_controllerConfig.cmake
[5.917s] -- Up-to-date: /home/ofird/bumperbot_ws/install/bumperbot_controller/share/bumperbot_controller/cmake/bumperbot_controllerConfig-version.cmake
[5.918s] -- Installing: /home/ofird/bumperbot_ws/install/bumperbot_controller/share/bumperbot_controller/package.xml
[5.918s] Invoked command in '/home/ofird/bumperbot_ws/build/bumperbot_controller' returned '0': CMAKE_PREFIX_PATH=${CMAKE_PREFIX_PATH}:/opt/ros/jazzy DEBUGINFOD_URLS=https://debuginfod.ubuntu.com /usr/bin/cmake --install /home/ofird/bumperbot_ws/build/bumperbot_controller
