[0.128s] DEBUG:colcon:Command line arguments: ['/usr/bin/colcon', 'build']
[0.128s] DEBUG:colcon:Parsed command line arguments: Namespace(log_base=None, log_level=None, verb_name='build', build_base='build', install_base='install', merge_install=False, symlink_install=False, test_result_base=None, continue_on_error=False, executor='parallel', parallel_workers=8, event_handlers=None, ignore_user_meta=False, metas=['./colcon.meta'], base_paths=['.'], packages_ignore=None, packages_ignore_regex=None, paths=None, packages_up_to=None, packages_up_to_regex=None, packages_above=None, packages_above_and_dependencies=None, packages_above_depth=None, packages_select_by_dep=None, packages_skip_by_dep=None, packages_skip_up_to=None, packages_select_build_failed=False, packages_skip_build_finished=False, packages_select_test_failures=False, packages_skip_test_passed=False, packages_select=None, packages_skip=None, packages_select_regex=None, packages_skip_regex=None, packages_start=None, packages_end=None, allow_overriding=[], cmake_args=None, cmake_target=None, cmake_target_skip_unavailable=False, cmake_clean_cache=False, cmake_clean_first=False, cmake_force_configure=False, ament_cmake_args=None, catkin_cmake_args=None, catkin_skip_building_tests=False, mixin_files=None, mixin=None, verb_parser=<colcon_mixin.mixin.mixin_argument.MixinArgumentDecorator object at 0x719078f94aa0>, verb_extension=<colcon_core.verb.build.BuildVerb object at 0x719078f1bc20>, main=<bound method BuildVerb.main of <colcon_core.verb.build.BuildVerb object at 0x719078f1bc20>>, mixin_verb=('build',))
[0.173s] Level 1:colcon.colcon_core.package_discovery:discover_packages(colcon_meta) check parameters
[0.173s] Level 1:colcon.colcon_core.package_discovery:discover_packages(recursive) check parameters
[0.173s] Level 1:colcon.colcon_core.package_discovery:discover_packages(ignore) check parameters
[0.173s] Level 1:colcon.colcon_core.package_discovery:discover_packages(path) check parameters
[0.173s] Level 1:colcon.colcon_core.package_discovery:discover_packages(colcon_meta) discover
[0.173s] Level 1:colcon.colcon_core.package_discovery:discover_packages(recursive) discover
[0.173s] INFO:colcon.colcon_core.package_discovery:Crawling recursively for packages in '/home/ofird/bumperbot_ws'
[0.173s] Level 1:colcon.colcon_core.package_identification:_identify(.) by extensions ['ignore', 'ignore_ament_install']
[0.174s] Level 1:colcon.colcon_core.package_identification:_identify(.) by extension 'ignore'
[0.174s] Level 1:colcon.colcon_core.package_identification:_identify(.) by extension 'ignore_ament_install'
[0.174s] Level 1:colcon.colcon_core.package_identification:_identify(.) by extensions ['colcon_pkg']
[0.174s] Level 1:colcon.colcon_core.package_identification:_identify(.) by extension 'colcon_pkg'
[0.174s] Level 1:colcon.colcon_core.package_identification:_identify(.) by extensions ['colcon_meta']
[0.174s] Level 1:colcon.colcon_core.package_identification:_identify(.) by extension 'colcon_meta'
[0.174s] Level 1:colcon.colcon_core.package_identification:_identify(.) by extensions ['ros']
[0.174s] Level 1:colcon.colcon_core.package_identification:_identify(.) by extension 'ros'
[0.205s] Level 1:colcon.colcon_core.package_identification:_identify(.) by extensions ['cmake', 'python']
[0.205s] Level 1:colcon.colcon_core.package_identification:_identify(.) by extension 'cmake'
[0.206s] Level 1:colcon.colcon_core.package_identification:_identify(.) by extension 'python'
[0.206s] Level 1:colcon.colcon_core.package_identification:_identify(.) by extensions ['python_setup_py']
[0.206s] Level 1:colcon.colcon_core.package_identification:_identify(.) by extension 'python_setup_py'
[0.206s] Level 1:colcon.colcon_core.package_identification:_identify(build) by extensions ['ignore', 'ignore_ament_install']
[0.206s] Level 1:colcon.colcon_core.package_identification:_identify(build) by extension 'ignore'
[0.206s] Level 1:colcon.colcon_core.package_identification:_identify(build) ignored
[0.207s] Level 1:colcon.colcon_core.package_identification:_identify(install) by extensions ['ignore', 'ignore_ament_install']
[0.207s] Level 1:colcon.colcon_core.package_identification:_identify(install) by extension 'ignore'
[0.207s] Level 1:colcon.colcon_core.package_identification:_identify(install) ignored
[0.207s] Level 1:colcon.colcon_core.package_identification:_identify(log) by extensions ['ignore', 'ignore_ament_install']
[0.207s] Level 1:colcon.colcon_core.package_identification:_identify(log) by extension 'ignore'
[0.207s] Level 1:colcon.colcon_core.package_identification:_identify(log) ignored
[0.207s] Level 1:colcon.colcon_core.package_identification:_identify(src) by extensions ['ignore', 'ignore_ament_install']
[0.208s] Level 1:colcon.colcon_core.package_identification:_identify(src) by extension 'ignore'
[0.208s] Level 1:colcon.colcon_core.package_identification:_identify(src) by extension 'ignore_ament_install'
[0.208s] Level 1:colcon.colcon_core.package_identification:_identify(src) by extensions ['colcon_pkg']
[0.208s] Level 1:colcon.colcon_core.package_identification:_identify(src) by extension 'colcon_pkg'
[0.208s] Level 1:colcon.colcon_core.package_identification:_identify(src) by extensions ['colcon_meta']
[0.208s] Level 1:colcon.colcon_core.package_identification:_identify(src) by extension 'colcon_meta'
[0.208s] Level 1:colcon.colcon_core.package_identification:_identify(src) by extensions ['ros']
[0.208s] Level 1:colcon.colcon_core.package_identification:_identify(src) by extension 'ros'
[0.208s] Level 1:colcon.colcon_core.package_identification:_identify(src) by extensions ['cmake', 'python']
[0.208s] Level 1:colcon.colcon_core.package_identification:_identify(src) by extension 'cmake'
[0.208s] Level 1:colcon.colcon_core.package_identification:_identify(src) by extension 'python'
[0.209s] Level 1:colcon.colcon_core.package_identification:_identify(src) by extensions ['python_setup_py']
[0.209s] Level 1:colcon.colcon_core.package_identification:_identify(src) by extension 'python_setup_py'
[0.209s] Level 1:colcon.colcon_core.package_identification:_identify(src/build) by extensions ['ignore', 'ignore_ament_install']
[0.209s] Level 1:colcon.colcon_core.package_identification:_identify(src/build) by extension 'ignore'
[0.209s] Level 1:colcon.colcon_core.package_identification:_identify(src/build) ignored
[0.209s] Level 1:colcon.colcon_core.package_identification:_identify(src/bumperbot_controller) by extensions ['ignore', 'ignore_ament_install']
[0.209s] Level 1:colcon.colcon_core.package_identification:_identify(src/bumperbot_controller) by extension 'ignore'
[0.209s] Level 1:colcon.colcon_core.package_identification:_identify(src/bumperbot_controller) by extension 'ignore_ament_install'
[0.209s] Level 1:colcon.colcon_core.package_identification:_identify(src/bumperbot_controller) by extensions ['colcon_pkg']
[0.209s] Level 1:colcon.colcon_core.package_identification:_identify(src/bumperbot_controller) by extension 'colcon_pkg'
[0.210s] Level 1:colcon.colcon_core.package_identification:_identify(src/bumperbot_controller) by extensions ['colcon_meta']
[0.210s] Level 1:colcon.colcon_core.package_identification:_identify(src/bumperbot_controller) by extension 'colcon_meta'
[0.210s] Level 1:colcon.colcon_core.package_identification:_identify(src/bumperbot_controller) by extensions ['ros']
[0.210s] Level 1:colcon.colcon_core.package_identification:_identify(src/bumperbot_controller) by extension 'ros'
[0.214s] DEBUG:colcon.colcon_core.package_identification:Package 'src/bumperbot_controller' with type 'ros.ament_cmake' and name 'bumperbot_controller'
[0.214s] Level 1:colcon.colcon_core.package_identification:_identify(src/bumperbot_cpp_examples) by extensions ['ignore', 'ignore_ament_install']
[0.214s] Level 1:colcon.colcon_core.package_identification:_identify(src/bumperbot_cpp_examples) by extension 'ignore'
[0.214s] Level 1:colcon.colcon_core.package_identification:_identify(src/bumperbot_cpp_examples) by extension 'ignore_ament_install'
[0.214s] Level 1:colcon.colcon_core.package_identification:_identify(src/bumperbot_cpp_examples) by extensions ['colcon_pkg']
[0.214s] Level 1:colcon.colcon_core.package_identification:_identify(src/bumperbot_cpp_examples) by extension 'colcon_pkg'
[0.214s] Level 1:colcon.colcon_core.package_identification:_identify(src/bumperbot_cpp_examples) by extensions ['colcon_meta']
[0.214s] Level 1:colcon.colcon_core.package_identification:_identify(src/bumperbot_cpp_examples) by extension 'colcon_meta'
[0.214s] Level 1:colcon.colcon_core.package_identification:_identify(src/bumperbot_cpp_examples) by extensions ['ros']
[0.214s] Level 1:colcon.colcon_core.package_identification:_identify(src/bumperbot_cpp_examples) by extension 'ros'
[0.216s] DEBUG:colcon.colcon_core.package_identification:Package 'src/bumperbot_cpp_examples' with type 'ros.ament_cmake' and name 'bumperbot_cpp_examples'
[0.216s] Level 1:colcon.colcon_core.package_identification:_identify(src/bumperbot_description) by extensions ['ignore', 'ignore_ament_install']
[0.216s] Level 1:colcon.colcon_core.package_identification:_identify(src/bumperbot_description) by extension 'ignore'
[0.216s] Level 1:colcon.colcon_core.package_identification:_identify(src/bumperbot_description) by extension 'ignore_ament_install'
[0.216s] Level 1:colcon.colcon_core.package_identification:_identify(src/bumperbot_description) by extensions ['colcon_pkg']
[0.216s] Level 1:colcon.colcon_core.package_identification:_identify(src/bumperbot_description) by extension 'colcon_pkg'
[0.216s] Level 1:colcon.colcon_core.package_identification:_identify(src/bumperbot_description) by extensions ['colcon_meta']
[0.216s] Level 1:colcon.colcon_core.package_identification:_identify(src/bumperbot_description) by extension 'colcon_meta'
[0.216s] Level 1:colcon.colcon_core.package_identification:_identify(src/bumperbot_description) by extensions ['ros']
[0.216s] Level 1:colcon.colcon_core.package_identification:_identify(src/bumperbot_description) by extension 'ros'
[0.220s] DEBUG:colcon.colcon_core.package_identification:Package 'src/bumperbot_description' with type 'ros.ament_cmake' and name 'bumperbot_description'
[0.220s] Level 1:colcon.colcon_core.package_identification:_identify(src/bumperbot_msgs) by extensions ['ignore', 'ignore_ament_install']
[0.220s] Level 1:colcon.colcon_core.package_identification:_identify(src/bumperbot_msgs) by extension 'ignore'
[0.220s] Level 1:colcon.colcon_core.package_identification:_identify(src/bumperbot_msgs) by extension 'ignore_ament_install'
[0.220s] Level 1:colcon.colcon_core.package_identification:_identify(src/bumperbot_msgs) by extensions ['colcon_pkg']
[0.220s] Level 1:colcon.colcon_core.package_identification:_identify(src/bumperbot_msgs) by extension 'colcon_pkg'
[0.220s] Level 1:colcon.colcon_core.package_identification:_identify(src/bumperbot_msgs) by extensions ['colcon_meta']
[0.220s] Level 1:colcon.colcon_core.package_identification:_identify(src/bumperbot_msgs) by extension 'colcon_meta'
[0.220s] Level 1:colcon.colcon_core.package_identification:_identify(src/bumperbot_msgs) by extensions ['ros']
[0.220s] Level 1:colcon.colcon_core.package_identification:_identify(src/bumperbot_msgs) by extension 'ros'
[0.221s] DEBUG:colcon.colcon_core.package_identification:Package 'src/bumperbot_msgs' with type 'ros.ament_cmake' and name 'bumperbot_msgs'
[0.221s] Level 1:colcon.colcon_core.package_identification:_identify(src/bumperbot_py_examples) by extensions ['ignore', 'ignore_ament_install']
[0.221s] Level 1:colcon.colcon_core.package_identification:_identify(src/bumperbot_py_examples) by extension 'ignore'
[0.221s] Level 1:colcon.colcon_core.package_identification:_identify(src/bumperbot_py_examples) by extension 'ignore_ament_install'
[0.221s] Level 1:colcon.colcon_core.package_identification:_identify(src/bumperbot_py_examples) by extensions ['colcon_pkg']
[0.221s] Level 1:colcon.colcon_core.package_identification:_identify(src/bumperbot_py_examples) by extension 'colcon_pkg'
[0.222s] Level 1:colcon.colcon_core.package_identification:_identify(src/bumperbot_py_examples) by extensions ['colcon_meta']
[0.222s] Level 1:colcon.colcon_core.package_identification:_identify(src/bumperbot_py_examples) by extension 'colcon_meta'
[0.222s] Level 1:colcon.colcon_core.package_identification:_identify(src/bumperbot_py_examples) by extensions ['ros']
[0.222s] Level 1:colcon.colcon_core.package_identification:_identify(src/bumperbot_py_examples) by extension 'ros'
[0.222s] DEBUG:colcon.colcon_core.package_identification:Package 'src/bumperbot_py_examples' with type 'ros.ament_python' and name 'bumperbot_py_examples'
[0.222s] Level 1:colcon.colcon_core.package_identification:_identify(src/install) by extensions ['ignore', 'ignore_ament_install']
[0.222s] Level 1:colcon.colcon_core.package_identification:_identify(src/install) by extension 'ignore'
[0.222s] Level 1:colcon.colcon_core.package_identification:_identify(src/install) ignored
[0.222s] Level 1:colcon.colcon_core.package_identification:_identify(src/log) by extensions ['ignore', 'ignore_ament_install']
[0.223s] Level 1:colcon.colcon_core.package_identification:_identify(src/log) by extension 'ignore'
[0.223s] Level 1:colcon.colcon_core.package_identification:_identify(src/log) ignored
[0.223s] Level 1:colcon.colcon_core.package_discovery:discover_packages(recursive) using defaults
[0.223s] Level 1:colcon.colcon_core.package_discovery:discover_packages(ignore) discover
[0.223s] Level 1:colcon.colcon_core.package_discovery:discover_packages(ignore) using defaults
[0.223s] Level 1:colcon.colcon_core.package_discovery:discover_packages(path) discover
[0.223s] Level 1:colcon.colcon_core.package_discovery:discover_packages(path) using defaults
[0.244s] Level 1:colcon.colcon_core.package_discovery:discover_packages(prefix_path) check parameters
[0.244s] Level 1:colcon.colcon_core.package_discovery:discover_packages(prefix_path) discover
[0.248s] DEBUG:colcon.colcon_installed_package_information.package_discovery:Found 379 installed packages in /opt/ros/jazzy
[0.248s] Level 1:colcon.colcon_core.package_discovery:discover_packages(prefix_path) using defaults
[0.311s] Level 5:colcon.colcon_core.verb:set package 'bumperbot_controller' build argument 'cmake_args' from command line to 'None'
[0.312s] Level 5:colcon.colcon_core.verb:set package 'bumperbot_controller' build argument 'cmake_target' from command line to 'None'
[0.312s] Level 5:colcon.colcon_core.verb:set package 'bumperbot_controller' build argument 'cmake_target_skip_unavailable' from command line to 'False'
[0.312s] Level 5:colcon.colcon_core.verb:set package 'bumperbot_controller' build argument 'cmake_clean_cache' from command line to 'False'
[0.312s] Level 5:colcon.colcon_core.verb:set package 'bumperbot_controller' build argument 'cmake_clean_first' from command line to 'False'
[0.312s] Level 5:colcon.colcon_core.verb:set package 'bumperbot_controller' build argument 'cmake_force_configure' from command line to 'False'
[0.312s] Level 5:colcon.colcon_core.verb:set package 'bumperbot_controller' build argument 'ament_cmake_args' from command line to 'None'
[0.312s] Level 5:colcon.colcon_core.verb:set package 'bumperbot_controller' build argument 'catkin_cmake_args' from command line to 'None'
[0.312s] Level 5:colcon.colcon_core.verb:set package 'bumperbot_controller' build argument 'catkin_skip_building_tests' from command line to 'False'
[0.312s] DEBUG:colcon.colcon_core.verb:Building package 'bumperbot_controller' with the following arguments: {'ament_cmake_args': None, 'build_base': '/home/ofird/bumperbot_ws/build/bumperbot_controller', 'catkin_cmake_args': None, 'catkin_skip_building_tests': False, 'cmake_args': None, 'cmake_clean_cache': False, 'cmake_clean_first': False, 'cmake_force_configure': False, 'cmake_target': None, 'cmake_target_skip_unavailable': False, 'install_base': '/home/ofird/bumperbot_ws/install/bumperbot_controller', 'merge_install': False, 'path': '/home/ofird/bumperbot_ws/src/bumperbot_controller', 'symlink_install': False, 'test_result_base': None}
[0.312s] Level 5:colcon.colcon_core.verb:set package 'bumperbot_description' build argument 'cmake_args' from command line to 'None'
[0.312s] Level 5:colcon.colcon_core.verb:set package 'bumperbot_description' build argument 'cmake_target' from command line to 'None'
[0.312s] Level 5:colcon.colcon_core.verb:set package 'bumperbot_description' build argument 'cmake_target_skip_unavailable' from command line to 'False'
[0.312s] Level 5:colcon.colcon_core.verb:set package 'bumperbot_description' build argument 'cmake_clean_cache' from command line to 'False'
[0.312s] Level 5:colcon.colcon_core.verb:set package 'bumperbot_description' build argument 'cmake_clean_first' from command line to 'False'
[0.312s] Level 5:colcon.colcon_core.verb:set package 'bumperbot_description' build argument 'cmake_force_configure' from command line to 'False'
[0.312s] Level 5:colcon.colcon_core.verb:set package 'bumperbot_description' build argument 'ament_cmake_args' from command line to 'None'
[0.312s] Level 5:colcon.colcon_core.verb:set package 'bumperbot_description' build argument 'catkin_cmake_args' from command line to 'None'
[0.312s] Level 5:colcon.colcon_core.verb:set package 'bumperbot_description' build argument 'catkin_skip_building_tests' from command line to 'False'
[0.312s] DEBUG:colcon.colcon_core.verb:Building package 'bumperbot_description' with the following arguments: {'ament_cmake_args': None, 'build_base': '/home/ofird/bumperbot_ws/build/bumperbot_description', 'catkin_cmake_args': None, 'catkin_skip_building_tests': False, 'cmake_args': None, 'cmake_clean_cache': False, 'cmake_clean_first': False, 'cmake_force_configure': False, 'cmake_target': None, 'cmake_target_skip_unavailable': False, 'install_base': '/home/ofird/bumperbot_ws/install/bumperbot_description', 'merge_install': False, 'path': '/home/ofird/bumperbot_ws/src/bumperbot_description', 'symlink_install': False, 'test_result_base': None}
[0.313s] Level 5:colcon.colcon_core.verb:set package 'bumperbot_msgs' build argument 'cmake_args' from command line to 'None'
[0.313s] Level 5:colcon.colcon_core.verb:set package 'bumperbot_msgs' build argument 'cmake_target' from command line to 'None'
[0.313s] Level 5:colcon.colcon_core.verb:set package 'bumperbot_msgs' build argument 'cmake_target_skip_unavailable' from command line to 'False'
[0.313s] Level 5:colcon.colcon_core.verb:set package 'bumperbot_msgs' build argument 'cmake_clean_cache' from command line to 'False'
[0.313s] Level 5:colcon.colcon_core.verb:set package 'bumperbot_msgs' build argument 'cmake_clean_first' from command line to 'False'
[0.313s] Level 5:colcon.colcon_core.verb:set package 'bumperbot_msgs' build argument 'cmake_force_configure' from command line to 'False'
[0.313s] Level 5:colcon.colcon_core.verb:set package 'bumperbot_msgs' build argument 'ament_cmake_args' from command line to 'None'
[0.313s] Level 5:colcon.colcon_core.verb:set package 'bumperbot_msgs' build argument 'catkin_cmake_args' from command line to 'None'
[0.313s] Level 5:colcon.colcon_core.verb:set package 'bumperbot_msgs' build argument 'catkin_skip_building_tests' from command line to 'False'
[0.313s] DEBUG:colcon.colcon_core.verb:Building package 'bumperbot_msgs' with the following arguments: {'ament_cmake_args': None, 'build_base': '/home/ofird/bumperbot_ws/build/bumperbot_msgs', 'catkin_cmake_args': None, 'catkin_skip_building_tests': False, 'cmake_args': None, 'cmake_clean_cache': False, 'cmake_clean_first': False, 'cmake_force_configure': False, 'cmake_target': None, 'cmake_target_skip_unavailable': False, 'install_base': '/home/ofird/bumperbot_ws/install/bumperbot_msgs', 'merge_install': False, 'path': '/home/ofird/bumperbot_ws/src/bumperbot_msgs', 'symlink_install': False, 'test_result_base': None}
[0.313s] Level 5:colcon.colcon_core.verb:set package 'bumperbot_cpp_examples' build argument 'cmake_args' from command line to 'None'
[0.313s] Level 5:colcon.colcon_core.verb:set package 'bumperbot_cpp_examples' build argument 'cmake_target' from command line to 'None'
[0.313s] Level 5:colcon.colcon_core.verb:set package 'bumperbot_cpp_examples' build argument 'cmake_target_skip_unavailable' from command line to 'False'
[0.313s] Level 5:colcon.colcon_core.verb:set package 'bumperbot_cpp_examples' build argument 'cmake_clean_cache' from command line to 'False'
[0.313s] Level 5:colcon.colcon_core.verb:set package 'bumperbot_cpp_examples' build argument 'cmake_clean_first' from command line to 'False'
[0.313s] Level 5:colcon.colcon_core.verb:set package 'bumperbot_cpp_examples' build argument 'cmake_force_configure' from command line to 'False'
[0.313s] Level 5:colcon.colcon_core.verb:set package 'bumperbot_cpp_examples' build argument 'ament_cmake_args' from command line to 'None'
[0.313s] Level 5:colcon.colcon_core.verb:set package 'bumperbot_cpp_examples' build argument 'catkin_cmake_args' from command line to 'None'
[0.313s] Level 5:colcon.colcon_core.verb:set package 'bumperbot_cpp_examples' build argument 'catkin_skip_building_tests' from command line to 'False'
[0.313s] DEBUG:colcon.colcon_core.verb:Building package 'bumperbot_cpp_examples' with the following arguments: {'ament_cmake_args': None, 'build_base': '/home/ofird/bumperbot_ws/build/bumperbot_cpp_examples', 'catkin_cmake_args': None, 'catkin_skip_building_tests': False, 'cmake_args': None, 'cmake_clean_cache': False, 'cmake_clean_first': False, 'cmake_force_configure': False, 'cmake_target': None, 'cmake_target_skip_unavailable': False, 'install_base': '/home/ofird/bumperbot_ws/install/bumperbot_cpp_examples', 'merge_install': False, 'path': '/home/ofird/bumperbot_ws/src/bumperbot_cpp_examples', 'symlink_install': False, 'test_result_base': None}
[0.314s] Level 5:colcon.colcon_core.verb:set package 'bumperbot_py_examples' build argument 'cmake_args' from command line to 'None'
[0.314s] Level 5:colcon.colcon_core.verb:set package 'bumperbot_py_examples' build argument 'cmake_target' from command line to 'None'
[0.314s] Level 5:colcon.colcon_core.verb:set package 'bumperbot_py_examples' build argument 'cmake_target_skip_unavailable' from command line to 'False'
[0.314s] Level 5:colcon.colcon_core.verb:set package 'bumperbot_py_examples' build argument 'cmake_clean_cache' from command line to 'False'
[0.314s] Level 5:colcon.colcon_core.verb:set package 'bumperbot_py_examples' build argument 'cmake_clean_first' from command line to 'False'
[0.314s] Level 5:colcon.colcon_core.verb:set package 'bumperbot_py_examples' build argument 'cmake_force_configure' from command line to 'False'
[0.314s] Level 5:colcon.colcon_core.verb:set package 'bumperbot_py_examples' build argument 'ament_cmake_args' from command line to 'None'
[0.314s] Level 5:colcon.colcon_core.verb:set package 'bumperbot_py_examples' build argument 'catkin_cmake_args' from command line to 'None'
[0.314s] Level 5:colcon.colcon_core.verb:set package 'bumperbot_py_examples' build argument 'catkin_skip_building_tests' from command line to 'False'
[0.314s] DEBUG:colcon.colcon_core.verb:Building package 'bumperbot_py_examples' with the following arguments: {'ament_cmake_args': None, 'build_base': '/home/ofird/bumperbot_ws/build/bumperbot_py_examples', 'catkin_cmake_args': None, 'catkin_skip_building_tests': False, 'cmake_args': None, 'cmake_clean_cache': False, 'cmake_clean_first': False, 'cmake_force_configure': False, 'cmake_target': None, 'cmake_target_skip_unavailable': False, 'install_base': '/home/ofird/bumperbot_ws/install/bumperbot_py_examples', 'merge_install': False, 'path': '/home/ofird/bumperbot_ws/src/bumperbot_py_examples', 'symlink_install': False, 'test_result_base': None}
[0.314s] INFO:colcon.colcon_core.executor:Executing jobs using 'parallel' executor
[0.315s] DEBUG:colcon.colcon_parallel_executor.executor.parallel:run_until_complete
[0.315s] INFO:colcon.colcon_ros.task.ament_cmake.build:Building ROS package in '/home/ofird/bumperbot_ws/src/bumperbot_msgs' with build type 'ament_cmake'
[0.315s] INFO:colcon.colcon_cmake.task.cmake.build:Building CMake package in '/home/ofird/bumperbot_ws/src/bumperbot_msgs'
[0.318s] INFO:colcon.colcon_core.plugin_system:Skipping extension 'colcon_core.shell.bat': Not used on non-Windows systems
[0.318s] INFO:colcon.colcon_core.shell:Skip shell extension 'powershell' for command environment: Not usable outside of PowerShell
[0.318s] DEBUG:colcon.colcon_core.shell:Skip shell extension 'dsv' for command environment
[0.323s] INFO:colcon.colcon_ros.task.ament_cmake.build:Building ROS package in '/home/ofird/bumperbot_ws/src/bumperbot_controller' with build type 'ament_cmake'
[0.323s] INFO:colcon.colcon_cmake.task.cmake.build:Building CMake package in '/home/ofird/bumperbot_ws/src/bumperbot_controller'
[0.324s] INFO:colcon.colcon_core.shell:Skip shell extension 'powershell' for command environment: Not usable outside of PowerShell
[0.324s] DEBUG:colcon.colcon_core.shell:Skip shell extension 'dsv' for command environment
[0.329s] INFO:colcon.colcon_ros.task.ament_cmake.build:Building ROS package in '/home/ofird/bumperbot_ws/src/bumperbot_description' with build type 'ament_cmake'
[0.329s] INFO:colcon.colcon_cmake.task.cmake.build:Building CMake package in '/home/ofird/bumperbot_ws/src/bumperbot_description'
[0.329s] INFO:colcon.colcon_core.shell:Skip shell extension 'powershell' for command environment: Not usable outside of PowerShell
[0.329s] DEBUG:colcon.colcon_core.shell:Skip shell extension 'dsv' for command environment
[0.338s] DEBUG:colcon.colcon_core.event_handler.log_command:Invoking command in '/home/ofird/bumperbot_ws/build/bumperbot_msgs': CMAKE_PREFIX_PATH=${CMAKE_PREFIX_PATH}:/opt/ros/jazzy DEBUGINFOD_URLS=https://debuginfod.ubuntu.com /usr/bin/cmake /home/ofird/bumperbot_ws/src/bumperbot_msgs -DCMAKE_INSTALL_PREFIX=/home/ofird/bumperbot_ws/install/bumperbot_msgs
[0.343s] DEBUG:colcon.colcon_core.event_handler.log_command:Invoking command in '/home/ofird/bumperbot_ws/build/bumperbot_controller': CMAKE_PREFIX_PATH=${CMAKE_PREFIX_PATH}:/opt/ros/jazzy DEBUGINFOD_URLS=https://debuginfod.ubuntu.com /usr/bin/cmake /home/ofird/bumperbot_ws/src/bumperbot_controller -DCMAKE_INSTALL_PREFIX=/home/ofird/bumperbot_ws/install/bumperbot_controller
[0.350s] DEBUG:colcon.colcon_core.event_handler.log_command:Invoking command in '/home/ofird/bumperbot_ws/build/bumperbot_description': CMAKE_PREFIX_PATH=${CMAKE_PREFIX_PATH}:/opt/ros/jazzy DEBUGINFOD_URLS=https://debuginfod.ubuntu.com /usr/bin/cmake /home/ofird/bumperbot_ws/src/bumperbot_description -DCMAKE_INSTALL_PREFIX=/home/ofird/bumperbot_ws/install/bumperbot_description
[2.045s] DEBUG:colcon.colcon_core.event_handler.log_command:Invoked command in '/home/ofird/bumperbot_ws/build/bumperbot_description' returned '0': CMAKE_PREFIX_PATH=${CMAKE_PREFIX_PATH}:/opt/ros/jazzy DEBUGINFOD_URLS=https://debuginfod.ubuntu.com /usr/bin/cmake /home/ofird/bumperbot_ws/src/bumperbot_description -DCMAKE_INSTALL_PREFIX=/home/ofird/bumperbot_ws/install/bumperbot_description
[2.048s] DEBUG:colcon.colcon_core.event_handler.log_command:Invoking command in '/home/ofird/bumperbot_ws/build/bumperbot_description': CMAKE_PREFIX_PATH=${CMAKE_PREFIX_PATH}:/opt/ros/jazzy DEBUGINFOD_URLS=https://debuginfod.ubuntu.com /usr/bin/cmake --build /home/ofird/bumperbot_ws/build/bumperbot_description -- -j8 -l8
[2.122s] DEBUG:colcon.colcon_core.event_handler.log_command:Invoked command in '/home/ofird/bumperbot_ws/build/bumperbot_description' returned '0': CMAKE_PREFIX_PATH=${CMAKE_PREFIX_PATH}:/opt/ros/jazzy DEBUGINFOD_URLS=https://debuginfod.ubuntu.com /usr/bin/cmake --build /home/ofird/bumperbot_ws/build/bumperbot_description -- -j8 -l8
[2.142s] DEBUG:colcon.colcon_core.event_handler.log_command:Invoking command in '/home/ofird/bumperbot_ws/build/bumperbot_description': CMAKE_PREFIX_PATH=${CMAKE_PREFIX_PATH}:/opt/ros/jazzy DEBUGINFOD_URLS=https://debuginfod.ubuntu.com /usr/bin/cmake --install /home/ofird/bumperbot_ws/build/bumperbot_description
[2.187s] Level 1:colcon.colcon_core.environment:create_environment_scripts_only(bumperbot_description)
[2.188s] DEBUG:colcon.colcon_core.event_handler.log_command:Invoked command in '/home/ofird/bumperbot_ws/build/bumperbot_description' returned '0': CMAKE_PREFIX_PATH=${CMAKE_PREFIX_PATH}:/opt/ros/jazzy DEBUGINFOD_URLS=https://debuginfod.ubuntu.com /usr/bin/cmake --install /home/ofird/bumperbot_ws/build/bumperbot_description
[2.194s] Level 1:colcon.colcon_core.environment:checking '/home/ofird/bumperbot_ws/install/bumperbot_description' for CMake module files
[2.196s] Level 1:colcon.colcon_core.environment:checking '/home/ofird/bumperbot_ws/install/bumperbot_description' for CMake config files
[2.197s] Level 1:colcon.colcon_core.shell:create_environment_hook('bumperbot_description', 'cmake_prefix_path')
[2.197s] INFO:colcon.colcon_core.shell:Creating environment hook '/home/ofird/bumperbot_ws/install/bumperbot_description/share/bumperbot_description/hook/cmake_prefix_path.ps1'
[2.199s] INFO:colcon.colcon_core.shell:Creating environment descriptor '/home/ofird/bumperbot_ws/install/bumperbot_description/share/bumperbot_description/hook/cmake_prefix_path.dsv'
[2.199s] INFO:colcon.colcon_core.shell:Creating environment hook '/home/ofird/bumperbot_ws/install/bumperbot_description/share/bumperbot_description/hook/cmake_prefix_path.sh'
[2.201s] Level 1:colcon.colcon_core.environment:checking '/home/ofird/bumperbot_ws/install/bumperbot_description/bin'
[2.201s] Level 1:colcon.colcon_core.environment:checking '/home/ofird/bumperbot_ws/install/bumperbot_description/lib/pkgconfig/bumperbot_description.pc'
[2.202s] Level 1:colcon.colcon_core.environment:checking '/home/ofird/bumperbot_ws/install/bumperbot_description/lib/python3.12/site-packages'
[2.202s] Level 1:colcon.colcon_core.environment:checking '/home/ofird/bumperbot_ws/install/bumperbot_description/bin'
[2.203s] INFO:colcon.colcon_core.shell:Creating package script '/home/ofird/bumperbot_ws/install/bumperbot_description/share/bumperbot_description/package.ps1'
[2.205s] INFO:colcon.colcon_core.shell:Creating package descriptor '/home/ofird/bumperbot_ws/install/bumperbot_description/share/bumperbot_description/package.dsv'
[2.205s] INFO:colcon.colcon_core.shell:Creating package script '/home/ofird/bumperbot_ws/install/bumperbot_description/share/bumperbot_description/package.sh'
[2.206s] INFO:colcon.colcon_core.shell:Creating package script '/home/ofird/bumperbot_ws/install/bumperbot_description/share/bumperbot_description/package.bash'
[2.207s] INFO:colcon.colcon_core.shell:Creating package script '/home/ofird/bumperbot_ws/install/bumperbot_description/share/bumperbot_description/package.zsh'
[2.209s] Level 1:colcon.colcon_core.environment:create_file_with_runtime_dependencies(/home/ofird/bumperbot_ws/install/bumperbot_description/share/colcon-core/packages/bumperbot_description)
[2.210s] Level 1:colcon.colcon_core.environment:create_environment_scripts_only(bumperbot_description)
[2.210s] Level 1:colcon.colcon_core.environment:checking '/home/ofird/bumperbot_ws/install/bumperbot_description' for CMake module files
[2.211s] Level 1:colcon.colcon_core.environment:checking '/home/ofird/bumperbot_ws/install/bumperbot_description' for CMake config files
[2.212s] Level 1:colcon.colcon_core.shell:create_environment_hook('bumperbot_description', 'cmake_prefix_path')
[2.212s] INFO:colcon.colcon_core.shell:Creating environment hook '/home/ofird/bumperbot_ws/install/bumperbot_description/share/bumperbot_description/hook/cmake_prefix_path.ps1'
[2.213s] INFO:colcon.colcon_core.shell:Creating environment descriptor '/home/ofird/bumperbot_ws/install/bumperbot_description/share/bumperbot_description/hook/cmake_prefix_path.dsv'
[2.214s] INFO:colcon.colcon_core.shell:Creating environment hook '/home/ofird/bumperbot_ws/install/bumperbot_description/share/bumperbot_description/hook/cmake_prefix_path.sh'
[2.215s] Level 1:colcon.colcon_core.environment:checking '/home/ofird/bumperbot_ws/install/bumperbot_description/bin'
[2.215s] Level 1:colcon.colcon_core.environment:checking '/home/ofird/bumperbot_ws/install/bumperbot_description/lib/pkgconfig/bumperbot_description.pc'
[2.216s] Level 1:colcon.colcon_core.environment:checking '/home/ofird/bumperbot_ws/install/bumperbot_description/lib/python3.12/site-packages'
[2.216s] Level 1:colcon.colcon_core.environment:checking '/home/ofird/bumperbot_ws/install/bumperbot_description/bin'
[2.217s] INFO:colcon.colcon_core.shell:Creating package script '/home/ofird/bumperbot_ws/install/bumperbot_description/share/bumperbot_description/package.ps1'
[2.218s] INFO:colcon.colcon_core.shell:Creating package descriptor '/home/ofird/bumperbot_ws/install/bumperbot_description/share/bumperbot_description/package.dsv'
[2.220s] INFO:colcon.colcon_core.shell:Creating package script '/home/ofird/bumperbot_ws/install/bumperbot_description/share/bumperbot_description/package.sh'
[2.220s] INFO:colcon.colcon_core.shell:Creating package script '/home/ofird/bumperbot_ws/install/bumperbot_description/share/bumperbot_description/package.bash'
[2.221s] INFO:colcon.colcon_core.shell:Creating package script '/home/ofird/bumperbot_ws/install/bumperbot_description/share/bumperbot_description/package.zsh'
[2.222s] Level 1:colcon.colcon_core.environment:create_file_with_runtime_dependencies(/home/ofird/bumperbot_ws/install/bumperbot_description/share/colcon-core/packages/bumperbot_description)
[3.032s] DEBUG:colcon.colcon_core.event_handler.log_command:Invoked command in '/home/ofird/bumperbot_ws/build/bumperbot_controller' returned '0': CMAKE_PREFIX_PATH=${CMAKE_PREFIX_PATH}:/opt/ros/jazzy DEBUGINFOD_URLS=https://debuginfod.ubuntu.com /usr/bin/cmake /home/ofird/bumperbot_ws/src/bumperbot_controller -DCMAKE_INSTALL_PREFIX=/home/ofird/bumperbot_ws/install/bumperbot_controller
[3.034s] DEBUG:colcon.colcon_core.event_handler.log_command:Invoking command in '/home/ofird/bumperbot_ws/build/bumperbot_controller': CMAKE_PREFIX_PATH=${CMAKE_PREFIX_PATH}:/opt/ros/jazzy DEBUGINFOD_URLS=https://debuginfod.ubuntu.com /usr/bin/cmake --build /home/ofird/bumperbot_ws/build/bumperbot_controller -- -j8 -l8
[6.323s] DEBUG:colcon.colcon_core.event_handler.log_command:Invoked command in '/home/ofird/bumperbot_ws/build/bumperbot_msgs' returned '0': CMAKE_PREFIX_PATH=${CMAKE_PREFIX_PATH}:/opt/ros/jazzy DEBUGINFOD_URLS=https://debuginfod.ubuntu.com /usr/bin/cmake /home/ofird/bumperbot_ws/src/bumperbot_msgs -DCMAKE_INSTALL_PREFIX=/home/ofird/bumperbot_ws/install/bumperbot_msgs
[6.325s] DEBUG:colcon.colcon_core.event_handler.log_command:Invoking command in '/home/ofird/bumperbot_ws/build/bumperbot_msgs': CMAKE_PREFIX_PATH=${CMAKE_PREFIX_PATH}:/opt/ros/jazzy DEBUGINFOD_URLS=https://debuginfod.ubuntu.com /usr/bin/cmake --build /home/ofird/bumperbot_ws/build/bumperbot_msgs -- -j8 -l8
[14.130s] DEBUG:colcon.colcon_core.event_handler.log_command:Invoked command in '/home/ofird/bumperbot_ws/build/bumperbot_msgs' returned '0': CMAKE_PREFIX_PATH=${CMAKE_PREFIX_PATH}:/opt/ros/jazzy DEBUGINFOD_URLS=https://debuginfod.ubuntu.com /usr/bin/cmake --build /home/ofird/bumperbot_ws/build/bumperbot_msgs -- -j8 -l8
[14.132s] DEBUG:colcon.colcon_core.event_handler.log_command:Invoking command in '/home/ofird/bumperbot_ws/build/bumperbot_msgs': CMAKE_PREFIX_PATH=${CMAKE_PREFIX_PATH}:/opt/ros/jazzy DEBUGINFOD_URLS=https://debuginfod.ubuntu.com /usr/bin/cmake --install /home/ofird/bumperbot_ws/build/bumperbot_msgs
[14.266s] Level 1:colcon.colcon_core.environment:create_environment_scripts_only(bumperbot_msgs)
[14.266s] DEBUG:colcon.colcon_core.event_handler.log_command:Invoked command in '/home/ofird/bumperbot_ws/build/bumperbot_msgs' returned '0': CMAKE_PREFIX_PATH=${CMAKE_PREFIX_PATH}:/opt/ros/jazzy DEBUGINFOD_URLS=https://debuginfod.ubuntu.com /usr/bin/cmake --install /home/ofird/bumperbot_ws/build/bumperbot_msgs
[14.267s] Level 1:colcon.colcon_core.environment:checking '/home/ofird/bumperbot_ws/install/bumperbot_msgs' for CMake module files
[14.268s] Level 1:colcon.colcon_core.environment:checking '/home/ofird/bumperbot_ws/install/bumperbot_msgs' for CMake config files
[14.268s] Level 1:colcon.colcon_core.shell:create_environment_hook('bumperbot_msgs', 'cmake_prefix_path')
[14.268s] INFO:colcon.colcon_core.shell:Creating environment hook '/home/ofird/bumperbot_ws/install/bumperbot_msgs/share/bumperbot_msgs/hook/cmake_prefix_path.ps1'
[14.269s] INFO:colcon.colcon_core.shell:Creating environment descriptor '/home/ofird/bumperbot_ws/install/bumperbot_msgs/share/bumperbot_msgs/hook/cmake_prefix_path.dsv'
[14.269s] INFO:colcon.colcon_core.shell:Creating environment hook '/home/ofird/bumperbot_ws/install/bumperbot_msgs/share/bumperbot_msgs/hook/cmake_prefix_path.sh'
[14.270s] Level 1:colcon.colcon_core.environment:checking '/home/ofird/bumperbot_ws/install/bumperbot_msgs/lib'
[14.270s] Level 1:colcon.colcon_core.shell:create_environment_hook('bumperbot_msgs', 'ld_library_path_lib')
[14.271s] INFO:colcon.colcon_core.shell:Creating environment hook '/home/ofird/bumperbot_ws/install/bumperbot_msgs/share/bumperbot_msgs/hook/ld_library_path_lib.ps1'
[14.271s] INFO:colcon.colcon_core.shell:Creating environment descriptor '/home/ofird/bumperbot_ws/install/bumperbot_msgs/share/bumperbot_msgs/hook/ld_library_path_lib.dsv'
[14.271s] INFO:colcon.colcon_core.shell:Creating environment hook '/home/ofird/bumperbot_ws/install/bumperbot_msgs/share/bumperbot_msgs/hook/ld_library_path_lib.sh'
[14.272s] Level 1:colcon.colcon_core.environment:checking '/home/ofird/bumperbot_ws/install/bumperbot_msgs/bin'
[14.272s] Level 1:colcon.colcon_core.environment:checking '/home/ofird/bumperbot_ws/install/bumperbot_msgs/lib/pkgconfig/bumperbot_msgs.pc'
[14.272s] Level 1:colcon.colcon_core.environment:checking '/home/ofird/bumperbot_ws/install/bumperbot_msgs/lib/python3.12/site-packages'
[14.272s] Level 1:colcon.colcon_core.shell:create_environment_hook('bumperbot_msgs', 'pythonpath')
[14.273s] INFO:colcon.colcon_core.shell:Creating environment hook '/home/ofird/bumperbot_ws/install/bumperbot_msgs/share/bumperbot_msgs/hook/pythonpath.ps1'
[14.273s] INFO:colcon.colcon_core.shell:Creating environment descriptor '/home/ofird/bumperbot_ws/install/bumperbot_msgs/share/bumperbot_msgs/hook/pythonpath.dsv'
[14.274s] INFO:colcon.colcon_core.shell:Creating environment hook '/home/ofird/bumperbot_ws/install/bumperbot_msgs/share/bumperbot_msgs/hook/pythonpath.sh'
[14.274s] Level 1:colcon.colcon_core.environment:checking '/home/ofird/bumperbot_ws/install/bumperbot_msgs/bin'
[14.275s] INFO:colcon.colcon_core.shell:Creating package script '/home/ofird/bumperbot_ws/install/bumperbot_msgs/share/bumperbot_msgs/package.ps1'
[14.275s] INFO:colcon.colcon_core.shell:Creating package descriptor '/home/ofird/bumperbot_ws/install/bumperbot_msgs/share/bumperbot_msgs/package.dsv'
[14.276s] INFO:colcon.colcon_core.shell:Creating package script '/home/ofird/bumperbot_ws/install/bumperbot_msgs/share/bumperbot_msgs/package.sh'
[14.276s] INFO:colcon.colcon_core.shell:Creating package script '/home/ofird/bumperbot_ws/install/bumperbot_msgs/share/bumperbot_msgs/package.bash'
[14.277s] INFO:colcon.colcon_core.shell:Creating package script '/home/ofird/bumperbot_ws/install/bumperbot_msgs/share/bumperbot_msgs/package.zsh'
[14.277s] Level 1:colcon.colcon_core.environment:create_file_with_runtime_dependencies(/home/ofird/bumperbot_ws/install/bumperbot_msgs/share/colcon-core/packages/bumperbot_msgs)
[14.278s] Level 1:colcon.colcon_core.environment:create_environment_scripts_only(bumperbot_msgs)
[14.278s] Level 1:colcon.colcon_core.environment:checking '/home/ofird/bumperbot_ws/install/bumperbot_msgs' for CMake module files
[14.279s] Level 1:colcon.colcon_core.environment:checking '/home/ofird/bumperbot_ws/install/bumperbot_msgs' for CMake config files
[14.280s] Level 1:colcon.colcon_core.shell:create_environment_hook('bumperbot_msgs', 'cmake_prefix_path')
[14.280s] INFO:colcon.colcon_core.shell:Creating environment hook '/home/ofird/bumperbot_ws/install/bumperbot_msgs/share/bumperbot_msgs/hook/cmake_prefix_path.ps1'
[14.280s] INFO:colcon.colcon_core.shell:Creating environment descriptor '/home/ofird/bumperbot_ws/install/bumperbot_msgs/share/bumperbot_msgs/hook/cmake_prefix_path.dsv'
[14.281s] INFO:colcon.colcon_core.shell:Creating environment hook '/home/ofird/bumperbot_ws/install/bumperbot_msgs/share/bumperbot_msgs/hook/cmake_prefix_path.sh'
[14.282s] Level 1:colcon.colcon_core.environment:checking '/home/ofird/bumperbot_ws/install/bumperbot_msgs/lib'
[14.282s] Level 1:colcon.colcon_core.shell:create_environment_hook('bumperbot_msgs', 'ld_library_path_lib')
[14.282s] INFO:colcon.colcon_core.shell:Creating environment hook '/home/ofird/bumperbot_ws/install/bumperbot_msgs/share/bumperbot_msgs/hook/ld_library_path_lib.ps1'
[14.283s] INFO:colcon.colcon_core.shell:Creating environment descriptor '/home/ofird/bumperbot_ws/install/bumperbot_msgs/share/bumperbot_msgs/hook/ld_library_path_lib.dsv'
[14.283s] INFO:colcon.colcon_core.shell:Creating environment hook '/home/ofird/bumperbot_ws/install/bumperbot_msgs/share/bumperbot_msgs/hook/ld_library_path_lib.sh'
[14.284s] Level 1:colcon.colcon_core.environment:checking '/home/ofird/bumperbot_ws/install/bumperbot_msgs/bin'
[14.284s] Level 1:colcon.colcon_core.environment:checking '/home/ofird/bumperbot_ws/install/bumperbot_msgs/lib/pkgconfig/bumperbot_msgs.pc'
[14.284s] Level 1:colcon.colcon_core.environment:checking '/home/ofird/bumperbot_ws/install/bumperbot_msgs/lib/python3.12/site-packages'
[14.284s] Level 1:colcon.colcon_core.shell:create_environment_hook('bumperbot_msgs', 'pythonpath')
[14.285s] INFO:colcon.colcon_core.shell:Creating environment hook '/home/ofird/bumperbot_ws/install/bumperbot_msgs/share/bumperbot_msgs/hook/pythonpath.ps1'
[14.285s] INFO:colcon.colcon_core.shell:Creating environment descriptor '/home/ofird/bumperbot_ws/install/bumperbot_msgs/share/bumperbot_msgs/hook/pythonpath.dsv'
[14.286s] INFO:colcon.colcon_core.shell:Creating environment hook '/home/ofird/bumperbot_ws/install/bumperbot_msgs/share/bumperbot_msgs/hook/pythonpath.sh'
[14.287s] Level 1:colcon.colcon_core.environment:checking '/home/ofird/bumperbot_ws/install/bumperbot_msgs/bin'
[14.287s] INFO:colcon.colcon_core.shell:Creating package script '/home/ofird/bumperbot_ws/install/bumperbot_msgs/share/bumperbot_msgs/package.ps1'
[14.289s] INFO:colcon.colcon_core.shell:Creating package descriptor '/home/ofird/bumperbot_ws/install/bumperbot_msgs/share/bumperbot_msgs/package.dsv'
[14.290s] INFO:colcon.colcon_core.shell:Creating package script '/home/ofird/bumperbot_ws/install/bumperbot_msgs/share/bumperbot_msgs/package.sh'
[14.290s] INFO:colcon.colcon_core.shell:Creating package script '/home/ofird/bumperbot_ws/install/bumperbot_msgs/share/bumperbot_msgs/package.bash'
[14.291s] INFO:colcon.colcon_core.shell:Creating package script '/home/ofird/bumperbot_ws/install/bumperbot_msgs/share/bumperbot_msgs/package.zsh'
[14.291s] Level 1:colcon.colcon_core.environment:create_file_with_runtime_dependencies(/home/ofird/bumperbot_ws/install/bumperbot_msgs/share/colcon-core/packages/bumperbot_msgs)
[14.292s] INFO:colcon.colcon_ros.task.ament_cmake.build:Building ROS package in '/home/ofird/bumperbot_ws/src/bumperbot_cpp_examples' with build type 'ament_cmake'
[14.293s] INFO:colcon.colcon_cmake.task.cmake.build:Building CMake package in '/home/ofird/bumperbot_ws/src/bumperbot_cpp_examples'
[14.293s] INFO:colcon.colcon_core.shell:Skip shell extension 'powershell' for command environment: Not usable outside of PowerShell
[14.293s] DEBUG:colcon.colcon_core.shell:Skip shell extension 'dsv' for command environment
[14.301s] INFO:colcon.colcon_ros.task.ament_python.build:Building ROS package in '/home/ofird/bumperbot_ws/src/bumperbot_py_examples' with build type 'ament_python'
[14.301s] Level 1:colcon.colcon_core.shell:create_environment_hook('bumperbot_py_examples', 'ament_prefix_path')
[14.302s] INFO:colcon.colcon_core.shell:Creating environment hook '/home/ofird/bumperbot_ws/install/bumperbot_py_examples/share/bumperbot_py_examples/hook/ament_prefix_path.ps1'
[14.303s] INFO:colcon.colcon_core.shell:Creating environment descriptor '/home/ofird/bumperbot_ws/install/bumperbot_py_examples/share/bumperbot_py_examples/hook/ament_prefix_path.dsv'
[14.303s] INFO:colcon.colcon_core.shell:Creating environment hook '/home/ofird/bumperbot_ws/install/bumperbot_py_examples/share/bumperbot_py_examples/hook/ament_prefix_path.sh'
[14.304s] INFO:colcon.colcon_core.shell:Skip shell extension 'powershell' for command environment: Not usable outside of PowerShell
[14.304s] DEBUG:colcon.colcon_core.shell:Skip shell extension 'dsv' for command environment
[14.318s] DEBUG:colcon.colcon_core.event_handler.log_command:Invoking command in '/home/ofird/bumperbot_ws/build/bumperbot_cpp_examples': AMENT_PREFIX_PATH=/home/ofird/bumperbot_ws/install/bumperbot_msgs:${AMENT_PREFIX_PATH} CMAKE_PREFIX_PATH=/home/ofird/bumperbot_ws/install/bumperbot_msgs:/opt/ros/jazzy/opt/gz_launch_vendor:/opt/ros/jazzy/opt/gz_sim_vendor:/opt/ros/jazzy/opt/gz_sensors_vendor:/opt/ros/jazzy/opt/gz_physics_vendor:/opt/ros/jazzy/opt/sdformat_vendor:/opt/ros/jazzy/opt/gz_gui_vendor:/opt/ros/jazzy/opt/gz_transport_vendor:/opt/ros/jazzy/opt/gz_rendering_vendor:/opt/ros/jazzy/opt/gz_plugin_vendor:/opt/ros/jazzy/opt/gz_fuel_tools_vendor:/opt/ros/jazzy/opt/gz_msgs_vendor:/opt/ros/jazzy/opt/gz_common_vendor:/opt/ros/jazzy/opt/gz_math_vendor:/opt/ros/jazzy/opt/gz_utils_vendor:/opt/ros/jazzy/opt/gz_tools_vendor:/opt/ros/jazzy/opt/gz_ogre_next_vendor:/opt/ros/jazzy/opt/gz_dartsim_vendor:/opt/ros/jazzy/opt/gz_cmake_vendor:/opt/ros/jazzy DEBUGINFOD_URLS=https://debuginfod.ubuntu.com LD_LIBRARY_PATH=/home/ofird/bumperbot_ws/install/bumperbot_msgs/lib:${LD_LIBRARY_PATH} PYTHONPATH=/home/ofird/bumperbot_ws/install/bumperbot_msgs/lib/python3.12/site-packages:${PYTHONPATH} /usr/bin/cmake /home/ofird/bumperbot_ws/src/bumperbot_cpp_examples -DCMAKE_INSTALL_PREFIX=/home/ofird/bumperbot_ws/install/bumperbot_cpp_examples
[14.807s] INFO:colcon.colcon_core.task.python.build:Building Python package in '/home/ofird/bumperbot_ws/src/bumperbot_py_examples'
[14.808s] INFO:colcon.colcon_core.shell:Skip shell extension 'powershell' for command environment: Not usable outside of PowerShell
[14.808s] DEBUG:colcon.colcon_core.shell:Skip shell extension 'dsv' for command environment
[16.099s] DEBUG:colcon.colcon_core.event_handler.log_command:Invoking command in '/home/ofird/bumperbot_ws/src/bumperbot_py_examples': AMENT_PREFIX_PATH=/home/ofird/bumperbot_ws/install/bumperbot_msgs:${AMENT_PREFIX_PATH} CMAKE_PREFIX_PATH=/home/ofird/bumperbot_ws/install/bumperbot_msgs:${CMAKE_PREFIX_PATH} DEBUGINFOD_URLS=https://debuginfod.ubuntu.com LD_LIBRARY_PATH=/home/ofird/bumperbot_ws/install/bumperbot_msgs/lib:${LD_LIBRARY_PATH} PYTHONPATH=/home/ofird/bumperbot_ws/build/bumperbot_py_examples/prefix_override:/usr/lib/python3/dist-packages/colcon_core/task/python/colcon_distutils_commands:/home/ofird/bumperbot_ws/install/bumperbot_py_examples/lib/python3.12/site-packages:/home/ofird/bumperbot_ws/install/bumperbot_msgs/lib/python3.12/site-packages:${PYTHONPATH} /usr/bin/python3 -W ignore:setup.py install is deprecated -W ignore:easy_install command is deprecated setup.py egg_info --egg-base ../../build/bumperbot_py_examples build --build-base /home/ofird/bumperbot_ws/build/bumperbot_py_examples/build install --record /home/ofird/bumperbot_ws/build/bumperbot_py_examples/install.log --single-version-externally-managed install_data
[17.256s] DEBUG:colcon.colcon_core.event_handler.log_command:Invoked command in '/home/ofird/bumperbot_ws/build/bumperbot_cpp_examples' returned '0': AMENT_PREFIX_PATH=/home/ofird/bumperbot_ws/install/bumperbot_msgs:${AMENT_PREFIX_PATH} CMAKE_PREFIX_PATH=/home/ofird/bumperbot_ws/install/bumperbot_msgs:/opt/ros/jazzy/opt/gz_launch_vendor:/opt/ros/jazzy/opt/gz_sim_vendor:/opt/ros/jazzy/opt/gz_sensors_vendor:/opt/ros/jazzy/opt/gz_physics_vendor:/opt/ros/jazzy/opt/sdformat_vendor:/opt/ros/jazzy/opt/gz_gui_vendor:/opt/ros/jazzy/opt/gz_transport_vendor:/opt/ros/jazzy/opt/gz_rendering_vendor:/opt/ros/jazzy/opt/gz_plugin_vendor:/opt/ros/jazzy/opt/gz_fuel_tools_vendor:/opt/ros/jazzy/opt/gz_msgs_vendor:/opt/ros/jazzy/opt/gz_common_vendor:/opt/ros/jazzy/opt/gz_math_vendor:/opt/ros/jazzy/opt/gz_utils_vendor:/opt/ros/jazzy/opt/gz_tools_vendor:/opt/ros/jazzy/opt/gz_ogre_next_vendor:/opt/ros/jazzy/opt/gz_dartsim_vendor:/opt/ros/jazzy/opt/gz_cmake_vendor:/opt/ros/jazzy DEBUGINFOD_URLS=https://debuginfod.ubuntu.com LD_LIBRARY_PATH=/home/ofird/bumperbot_ws/install/bumperbot_msgs/lib:${LD_LIBRARY_PATH} PYTHONPATH=/home/ofird/bumperbot_ws/install/bumperbot_msgs/lib/python3.12/site-packages:${PYTHONPATH} /usr/bin/cmake /home/ofird/bumperbot_ws/src/bumperbot_cpp_examples -DCMAKE_INSTALL_PREFIX=/home/ofird/bumperbot_ws/install/bumperbot_cpp_examples
[17.259s] DEBUG:colcon.colcon_core.event_handler.log_command:Invoking command in '/home/ofird/bumperbot_ws/build/bumperbot_cpp_examples': AMENT_PREFIX_PATH=/home/ofird/bumperbot_ws/install/bumperbot_msgs:${AMENT_PREFIX_PATH} CMAKE_PREFIX_PATH=/home/ofird/bumperbot_ws/install/bumperbot_msgs:/opt/ros/jazzy/opt/gz_launch_vendor:/opt/ros/jazzy/opt/gz_sim_vendor:/opt/ros/jazzy/opt/gz_sensors_vendor:/opt/ros/jazzy/opt/gz_physics_vendor:/opt/ros/jazzy/opt/sdformat_vendor:/opt/ros/jazzy/opt/gz_gui_vendor:/opt/ros/jazzy/opt/gz_transport_vendor:/opt/ros/jazzy/opt/gz_rendering_vendor:/opt/ros/jazzy/opt/gz_plugin_vendor:/opt/ros/jazzy/opt/gz_fuel_tools_vendor:/opt/ros/jazzy/opt/gz_msgs_vendor:/opt/ros/jazzy/opt/gz_common_vendor:/opt/ros/jazzy/opt/gz_math_vendor:/opt/ros/jazzy/opt/gz_utils_vendor:/opt/ros/jazzy/opt/gz_tools_vendor:/opt/ros/jazzy/opt/gz_ogre_next_vendor:/opt/ros/jazzy/opt/gz_dartsim_vendor:/opt/ros/jazzy/opt/gz_cmake_vendor:/opt/ros/jazzy DEBUGINFOD_URLS=https://debuginfod.ubuntu.com LD_LIBRARY_PATH=/home/ofird/bumperbot_ws/install/bumperbot_msgs/lib:${LD_LIBRARY_PATH} PYTHONPATH=/home/ofird/bumperbot_ws/install/bumperbot_msgs/lib/python3.12/site-packages:${PYTHONPATH} /usr/bin/cmake --build /home/ofird/bumperbot_ws/build/bumperbot_cpp_examples -- -j8 -l8
[17.266s] Level 1:colcon.colcon_core.environment:checking '/home/ofird/bumperbot_ws/install/bumperbot_py_examples' for CMake module files
[17.268s] DEBUG:colcon.colcon_core.event_handler.log_command:Invoked command in '/home/ofird/bumperbot_ws/src/bumperbot_py_examples' returned '0': AMENT_PREFIX_PATH=/home/ofird/bumperbot_ws/install/bumperbot_msgs:${AMENT_PREFIX_PATH} CMAKE_PREFIX_PATH=/home/ofird/bumperbot_ws/install/bumperbot_msgs:${CMAKE_PREFIX_PATH} DEBUGINFOD_URLS=https://debuginfod.ubuntu.com LD_LIBRARY_PATH=/home/ofird/bumperbot_ws/install/bumperbot_msgs/lib:${LD_LIBRARY_PATH} PYTHONPATH=/home/ofird/bumperbot_ws/build/bumperbot_py_examples/prefix_override:/usr/lib/python3/dist-packages/colcon_core/task/python/colcon_distutils_commands:/home/ofird/bumperbot_ws/install/bumperbot_py_examples/lib/python3.12/site-packages:/home/ofird/bumperbot_ws/install/bumperbot_msgs/lib/python3.12/site-packages:${PYTHONPATH} /usr/bin/python3 -W ignore:setup.py install is deprecated -W ignore:easy_install command is deprecated setup.py egg_info --egg-base ../../build/bumperbot_py_examples build --build-base /home/ofird/bumperbot_ws/build/bumperbot_py_examples/build install --record /home/ofird/bumperbot_ws/build/bumperbot_py_examples/install.log --single-version-externally-managed install_data
[17.268s] Level 1:colcon.colcon_core.environment:checking '/home/ofird/bumperbot_ws/install/bumperbot_py_examples' for CMake config files
[17.269s] Level 1:colcon.colcon_core.environment:checking '/home/ofird/bumperbot_ws/install/bumperbot_py_examples/lib'
[17.269s] Level 1:colcon.colcon_core.environment:checking '/home/ofird/bumperbot_ws/install/bumperbot_py_examples/bin'
[17.270s] Level 1:colcon.colcon_core.environment:checking '/home/ofird/bumperbot_ws/install/bumperbot_py_examples/lib/pkgconfig/bumperbot_py_examples.pc'
[17.270s] Level 1:colcon.colcon_core.environment:checking '/home/ofird/bumperbot_ws/install/bumperbot_py_examples/lib/python3.12/site-packages'
[17.270s] Level 1:colcon.colcon_core.shell:create_environment_hook('bumperbot_py_examples', 'pythonpath')
[17.270s] INFO:colcon.colcon_core.shell:Creating environment hook '/home/ofird/bumperbot_ws/install/bumperbot_py_examples/share/bumperbot_py_examples/hook/pythonpath.ps1'
[17.271s] INFO:colcon.colcon_core.shell:Creating environment descriptor '/home/ofird/bumperbot_ws/install/bumperbot_py_examples/share/bumperbot_py_examples/hook/pythonpath.dsv'
[17.272s] INFO:colcon.colcon_core.shell:Creating environment hook '/home/ofird/bumperbot_ws/install/bumperbot_py_examples/share/bumperbot_py_examples/hook/pythonpath.sh'
[17.273s] Level 1:colcon.colcon_core.environment:checking '/home/ofird/bumperbot_ws/install/bumperbot_py_examples/bin'
[17.273s] Level 1:colcon.colcon_core.environment:create_environment_scripts_only(bumperbot_py_examples)
[17.273s] INFO:colcon.colcon_core.shell:Creating package script '/home/ofird/bumperbot_ws/install/bumperbot_py_examples/share/bumperbot_py_examples/package.ps1'
[17.274s] INFO:colcon.colcon_core.shell:Creating package descriptor '/home/ofird/bumperbot_ws/install/bumperbot_py_examples/share/bumperbot_py_examples/package.dsv'
[17.275s] INFO:colcon.colcon_core.shell:Creating package script '/home/ofird/bumperbot_ws/install/bumperbot_py_examples/share/bumperbot_py_examples/package.sh'
[17.275s] INFO:colcon.colcon_core.shell:Creating package script '/home/ofird/bumperbot_ws/install/bumperbot_py_examples/share/bumperbot_py_examples/package.bash'
[17.276s] INFO:colcon.colcon_core.shell:Creating package script '/home/ofird/bumperbot_ws/install/bumperbot_py_examples/share/bumperbot_py_examples/package.zsh'
[17.276s] Level 1:colcon.colcon_core.environment:create_file_with_runtime_dependencies(/home/ofird/bumperbot_ws/install/bumperbot_py_examples/share/colcon-core/packages/bumperbot_py_examples)
[25.778s] DEBUG:colcon.colcon_core.event_handler.log_command:Invoked command in '/home/ofird/bumperbot_ws/build/bumperbot_controller' returned '0': CMAKE_PREFIX_PATH=${CMAKE_PREFIX_PATH}:/opt/ros/jazzy DEBUGINFOD_URLS=https://debuginfod.ubuntu.com /usr/bin/cmake --build /home/ofird/bumperbot_ws/build/bumperbot_controller -- -j8 -l8
[25.781s] DEBUG:colcon.colcon_core.event_handler.log_command:Invoking command in '/home/ofird/bumperbot_ws/build/bumperbot_controller': CMAKE_PREFIX_PATH=${CMAKE_PREFIX_PATH}:/opt/ros/jazzy DEBUGINFOD_URLS=https://debuginfod.ubuntu.com /usr/bin/cmake --install /home/ofird/bumperbot_ws/build/bumperbot_controller
[26.059s] Level 1:colcon.colcon_core.environment:create_environment_scripts_only(bumperbot_controller)
[26.060s] Level 1:colcon.colcon_core.environment:checking '/home/ofird/bumperbot_ws/install/bumperbot_controller' for CMake module files
[26.061s] DEBUG:colcon.colcon_core.event_handler.log_command:Invoked command in '/home/ofird/bumperbot_ws/build/bumperbot_controller' returned '0': CMAKE_PREFIX_PATH=${CMAKE_PREFIX_PATH}:/opt/ros/jazzy DEBUGINFOD_URLS=https://debuginfod.ubuntu.com /usr/bin/cmake --install /home/ofird/bumperbot_ws/build/bumperbot_controller
[26.063s] Level 1:colcon.colcon_core.environment:checking '/home/ofird/bumperbot_ws/install/bumperbot_controller' for CMake config files
[26.064s] Level 1:colcon.colcon_core.shell:create_environment_hook('bumperbot_controller', 'cmake_prefix_path')
[26.065s] INFO:colcon.colcon_core.shell:Creating environment hook '/home/ofird/bumperbot_ws/install/bumperbot_controller/share/bumperbot_controller/hook/cmake_prefix_path.ps1'
[26.066s] INFO:colcon.colcon_core.shell:Creating environment descriptor '/home/ofird/bumperbot_ws/install/bumperbot_controller/share/bumperbot_controller/hook/cmake_prefix_path.dsv'
[26.067s] INFO:colcon.colcon_core.shell:Creating environment hook '/home/ofird/bumperbot_ws/install/bumperbot_controller/share/bumperbot_controller/hook/cmake_prefix_path.sh'
[26.069s] Level 1:colcon.colcon_core.environment:checking '/home/ofird/bumperbot_ws/install/bumperbot_controller/lib'
[26.069s] Level 1:colcon.colcon_core.environment:checking '/home/ofird/bumperbot_ws/install/bumperbot_controller/bin'
[26.070s] Level 1:colcon.colcon_core.environment:checking '/home/ofird/bumperbot_ws/install/bumperbot_controller/lib/pkgconfig/bumperbot_controller.pc'
[26.071s] Level 1:colcon.colcon_core.environment:checking '/home/ofird/bumperbot_ws/install/bumperbot_controller/lib/python3.12/site-packages'
[26.071s] Level 1:colcon.colcon_core.shell:create_environment_hook('bumperbot_controller', 'pythonpath')
[26.072s] INFO:colcon.colcon_core.shell:Creating environment hook '/home/ofird/bumperbot_ws/install/bumperbot_controller/share/bumperbot_controller/hook/pythonpath.ps1'
[26.073s] INFO:colcon.colcon_core.shell:Creating environment descriptor '/home/ofird/bumperbot_ws/install/bumperbot_controller/share/bumperbot_controller/hook/pythonpath.dsv'
[26.074s] INFO:colcon.colcon_core.shell:Creating environment hook '/home/ofird/bumperbot_ws/install/bumperbot_controller/share/bumperbot_controller/hook/pythonpath.sh'
[26.076s] Level 1:colcon.colcon_core.environment:checking '/home/ofird/bumperbot_ws/install/bumperbot_controller/bin'
[26.077s] INFO:colcon.colcon_core.shell:Creating package script '/home/ofird/bumperbot_ws/install/bumperbot_controller/share/bumperbot_controller/package.ps1'
[26.079s] INFO:colcon.colcon_core.shell:Creating package descriptor '/home/ofird/bumperbot_ws/install/bumperbot_controller/share/bumperbot_controller/package.dsv'
[26.080s] INFO:colcon.colcon_core.shell:Creating package script '/home/ofird/bumperbot_ws/install/bumperbot_controller/share/bumperbot_controller/package.sh'
[26.082s] INFO:colcon.colcon_core.shell:Creating package script '/home/ofird/bumperbot_ws/install/bumperbot_controller/share/bumperbot_controller/package.bash'
[26.083s] INFO:colcon.colcon_core.shell:Creating package script '/home/ofird/bumperbot_ws/install/bumperbot_controller/share/bumperbot_controller/package.zsh'
[26.085s] Level 1:colcon.colcon_core.environment:create_file_with_runtime_dependencies(/home/ofird/bumperbot_ws/install/bumperbot_controller/share/colcon-core/packages/bumperbot_controller)
[26.086s] Level 1:colcon.colcon_core.environment:create_environment_scripts_only(bumperbot_controller)
[26.087s] Level 1:colcon.colcon_core.environment:checking '/home/ofird/bumperbot_ws/install/bumperbot_controller' for CMake module files
[26.093s] Level 1:colcon.colcon_core.environment:checking '/home/ofird/bumperbot_ws/install/bumperbot_controller' for CMake config files
[26.094s] Level 1:colcon.colcon_core.shell:create_environment_hook('bumperbot_controller', 'cmake_prefix_path')
[26.095s] INFO:colcon.colcon_core.shell:Creating environment hook '/home/ofird/bumperbot_ws/install/bumperbot_controller/share/bumperbot_controller/hook/cmake_prefix_path.ps1'
[26.101s] INFO:colcon.colcon_core.shell:Creating environment descriptor '/home/ofird/bumperbot_ws/install/bumperbot_controller/share/bumperbot_controller/hook/cmake_prefix_path.dsv'
[26.103s] INFO:colcon.colcon_core.shell:Creating environment hook '/home/ofird/bumperbot_ws/install/bumperbot_controller/share/bumperbot_controller/hook/cmake_prefix_path.sh'
[26.105s] Level 1:colcon.colcon_core.environment:checking '/home/ofird/bumperbot_ws/install/bumperbot_controller/lib'
[26.106s] Level 1:colcon.colcon_core.environment:checking '/home/ofird/bumperbot_ws/install/bumperbot_controller/bin'
[26.106s] Level 1:colcon.colcon_core.environment:checking '/home/ofird/bumperbot_ws/install/bumperbot_controller/lib/pkgconfig/bumperbot_controller.pc'
[26.107s] Level 1:colcon.colcon_core.environment:checking '/home/ofird/bumperbot_ws/install/bumperbot_controller/lib/python3.12/site-packages'
[26.108s] Level 1:colcon.colcon_core.shell:create_environment_hook('bumperbot_controller', 'pythonpath')
[26.108s] INFO:colcon.colcon_core.shell:Creating environment hook '/home/ofird/bumperbot_ws/install/bumperbot_controller/share/bumperbot_controller/hook/pythonpath.ps1'
[26.111s] INFO:colcon.colcon_core.shell:Creating environment descriptor '/home/ofird/bumperbot_ws/install/bumperbot_controller/share/bumperbot_controller/hook/pythonpath.dsv'
[26.112s] INFO:colcon.colcon_core.shell:Creating environment hook '/home/ofird/bumperbot_ws/install/bumperbot_controller/share/bumperbot_controller/hook/pythonpath.sh'
[26.114s] Level 1:colcon.colcon_core.environment:checking '/home/ofird/bumperbot_ws/install/bumperbot_controller/bin'
[26.115s] INFO:colcon.colcon_core.shell:Creating package script '/home/ofird/bumperbot_ws/install/bumperbot_controller/share/bumperbot_controller/package.ps1'
[26.118s] INFO:colcon.colcon_core.shell:Creating package descriptor '/home/ofird/bumperbot_ws/install/bumperbot_controller/share/bumperbot_controller/package.dsv'
[26.120s] INFO:colcon.colcon_core.shell:Creating package script '/home/ofird/bumperbot_ws/install/bumperbot_controller/share/bumperbot_controller/package.sh'
[26.122s] INFO:colcon.colcon_core.shell:Creating package script '/home/ofird/bumperbot_ws/install/bumperbot_controller/share/bumperbot_controller/package.bash'
[26.123s] INFO:colcon.colcon_core.shell:Creating package script '/home/ofird/bumperbot_ws/install/bumperbot_controller/share/bumperbot_controller/package.zsh'
[26.125s] Level 1:colcon.colcon_core.environment:create_file_with_runtime_dependencies(/home/ofird/bumperbot_ws/install/bumperbot_controller/share/colcon-core/packages/bumperbot_controller)
[38.668s] DEBUG:colcon.colcon_core.event_handler.log_command:Invoked command in '/home/ofird/bumperbot_ws/build/bumperbot_cpp_examples' returned '0': AMENT_PREFIX_PATH=/home/ofird/bumperbot_ws/install/bumperbot_msgs:${AMENT_PREFIX_PATH} CMAKE_PREFIX_PATH=/home/ofird/bumperbot_ws/install/bumperbot_msgs:/opt/ros/jazzy/opt/gz_launch_vendor:/opt/ros/jazzy/opt/gz_sim_vendor:/opt/ros/jazzy/opt/gz_sensors_vendor:/opt/ros/jazzy/opt/gz_physics_vendor:/opt/ros/jazzy/opt/sdformat_vendor:/opt/ros/jazzy/opt/gz_gui_vendor:/opt/ros/jazzy/opt/gz_transport_vendor:/opt/ros/jazzy/opt/gz_rendering_vendor:/opt/ros/jazzy/opt/gz_plugin_vendor:/opt/ros/jazzy/opt/gz_fuel_tools_vendor:/opt/ros/jazzy/opt/gz_msgs_vendor:/opt/ros/jazzy/opt/gz_common_vendor:/opt/ros/jazzy/opt/gz_math_vendor:/opt/ros/jazzy/opt/gz_utils_vendor:/opt/ros/jazzy/opt/gz_tools_vendor:/opt/ros/jazzy/opt/gz_ogre_next_vendor:/opt/ros/jazzy/opt/gz_dartsim_vendor:/opt/ros/jazzy/opt/gz_cmake_vendor:/opt/ros/jazzy DEBUGINFOD_URLS=https://debuginfod.ubuntu.com LD_LIBRARY_PATH=/home/ofird/bumperbot_ws/install/bumperbot_msgs/lib:${LD_LIBRARY_PATH} PYTHONPATH=/home/ofird/bumperbot_ws/install/bumperbot_msgs/lib/python3.12/site-packages:${PYTHONPATH} /usr/bin/cmake --build /home/ofird/bumperbot_ws/build/bumperbot_cpp_examples -- -j8 -l8
[38.670s] DEBUG:colcon.colcon_core.event_handler.log_command:Invoking command in '/home/ofird/bumperbot_ws/build/bumperbot_cpp_examples': AMENT_PREFIX_PATH=/home/ofird/bumperbot_ws/install/bumperbot_msgs:${AMENT_PREFIX_PATH} CMAKE_PREFIX_PATH=/home/ofird/bumperbot_ws/install/bumperbot_msgs:/opt/ros/jazzy/opt/gz_launch_vendor:/opt/ros/jazzy/opt/gz_sim_vendor:/opt/ros/jazzy/opt/gz_sensors_vendor:/opt/ros/jazzy/opt/gz_physics_vendor:/opt/ros/jazzy/opt/sdformat_vendor:/opt/ros/jazzy/opt/gz_gui_vendor:/opt/ros/jazzy/opt/gz_transport_vendor:/opt/ros/jazzy/opt/gz_rendering_vendor:/opt/ros/jazzy/opt/gz_plugin_vendor:/opt/ros/jazzy/opt/gz_fuel_tools_vendor:/opt/ros/jazzy/opt/gz_msgs_vendor:/opt/ros/jazzy/opt/gz_common_vendor:/opt/ros/jazzy/opt/gz_math_vendor:/opt/ros/jazzy/opt/gz_utils_vendor:/opt/ros/jazzy/opt/gz_tools_vendor:/opt/ros/jazzy/opt/gz_ogre_next_vendor:/opt/ros/jazzy/opt/gz_dartsim_vendor:/opt/ros/jazzy/opt/gz_cmake_vendor:/opt/ros/jazzy DEBUGINFOD_URLS=https://debuginfod.ubuntu.com LD_LIBRARY_PATH=/home/ofird/bumperbot_ws/install/bumperbot_msgs/lib:${LD_LIBRARY_PATH} PYTHONPATH=/home/ofird/bumperbot_ws/install/bumperbot_msgs/lib/python3.12/site-packages:${PYTHONPATH} /usr/bin/cmake --install /home/ofird/bumperbot_ws/build/bumperbot_cpp_examples
[38.704s] Level 1:colcon.colcon_core.environment:create_environment_scripts_only(bumperbot_cpp_examples)
[38.705s] Level 1:colcon.colcon_core.environment:checking '/home/ofird/bumperbot_ws/install/bumperbot_cpp_examples' for CMake module files
[38.705s] DEBUG:colcon.colcon_core.event_handler.log_command:Invoked command in '/home/ofird/bumperbot_ws/build/bumperbot_cpp_examples' returned '0': AMENT_PREFIX_PATH=/home/ofird/bumperbot_ws/install/bumperbot_msgs:${AMENT_PREFIX_PATH} CMAKE_PREFIX_PATH=/home/ofird/bumperbot_ws/install/bumperbot_msgs:/opt/ros/jazzy/opt/gz_launch_vendor:/opt/ros/jazzy/opt/gz_sim_vendor:/opt/ros/jazzy/opt/gz_sensors_vendor:/opt/ros/jazzy/opt/gz_physics_vendor:/opt/ros/jazzy/opt/sdformat_vendor:/opt/ros/jazzy/opt/gz_gui_vendor:/opt/ros/jazzy/opt/gz_transport_vendor:/opt/ros/jazzy/opt/gz_rendering_vendor:/opt/ros/jazzy/opt/gz_plugin_vendor:/opt/ros/jazzy/opt/gz_fuel_tools_vendor:/opt/ros/jazzy/opt/gz_msgs_vendor:/opt/ros/jazzy/opt/gz_common_vendor:/opt/ros/jazzy/opt/gz_math_vendor:/opt/ros/jazzy/opt/gz_utils_vendor:/opt/ros/jazzy/opt/gz_tools_vendor:/opt/ros/jazzy/opt/gz_ogre_next_vendor:/opt/ros/jazzy/opt/gz_dartsim_vendor:/opt/ros/jazzy/opt/gz_cmake_vendor:/opt/ros/jazzy DEBUGINFOD_URLS=https://debuginfod.ubuntu.com LD_LIBRARY_PATH=/home/ofird/bumperbot_ws/install/bumperbot_msgs/lib:${LD_LIBRARY_PATH} PYTHONPATH=/home/ofird/bumperbot_ws/install/bumperbot_msgs/lib/python3.12/site-packages:${PYTHONPATH} /usr/bin/cmake --install /home/ofird/bumperbot_ws/build/bumperbot_cpp_examples
[38.706s] Level 1:colcon.colcon_core.environment:checking '/home/ofird/bumperbot_ws/install/bumperbot_cpp_examples' for CMake config files
[38.706s] Level 1:colcon.colcon_core.shell:create_environment_hook('bumperbot_cpp_examples', 'cmake_prefix_path')
[38.707s] INFO:colcon.colcon_core.shell:Creating environment hook '/home/ofird/bumperbot_ws/install/bumperbot_cpp_examples/share/bumperbot_cpp_examples/hook/cmake_prefix_path.ps1'
[38.707s] INFO:colcon.colcon_core.shell:Creating environment descriptor '/home/ofird/bumperbot_ws/install/bumperbot_cpp_examples/share/bumperbot_cpp_examples/hook/cmake_prefix_path.dsv'
[38.708s] INFO:colcon.colcon_core.shell:Creating environment hook '/home/ofird/bumperbot_ws/install/bumperbot_cpp_examples/share/bumperbot_cpp_examples/hook/cmake_prefix_path.sh'
[38.709s] Level 1:colcon.colcon_core.environment:checking '/home/ofird/bumperbot_ws/install/bumperbot_cpp_examples/lib'
[38.710s] Level 1:colcon.colcon_core.environment:checking '/home/ofird/bumperbot_ws/install/bumperbot_cpp_examples/bin'
[38.710s] Level 1:colcon.colcon_core.environment:checking '/home/ofird/bumperbot_ws/install/bumperbot_cpp_examples/lib/pkgconfig/bumperbot_cpp_examples.pc'
[38.711s] Level 1:colcon.colcon_core.environment:checking '/home/ofird/bumperbot_ws/install/bumperbot_cpp_examples/lib/python3.12/site-packages'
[38.711s] Level 1:colcon.colcon_core.environment:checking '/home/ofird/bumperbot_ws/install/bumperbot_cpp_examples/bin'
[38.712s] INFO:colcon.colcon_core.shell:Creating package script '/home/ofird/bumperbot_ws/install/bumperbot_cpp_examples/share/bumperbot_cpp_examples/package.ps1'
[38.713s] INFO:colcon.colcon_core.shell:Creating package descriptor '/home/ofird/bumperbot_ws/install/bumperbot_cpp_examples/share/bumperbot_cpp_examples/package.dsv'
[38.714s] INFO:colcon.colcon_core.shell:Creating package script '/home/ofird/bumperbot_ws/install/bumperbot_cpp_examples/share/bumperbot_cpp_examples/package.sh'
[38.715s] INFO:colcon.colcon_core.shell:Creating package script '/home/ofird/bumperbot_ws/install/bumperbot_cpp_examples/share/bumperbot_cpp_examples/package.bash'
[38.716s] INFO:colcon.colcon_core.shell:Creating package script '/home/ofird/bumperbot_ws/install/bumperbot_cpp_examples/share/bumperbot_cpp_examples/package.zsh'
[38.716s] Level 1:colcon.colcon_core.environment:create_file_with_runtime_dependencies(/home/ofird/bumperbot_ws/install/bumperbot_cpp_examples/share/colcon-core/packages/bumperbot_cpp_examples)
[38.717s] Level 1:colcon.colcon_core.environment:create_environment_scripts_only(bumperbot_cpp_examples)
[38.717s] Level 1:colcon.colcon_core.environment:checking '/home/ofird/bumperbot_ws/install/bumperbot_cpp_examples' for CMake module files
[38.718s] Level 1:colcon.colcon_core.environment:checking '/home/ofird/bumperbot_ws/install/bumperbot_cpp_examples' for CMake config files
[38.718s] Level 1:colcon.colcon_core.shell:create_environment_hook('bumperbot_cpp_examples', 'cmake_prefix_path')
[38.718s] INFO:colcon.colcon_core.shell:Creating environment hook '/home/ofird/bumperbot_ws/install/bumperbot_cpp_examples/share/bumperbot_cpp_examples/hook/cmake_prefix_path.ps1'
[38.719s] INFO:colcon.colcon_core.shell:Creating environment descriptor '/home/ofird/bumperbot_ws/install/bumperbot_cpp_examples/share/bumperbot_cpp_examples/hook/cmake_prefix_path.dsv'
[38.719s] INFO:colcon.colcon_core.shell:Creating environment hook '/home/ofird/bumperbot_ws/install/bumperbot_cpp_examples/share/bumperbot_cpp_examples/hook/cmake_prefix_path.sh'
[38.720s] Level 1:colcon.colcon_core.environment:checking '/home/ofird/bumperbot_ws/install/bumperbot_cpp_examples/lib'
[38.720s] Level 1:colcon.colcon_core.environment:checking '/home/ofird/bumperbot_ws/install/bumperbot_cpp_examples/bin'
[38.720s] Level 1:colcon.colcon_core.environment:checking '/home/ofird/bumperbot_ws/install/bumperbot_cpp_examples/lib/pkgconfig/bumperbot_cpp_examples.pc'
[38.721s] Level 1:colcon.colcon_core.environment:checking '/home/ofird/bumperbot_ws/install/bumperbot_cpp_examples/lib/python3.12/site-packages'
[38.721s] Level 1:colcon.colcon_core.environment:checking '/home/ofird/bumperbot_ws/install/bumperbot_cpp_examples/bin'
[38.721s] INFO:colcon.colcon_core.shell:Creating package script '/home/ofird/bumperbot_ws/install/bumperbot_cpp_examples/share/bumperbot_cpp_examples/package.ps1'
[38.722s] INFO:colcon.colcon_core.shell:Creating package descriptor '/home/ofird/bumperbot_ws/install/bumperbot_cpp_examples/share/bumperbot_cpp_examples/package.dsv'
[38.723s] INFO:colcon.colcon_core.shell:Creating package script '/home/ofird/bumperbot_ws/install/bumperbot_cpp_examples/share/bumperbot_cpp_examples/package.sh'
[38.723s] INFO:colcon.colcon_core.shell:Creating package script '/home/ofird/bumperbot_ws/install/bumperbot_cpp_examples/share/bumperbot_cpp_examples/package.bash'
[38.724s] INFO:colcon.colcon_core.shell:Creating package script '/home/ofird/bumperbot_ws/install/bumperbot_cpp_examples/share/bumperbot_cpp_examples/package.zsh'
[38.724s] Level 1:colcon.colcon_core.environment:create_file_with_runtime_dependencies(/home/ofird/bumperbot_ws/install/bumperbot_cpp_examples/share/colcon-core/packages/bumperbot_cpp_examples)
[38.725s] DEBUG:colcon.colcon_parallel_executor.executor.parallel:closing loop
[38.725s] DEBUG:colcon.colcon_parallel_executor.executor.parallel:loop closed
[38.725s] DEBUG:colcon.colcon_parallel_executor.executor.parallel:run_until_complete finished with '0'
[38.725s] DEBUG:colcon.colcon_core.event_reactor:joining thread
[38.734s] INFO:colcon.colcon_core.plugin_system:Skipping extension 'colcon_notification.desktop_notification.terminal_notifier': Not used on non-Darwin systems
[38.734s] INFO:colcon.colcon_core.plugin_system:Skipping extension 'colcon_notification.desktop_notification.win32': Not used on non-Windows systems
[38.735s] INFO:colcon.colcon_notification.desktop_notification:Sending desktop notification using 'notify2'
[38.755s] DEBUG:colcon.colcon_core.event_reactor:joined thread
[38.755s] INFO:colcon.colcon_core.shell:Creating prefix script '/home/ofird/bumperbot_ws/install/local_setup.ps1'
[38.756s] INFO:colcon.colcon_core.shell:Creating prefix util module '/home/ofird/bumperbot_ws/install/_local_setup_util_ps1.py'
[38.758s] INFO:colcon.colcon_core.shell:Creating prefix chain script '/home/ofird/bumperbot_ws/install/setup.ps1'
[38.759s] INFO:colcon.colcon_core.shell:Creating prefix script '/home/ofird/bumperbot_ws/install/local_setup.sh'
[38.760s] INFO:colcon.colcon_core.shell:Creating prefix util module '/home/ofird/bumperbot_ws/install/_local_setup_util_sh.py'
[38.761s] INFO:colcon.colcon_core.shell:Creating prefix chain script '/home/ofird/bumperbot_ws/install/setup.sh'
[38.763s] INFO:colcon.colcon_core.shell:Creating prefix script '/home/ofird/bumperbot_ws/install/local_setup.bash'
[38.764s] INFO:colcon.colcon_core.shell:Creating prefix chain script '/home/ofird/bumperbot_ws/install/setup.bash'
[38.765s] INFO:colcon.colcon_core.shell:Creating prefix script '/home/ofird/bumperbot_ws/install/local_setup.zsh'
[38.765s] INFO:colcon.colcon_core.shell:Creating prefix chain script '/home/ofird/bumperbot_ws/install/setup.zsh'
