[0.027s] Invoking command in '/home/ofird/bumperbot_ws/build/bumperbot_controller': CMAKE_PREFIX_PATH=${CMAKE_PREFIX_PATH}:/opt/ros/jazzy DEBUGINFOD_URLS=https://debuginfod.ubuntu.com /usr/bin/cmake --build /home/ofird/bumperbot_ws/build/bumperbot_controller -- -j8 -l8
[0.164s] [  0%] Built target ament_cmake_python_copy_bumperbot_controller
[0.179s] [100%] Built target simple_controller
[0.892s] running egg_info
[0.955s] writing bumperbot_controller.egg-info/PKG-INFO
[0.956s] writing dependency_links to bumperbot_controller.egg-info/dependency_links.txt
[0.956s] writing top-level names to bumperbot_controller.egg-info/top_level.txt
[1.100s] reading manifest file 'bumperbot_controller.egg-info/SOURCES.txt'
[1.101s] writing manifest file 'bumperbot_controller.egg-info/SOURCES.txt'
[1.158s] [100%] Built target ament_cmake_python_build_bumperbot_controller_egg
[1.178s] Invoked command in '/home/ofird/bumperbot_ws/build/bumperbot_controller' returned '0': CMAKE_PREFIX_PATH=${CMAKE_PREFIX_PATH}:/opt/ros/jazzy DEBUGINFOD_URLS=https://debuginfod.ubuntu.com /usr/bin/cmake --build /home/ofird/bumperbot_ws/build/bumperbot_controller -- -j8 -l8
[1.181s] Invoking command in '/home/ofird/bumperbot_ws/build/bumperbot_controller': CMAKE_PREFIX_PATH=${CMAKE_PREFIX_PATH}:/opt/ros/jazzy DEBUGINFOD_URLS=https://debuginfod.ubuntu.com /usr/bin/cmake --install /home/ofird/bumperbot_ws/build/bumperbot_controller
[1.195s] -- Install configuration: ""
[1.195s] -- Up-to-date: /home/ofird/bumperbot_ws/install/bumperbot_controller/share/bumperbot_controller/environment/pythonpath.sh
[1.196s] -- Up-to-date: /home/ofird/bumperbot_ws/install/bumperbot_controller/share/bumperbot_controller/environment/pythonpath.dsv
[1.196s] -- Up-to-date: /home/ofird/bumperbot_ws/install/bumperbot_controller/lib/python3.12/site-packages/bumperbot_controller-0.0.0-py3.12.egg-info
[1.196s] -- Installing: /home/ofird/bumperbot_ws/install/bumperbot_controller/lib/python3.12/site-packages/bumperbot_controller-0.0.0-py3.12.egg-info/top_level.txt
[1.197s] -- Installing: /home/ofird/bumperbot_ws/install/bumperbot_controller/lib/python3.12/site-packages/bumperbot_controller-0.0.0-py3.12.egg-info/SOURCES.txt
[1.197s] -- Installing: /home/ofird/bumperbot_ws/install/bumperbot_controller/lib/python3.12/site-packages/bumperbot_controller-0.0.0-py3.12.egg-info/PKG-INFO
[1.197s] -- Installing: /home/ofird/bumperbot_ws/install/bumperbot_controller/lib/python3.12/site-packages/bumperbot_controller-0.0.0-py3.12.egg-info/dependency_links.txt
[1.198s] -- Up-to-date: /home/ofird/bumperbot_ws/install/bumperbot_controller/lib/python3.12/site-packages/bumperbot_controller
[1.198s] -- Up-to-date: /home/ofird/bumperbot_ws/install/bumperbot_controller/lib/python3.12/site-packages/bumperbot_controller/__init__.py
[1.198s] -- Up-to-date: /home/ofird/bumperbot_ws/install/bumperbot_controller/lib/python3.12/site-packages/bumperbot_controller/simple_controller.py
[1.280s] Listing '/home/ofird/bumperbot_ws/install/bumperbot_controller/lib/python3.12/site-packages/bumperbot_controller'...
[1.292s] -- Up-to-date: /home/ofird/bumperbot_ws/install/bumperbot_controller/include/include
[1.293s] -- Up-to-date: /home/ofird/bumperbot_ws/install/bumperbot_controller/include/include/bumperbot_controller
[1.293s] -- Up-to-date: /home/ofird/bumperbot_ws/install/bumperbot_controller/include/include/bumperbot_controller/simple_controller.hpp
[1.294s] -- Up-to-date: /home/ofird/bumperbot_ws/install/bumperbot_controller/lib/bumperbot_controller/simple_controller
[1.294s] -- Up-to-date: /home/ofird/bumperbot_ws/install/bumperbot_controller/share/bumperbot_controller/launch
[1.295s] -- Up-to-date: /home/ofird/bumperbot_ws/install/bumperbot_controller/share/bumperbot_controller/launch/joystick_teleop.launch.py
[1.295s] -- Installing: /home/ofird/bumperbot_ws/install/bumperbot_controller/share/bumperbot_controller/launch/controller.launch.py
[1.295s] -- Up-to-date: /home/ofird/bumperbot_ws/install/bumperbot_controller/share/bumperbot_controller/config
[1.296s] -- Up-to-date: /home/ofird/bumperbot_ws/install/bumperbot_controller/share/bumperbot_controller/config/bumperbot_controllers.yaml
[1.296s] -- Up-to-date: /home/ofird/bumperbot_ws/install/bumperbot_controller/share/bumperbot_controller/config/joy_teleop.yaml
[1.296s] -- Up-to-date: /home/ofird/bumperbot_ws/install/bumperbot_controller/share/bumperbot_controller/config/joy_config.yaml
[1.297s] -- Up-to-date: /home/ofird/bumperbot_ws/install/bumperbot_controller/lib/bumperbot_controller/simple_controller.py
[1.297s] -- Up-to-date: /home/ofird/bumperbot_ws/install/bumperbot_controller/share/ament_index/resource_index/package_run_dependencies/bumperbot_controller
[1.297s] -- Up-to-date: /home/ofird/bumperbot_ws/install/bumperbot_controller/share/ament_index/resource_index/parent_prefix_path/bumperbot_controller
[1.298s] -- Up-to-date: /home/ofird/bumperbot_ws/install/bumperbot_controller/share/bumperbot_controller/environment/ament_prefix_path.sh
[1.298s] -- Up-to-date: /home/ofird/bumperbot_ws/install/bumperbot_controller/share/bumperbot_controller/environment/ament_prefix_path.dsv
[1.299s] -- Up-to-date: /home/ofird/bumperbot_ws/install/bumperbot_controller/share/bumperbot_controller/environment/path.sh
[1.299s] -- Up-to-date: /home/ofird/bumperbot_ws/install/bumperbot_controller/share/bumperbot_controller/environment/path.dsv
[1.299s] -- Up-to-date: /home/ofird/bumperbot_ws/install/bumperbot_controller/share/bumperbot_controller/local_setup.bash
[1.300s] -- Up-to-date: /home/ofird/bumperbot_ws/install/bumperbot_controller/share/bumperbot_controller/local_setup.sh
[1.300s] -- Up-to-date: /home/ofird/bumperbot_ws/install/bumperbot_controller/share/bumperbot_controller/local_setup.zsh
[1.300s] -- Up-to-date: /home/ofird/bumperbot_ws/install/bumperbot_controller/share/bumperbot_controller/local_setup.dsv
[1.300s] -- Installing: /home/ofird/bumperbot_ws/install/bumperbot_controller/share/bumperbot_controller/package.dsv
[1.301s] -- Up-to-date: /home/ofird/bumperbot_ws/install/bumperbot_controller/share/ament_index/resource_index/packages/bumperbot_controller
[1.301s] -- Up-to-date: /home/ofird/bumperbot_ws/install/bumperbot_controller/share/bumperbot_controller/cmake/bumperbot_controllerConfig.cmake
[1.301s] -- Up-to-date: /home/ofird/bumperbot_ws/install/bumperbot_controller/share/bumperbot_controller/cmake/bumperbot_controllerConfig-version.cmake
[1.301s] -- Up-to-date: /home/ofird/bumperbot_ws/install/bumperbot_controller/share/bumperbot_controller/package.xml
[1.304s] Invoked command in '/home/ofird/bumperbot_ws/build/bumperbot_controller' returned '0': CMAKE_PREFIX_PATH=${CMAKE_PREFIX_PATH}:/opt/ros/jazzy DEBUGINFOD_URLS=https://debuginfod.ubuntu.com /usr/bin/cmake --install /home/ofird/bumperbot_ws/build/bumperbot_controller
